[0.368s] DEBUG:colcon:Command line arguments: ['/usr/bin/colcon', 'build', '--event-handlers', 'console_direct+']
[0.368s] DEBUG:colcon:Parsed command line arguments: Namespace(ament_cmake_args=None, base_paths=['.'], build_base='build', catkin_cmake_args=None, catkin_skip_building_tests=False, cmake_args=None, cmake_clean_cache=False, cmake_clean_first=False, cmake_force_configure=False, cmake_target=None, cmake_target_skip_unavailable=False, continue_on_error=False, event_handlers=['console_direct+'], executor='parallel', ignore_user_meta=False, install_base='install', log_base=None, log_level=None, main=<bound method BuildVerb.main of <colcon_core.verb.build.BuildVerb object at 0x7fb8d22e41f0>>, merge_install=False, metas=['./colcon.meta'], mixin=None, mixin_files=None, mixin_verb=('build',), packages_above=None, packages_above_and_dependencies=None, packages_above_depth=None, packages_end=None, packages_ignore=None, packages_ignore_regex=None, packages_select=None, packages_select_build_failed=False, packages_select_by_dep=None, packages_select_regex=None, packages_select_test_failures=False, packages_skip=None, packages_skip_build_finished=False, packages_skip_by_dep=None, packages_skip_regex=None, packages_skip_test_passed=False, packages_skip_up_to=None, packages_start=None, packages_up_to=None, packages_up_to_regex=None, parallel_workers=1, paths=None, symlink_install=False, test_result_base=None, verb_extension=<colcon_core.verb.build.BuildVerb object at 0x7fb8d22e41f0>, verb_name='build', verb_parser=<colcon_mixin.mixin.mixin_argument.MixinArgumentDecorator object at 0x7fb8d22e4850>)
[0.418s] Level 1:colcon.colcon_core.package_discovery:discover_packages(colcon_meta) check parameters
[0.420s] INFO:colcon.colcon_metadata.package_discovery.colcon_meta:Using configuration from '/root/.colcon/metadata/default/Gazebo.meta'
[0.421s] INFO:colcon.colcon_metadata.package_discovery.colcon_meta:Using configuration from '/root/.colcon/metadata/default/fastrtps.meta'
[0.422s] Level 1:colcon.colcon_core.package_discovery:discover_packages(recursive) check parameters
[0.422s] Level 1:colcon.colcon_core.package_discovery:discover_packages(ignore) check parameters
[0.422s] Level 1:colcon.colcon_core.package_discovery:discover_packages(path) check parameters
[0.422s] Level 1:colcon.colcon_core.package_discovery:discover_packages(colcon_meta) discover
[0.422s] Level 1:colcon.colcon_core.package_discovery:discover_packages(recursive) discover
[0.423s] INFO:colcon.colcon_core.package_discovery:Crawling recursively for packages in '/colcon_ws'
[0.424s] Level 1:colcon.colcon_core.package_identification:_identify(.) by extensions ['ignore', 'ignore_ament_install']
[0.425s] Level 1:colcon.colcon_core.package_identification:_identify(.) by extension 'ignore'
[0.425s] Level 1:colcon.colcon_core.package_identification:_identify(.) by extension 'ignore_ament_install'
[0.426s] Level 1:colcon.colcon_core.package_identification:_identify(.) by extensions ['colcon_pkg']
[0.426s] Level 1:colcon.colcon_core.package_identification:_identify(.) by extension 'colcon_pkg'
[0.426s] Level 1:colcon.colcon_core.package_identification:_identify(.) by extensions ['colcon_meta']
[0.426s] Level 1:colcon.colcon_core.package_identification:_identify(.) by extension 'colcon_meta'
[0.426s] Level 1:colcon.colcon_core.package_identification:_identify(.) by extensions ['ros']
[0.426s] Level 1:colcon.colcon_core.package_identification:_identify(.) by extension 'ros'
[0.449s] Level 1:colcon.colcon_core.package_identification:_identify(.) by extensions ['cmake', 'python']
[0.450s] Level 1:colcon.colcon_core.package_identification:_identify(.) by extension 'cmake'
[0.450s] Level 1:colcon.colcon_core.package_identification:_identify(.) by extension 'python'
[0.450s] Level 1:colcon.colcon_core.package_identification:_identify(.) by extensions ['python_setup_py']
[0.451s] Level 1:colcon.colcon_core.package_identification:_identify(.) by extension 'python_setup_py'
[0.452s] Level 1:colcon.colcon_core.package_identification:_identify(build) by extensions ['ignore', 'ignore_ament_install']
[0.453s] Level 1:colcon.colcon_core.package_identification:_identify(build) by extension 'ignore'
[0.453s] Level 1:colcon.colcon_core.package_identification:_identify(build) ignored
[0.455s] Level 1:colcon.colcon_core.package_identification:_identify(docs) by extensions ['ignore', 'ignore_ament_install']
[0.455s] Level 1:colcon.colcon_core.package_identification:_identify(docs) by extension 'ignore'
[0.455s] Level 1:colcon.colcon_core.package_identification:_identify(docs) by extension 'ignore_ament_install'
[0.456s] Level 1:colcon.colcon_core.package_identification:_identify(docs) by extensions ['colcon_pkg']
[0.456s] Level 1:colcon.colcon_core.package_identification:_identify(docs) by extension 'colcon_pkg'
[0.457s] Level 1:colcon.colcon_core.package_identification:_identify(docs) by extensions ['colcon_meta']
[0.457s] Level 1:colcon.colcon_core.package_identification:_identify(docs) by extension 'colcon_meta'
[0.457s] Level 1:colcon.colcon_core.package_identification:_identify(docs) by extensions ['ros']
[0.458s] Level 1:colcon.colcon_core.package_identification:_identify(docs) by extension 'ros'
[0.459s] Level 1:colcon.colcon_core.package_identification:_identify(docs) by extensions ['cmake', 'python']
[0.459s] Level 1:colcon.colcon_core.package_identification:_identify(docs) by extension 'cmake'
[0.460s] Level 1:colcon.colcon_core.package_identification:_identify(docs) by extension 'python'
[0.460s] Level 1:colcon.colcon_core.package_identification:_identify(docs) by extensions ['python_setup_py']
[0.460s] Level 1:colcon.colcon_core.package_identification:_identify(docs) by extension 'python_setup_py'
[0.462s] Level 1:colcon.colcon_core.package_identification:_identify(install) by extensions ['ignore', 'ignore_ament_install']
[0.462s] Level 1:colcon.colcon_core.package_identification:_identify(install) by extension 'ignore'
[0.463s] Level 1:colcon.colcon_core.package_identification:_identify(install) ignored
[0.464s] Level 1:colcon.colcon_core.package_identification:_identify(log) by extensions ['ignore', 'ignore_ament_install']
[0.465s] Level 1:colcon.colcon_core.package_identification:_identify(log) by extension 'ignore'
[0.465s] Level 1:colcon.colcon_core.package_identification:_identify(log) ignored
[0.467s] Level 1:colcon.colcon_core.package_identification:_identify(src) by extensions ['ignore', 'ignore_ament_install']
[0.467s] Level 1:colcon.colcon_core.package_identification:_identify(src) by extension 'ignore'
[0.468s] Level 1:colcon.colcon_core.package_identification:_identify(src) by extension 'ignore_ament_install'
[0.468s] Level 1:colcon.colcon_core.package_identification:_identify(src) by extensions ['colcon_pkg']
[0.468s] Level 1:colcon.colcon_core.package_identification:_identify(src) by extension 'colcon_pkg'
[0.469s] Level 1:colcon.colcon_core.package_identification:_identify(src) by extensions ['colcon_meta']
[0.469s] Level 1:colcon.colcon_core.package_identification:_identify(src) by extension 'colcon_meta'
[0.470s] Level 1:colcon.colcon_core.package_identification:_identify(src) by extensions ['ros']
[0.470s] Level 1:colcon.colcon_core.package_identification:_identify(src) by extension 'ros'
[0.471s] Level 1:colcon.colcon_core.package_identification:_identify(src) by extensions ['cmake', 'python']
[0.471s] Level 1:colcon.colcon_core.package_identification:_identify(src) by extension 'cmake'
[0.472s] Level 1:colcon.colcon_core.package_identification:_identify(src) by extension 'python'
[0.472s] Level 1:colcon.colcon_core.package_identification:_identify(src) by extensions ['python_setup_py']
[0.473s] Level 1:colcon.colcon_core.package_identification:_identify(src) by extension 'python_setup_py'
[0.475s] Level 1:colcon.colcon_core.package_identification:_identify(src/composition) by extensions ['ignore', 'ignore_ament_install']
[0.475s] Level 1:colcon.colcon_core.package_identification:_identify(src/composition) by extension 'ignore'
[0.476s] Level 1:colcon.colcon_core.package_identification:_identify(src/composition) by extension 'ignore_ament_install'
[0.477s] Level 1:colcon.colcon_core.package_identification:_identify(src/composition) by extensions ['colcon_pkg']
[0.478s] Level 1:colcon.colcon_core.package_identification:_identify(src/composition) by extension 'colcon_pkg'
[0.478s] Level 1:colcon.colcon_core.package_identification:_identify(src/composition) by extensions ['colcon_meta']
[0.479s] Level 1:colcon.colcon_core.package_identification:_identify(src/composition) by extension 'colcon_meta'
[0.480s] Level 1:colcon.colcon_core.package_identification:_identify(src/composition) by extensions ['ros']
[0.480s] Level 1:colcon.colcon_core.package_identification:_identify(src/composition) by extension 'ros'
[0.490s] DEBUG:colcon.colcon_core.package_identification:Package 'src/composition' with type 'ros.ament_cmake' and name 'composition'
[0.492s] Level 1:colcon.colcon_core.package_identification:_identify(src/custom_executor) by extensions ['ignore', 'ignore_ament_install']
[0.493s] Level 1:colcon.colcon_core.package_identification:_identify(src/custom_executor) by extension 'ignore'
[0.494s] Level 1:colcon.colcon_core.package_identification:_identify(src/custom_executor) by extension 'ignore_ament_install'
[0.495s] Level 1:colcon.colcon_core.package_identification:_identify(src/custom_executor) by extensions ['colcon_pkg']
[0.495s] Level 1:colcon.colcon_core.package_identification:_identify(src/custom_executor) by extension 'colcon_pkg'
[0.496s] Level 1:colcon.colcon_core.package_identification:_identify(src/custom_executor) by extensions ['colcon_meta']
[0.496s] Level 1:colcon.colcon_core.package_identification:_identify(src/custom_executor) by extension 'colcon_meta'
[0.497s] Level 1:colcon.colcon_core.package_identification:_identify(src/custom_executor) by extensions ['ros']
[0.497s] Level 1:colcon.colcon_core.package_identification:_identify(src/custom_executor) by extension 'ros'
[0.507s] DEBUG:colcon.colcon_core.package_identification:Package 'src/custom_executor' with type 'ros.ament_python' and name 'custom_executor'
[0.509s] Level 1:colcon.colcon_core.package_identification:_identify(src/packt_rclcpp_demo) by extensions ['ignore', 'ignore_ament_install']
[0.509s] Level 1:colcon.colcon_core.package_identification:_identify(src/packt_rclcpp_demo) by extension 'ignore'
[0.510s] Level 1:colcon.colcon_core.package_identification:_identify(src/packt_rclcpp_demo) by extension 'ignore_ament_install'
[0.511s] Level 1:colcon.colcon_core.package_identification:_identify(src/packt_rclcpp_demo) by extensions ['colcon_pkg']
[0.511s] Level 1:colcon.colcon_core.package_identification:_identify(src/packt_rclcpp_demo) by extension 'colcon_pkg'
[0.512s] Level 1:colcon.colcon_core.package_identification:_identify(src/packt_rclcpp_demo) by extensions ['colcon_meta']
[0.512s] Level 1:colcon.colcon_core.package_identification:_identify(src/packt_rclcpp_demo) by extension 'colcon_meta'
[0.513s] Level 1:colcon.colcon_core.package_identification:_identify(src/packt_rclcpp_demo) by extensions ['ros']
[0.513s] Level 1:colcon.colcon_core.package_identification:_identify(src/packt_rclcpp_demo) by extension 'ros'
[0.519s] DEBUG:colcon.colcon_core.package_identification:Package 'src/packt_rclcpp_demo' with type 'ros.ament_cmake' and name 'packt_rclcpp_demo'
[0.521s] Level 1:colcon.colcon_core.package_identification:_identify(src/packt_rclpy_demo) by extensions ['ignore', 'ignore_ament_install']
[0.521s] Level 1:colcon.colcon_core.package_identification:_identify(src/packt_rclpy_demo) by extension 'ignore'
[0.522s] Level 1:colcon.colcon_core.package_identification:_identify(src/packt_rclpy_demo) by extension 'ignore_ament_install'
[0.523s] Level 1:colcon.colcon_core.package_identification:_identify(src/packt_rclpy_demo) by extensions ['colcon_pkg']
[0.523s] Level 1:colcon.colcon_core.package_identification:_identify(src/packt_rclpy_demo) by extension 'colcon_pkg'
[0.524s] Level 1:colcon.colcon_core.package_identification:_identify(src/packt_rclpy_demo) by extensions ['colcon_meta']
[0.524s] Level 1:colcon.colcon_core.package_identification:_identify(src/packt_rclpy_demo) by extension 'colcon_meta'
[0.525s] Level 1:colcon.colcon_core.package_identification:_identify(src/packt_rclpy_demo) by extensions ['ros']
[0.525s] Level 1:colcon.colcon_core.package_identification:_identify(src/packt_rclpy_demo) by extension 'ros'
[0.534s] DEBUG:colcon.colcon_core.package_identification:Package 'src/packt_rclpy_demo' with type 'ros.ament_python' and name 'packt_rclpy_demo'
[0.535s] Level 1:colcon.colcon_core.package_discovery:discover_packages(recursive) using defaults
[0.535s] Level 1:colcon.colcon_core.package_discovery:discover_packages(ignore) discover
[0.535s] Level 1:colcon.colcon_core.package_discovery:discover_packages(ignore) using defaults
[0.535s] Level 1:colcon.colcon_core.package_discovery:discover_packages(path) discover
[0.535s] Level 1:colcon.colcon_core.package_discovery:discover_packages(path) using defaults
[0.551s] Level 5:colcon.colcon_core.verb:set package 'composition' build argument 'cmake_args' from command line to 'None'
[0.552s] Level 5:colcon.colcon_core.verb:set package 'composition' build argument 'cmake_target' from command line to 'None'
[0.552s] Level 5:colcon.colcon_core.verb:set package 'composition' build argument 'cmake_target_skip_unavailable' from command line to 'False'
[0.552s] Level 5:colcon.colcon_core.verb:set package 'composition' build argument 'cmake_clean_cache' from command line to 'False'
[0.552s] Level 5:colcon.colcon_core.verb:set package 'composition' build argument 'cmake_clean_first' from command line to 'False'
[0.552s] Level 5:colcon.colcon_core.verb:set package 'composition' build argument 'cmake_force_configure' from command line to 'False'
[0.552s] Level 5:colcon.colcon_core.verb:set package 'composition' build argument 'ament_cmake_args' from command line to 'None'
[0.553s] Level 5:colcon.colcon_core.verb:set package 'composition' build argument 'catkin_cmake_args' from command line to 'None'
[0.553s] Level 5:colcon.colcon_core.verb:set package 'composition' build argument 'catkin_skip_building_tests' from command line to 'False'
[0.553s] DEBUG:colcon.colcon_core.verb:Building package 'composition' with the following arguments: {'ament_cmake_args': None, 'build_base': '/colcon_ws/build/composition', 'catkin_cmake_args': None, 'catkin_skip_building_tests': False, 'cmake_args': None, 'cmake_clean_cache': False, 'cmake_clean_first': False, 'cmake_force_configure': False, 'cmake_target': None, 'cmake_target_skip_unavailable': False, 'install_base': '/colcon_ws/install/composition', 'merge_install': False, 'path': '/colcon_ws/src/composition', 'symlink_install': False, 'test_result_base': None}
[0.561s] Level 5:colcon.colcon_core.verb:set package 'packt_rclcpp_demo' build argument 'cmake_args' from command line to 'None'
[0.561s] Level 5:colcon.colcon_core.verb:set package 'packt_rclcpp_demo' build argument 'cmake_target' from command line to 'None'
[0.561s] Level 5:colcon.colcon_core.verb:set package 'packt_rclcpp_demo' build argument 'cmake_target_skip_unavailable' from command line to 'False'
[0.562s] Level 5:colcon.colcon_core.verb:set package 'packt_rclcpp_demo' build argument 'cmake_clean_cache' from command line to 'False'
[0.562s] Level 5:colcon.colcon_core.verb:set package 'packt_rclcpp_demo' build argument 'cmake_clean_first' from command line to 'False'
[0.562s] Level 5:colcon.colcon_core.verb:set package 'packt_rclcpp_demo' build argument 'cmake_force_configure' from command line to 'False'
[0.563s] Level 5:colcon.colcon_core.verb:set package 'packt_rclcpp_demo' build argument 'ament_cmake_args' from command line to 'None'
[0.563s] Level 5:colcon.colcon_core.verb:set package 'packt_rclcpp_demo' build argument 'catkin_cmake_args' from command line to 'None'
[0.563s] Level 5:colcon.colcon_core.verb:set package 'packt_rclcpp_demo' build argument 'catkin_skip_building_tests' from command line to 'False'
[0.563s] DEBUG:colcon.colcon_core.verb:Building package 'packt_rclcpp_demo' with the following arguments: {'ament_cmake_args': None, 'build_base': '/colcon_ws/build/packt_rclcpp_demo', 'catkin_cmake_args': None, 'catkin_skip_building_tests': False, 'cmake_args': None, 'cmake_clean_cache': False, 'cmake_clean_first': False, 'cmake_force_configure': False, 'cmake_target': None, 'cmake_target_skip_unavailable': False, 'install_base': '/colcon_ws/install/packt_rclcpp_demo', 'merge_install': False, 'path': '/colcon_ws/src/packt_rclcpp_demo', 'symlink_install': False, 'test_result_base': None}
[0.569s] Level 5:colcon.colcon_core.verb:set package 'packt_rclpy_demo' build argument 'cmake_args' from command line to 'None'
[0.569s] Level 5:colcon.colcon_core.verb:set package 'packt_rclpy_demo' build argument 'cmake_target' from command line to 'None'
[0.570s] Level 5:colcon.colcon_core.verb:set package 'packt_rclpy_demo' build argument 'cmake_target_skip_unavailable' from command line to 'False'
[0.570s] Level 5:colcon.colcon_core.verb:set package 'packt_rclpy_demo' build argument 'cmake_clean_cache' from command line to 'False'
[0.570s] Level 5:colcon.colcon_core.verb:set package 'packt_rclpy_demo' build argument 'cmake_clean_first' from command line to 'False'
[0.570s] Level 5:colcon.colcon_core.verb:set package 'packt_rclpy_demo' build argument 'cmake_force_configure' from command line to 'False'
[0.570s] Level 5:colcon.colcon_core.verb:set package 'packt_rclpy_demo' build argument 'ament_cmake_args' from command line to 'None'
[0.571s] Level 5:colcon.colcon_core.verb:set package 'packt_rclpy_demo' build argument 'catkin_cmake_args' from command line to 'None'
[0.571s] Level 5:colcon.colcon_core.verb:set package 'packt_rclpy_demo' build argument 'catkin_skip_building_tests' from command line to 'False'
[0.571s] DEBUG:colcon.colcon_core.verb:Building package 'packt_rclpy_demo' with the following arguments: {'ament_cmake_args': None, 'build_base': '/colcon_ws/build/packt_rclpy_demo', 'catkin_cmake_args': None, 'catkin_skip_building_tests': False, 'cmake_args': None, 'cmake_clean_cache': False, 'cmake_clean_first': False, 'cmake_force_configure': False, 'cmake_target': None, 'cmake_target_skip_unavailable': False, 'install_base': '/colcon_ws/install/packt_rclpy_demo', 'merge_install': False, 'path': '/colcon_ws/src/packt_rclpy_demo', 'symlink_install': False, 'test_result_base': None}
[0.576s] Level 5:colcon.colcon_core.verb:set package 'custom_executor' build argument 'cmake_args' from command line to 'None'
[0.577s] Level 5:colcon.colcon_core.verb:set package 'custom_executor' build argument 'cmake_target' from command line to 'None'
[0.577s] Level 5:colcon.colcon_core.verb:set package 'custom_executor' build argument 'cmake_target_skip_unavailable' from command line to 'False'
[0.577s] Level 5:colcon.colcon_core.verb:set package 'custom_executor' build argument 'cmake_clean_cache' from command line to 'False'
[0.577s] Level 5:colcon.colcon_core.verb:set package 'custom_executor' build argument 'cmake_clean_first' from command line to 'False'
[0.577s] Level 5:colcon.colcon_core.verb:set package 'custom_executor' build argument 'cmake_force_configure' from command line to 'False'
[0.578s] Level 5:colcon.colcon_core.verb:set package 'custom_executor' build argument 'ament_cmake_args' from command line to 'None'
[0.578s] Level 5:colcon.colcon_core.verb:set package 'custom_executor' build argument 'catkin_cmake_args' from command line to 'None'
[0.578s] Level 5:colcon.colcon_core.verb:set package 'custom_executor' build argument 'catkin_skip_building_tests' from command line to 'False'
[0.578s] DEBUG:colcon.colcon_core.verb:Building package 'custom_executor' with the following arguments: {'ament_cmake_args': None, 'build_base': '/colcon_ws/build/custom_executor', 'catkin_cmake_args': None, 'catkin_skip_building_tests': False, 'cmake_args': None, 'cmake_clean_cache': False, 'cmake_clean_first': False, 'cmake_force_configure': False, 'cmake_target': None, 'cmake_target_skip_unavailable': False, 'install_base': '/colcon_ws/install/custom_executor', 'merge_install': False, 'path': '/colcon_ws/src/custom_executor', 'symlink_install': False, 'test_result_base': None}
[0.579s] INFO:colcon.colcon_core.executor:Executing jobs using 'parallel' executor
[0.582s] DEBUG:colcon.colcon_parallel_executor.executor.parallel:run_until_complete
[0.583s] INFO:colcon.colcon_ros.task.ament_python.build:Building ROS package in '/colcon_ws/src/packt_rclpy_demo' with build type 'ament_python'
[0.583s] Level 1:colcon.colcon_core.shell:create_environment_hook('packt_rclpy_demo', 'ament_prefix_path')
[0.590s] INFO:colcon.colcon_core.plugin_system:Skipping extension 'colcon_core.shell.bat': Not used on non-Windows systems
[0.591s] INFO:colcon.colcon_core.shell:Creating environment hook '/colcon_ws/install/packt_rclpy_demo/share/packt_rclpy_demo/hook/ament_prefix_path.ps1'
[0.606s] INFO:colcon.colcon_core.shell:Creating environment descriptor '/colcon_ws/install/packt_rclpy_demo/share/packt_rclpy_demo/hook/ament_prefix_path.dsv'
[0.613s] INFO:colcon.colcon_core.shell:Creating environment hook '/colcon_ws/install/packt_rclpy_demo/share/packt_rclpy_demo/hook/ament_prefix_path.sh'
[0.623s] INFO:colcon.colcon_core.shell:Skip shell extension 'powershell' for command environment: Not usable outside of PowerShell
[0.623s] DEBUG:colcon.colcon_core.shell:Skip shell extension 'dsv' for command environment
[0.628s] DEBUG:colcon.colcon_core.shell:Ignoring prefix path '/opt/ros/foxy'
[1.047s] WARNING:colcon.colcon_ros.task.ament_python.build:Package 'packt_rclpy_demo' doesn't explicitly install a marker in the package index (colcon-ros currently does it implicitly but that fallback will be removed in the future)
[1.061s] WARNING:colcon.colcon_ros.task.ament_python.build:Package 'packt_rclpy_demo' doesn't explicitly install the 'package.xml' file (colcon-ros currently does it implicitly but that fallback will be removed in the future)
[1.077s] INFO:colcon.colcon_core.task.python.build:Building Python package in '/colcon_ws/src/packt_rclpy_demo'
[1.078s] INFO:colcon.colcon_core.shell:Skip shell extension 'powershell' for command environment: Not usable outside of PowerShell
[1.078s] DEBUG:colcon.colcon_core.shell:Skip shell extension 'dsv' for command environment
[1.082s] DEBUG:colcon.colcon_core.shell:Ignoring prefix path '/opt/ros/foxy'
[1.133s] DEBUG:colcon.colcon_core.event_handler.log_command:Invoking command in '/colcon_ws/src/packt_rclpy_demo': PYTHONPATH=/colcon_ws/install/packt_rclpy_demo/lib/python3.8/site-packages:${PYTHONPATH} /usr/bin/python3 setup.py egg_info --egg-base /colcon_ws/build/packt_rclpy_demo build --build-base /colcon_ws/build/packt_rclpy_demo/build install --prefix /colcon_ws/install/packt_rclpy_demo --record /colcon_ws/build/packt_rclpy_demo/install.log --single-version-externally-managed
[2.245s] DEBUG:colcon.colcon_core.event_handler.log_command:Invoked command in '/colcon_ws/src/packt_rclpy_demo' returned '0': PYTHONPATH=/colcon_ws/install/packt_rclpy_demo/lib/python3.8/site-packages:${PYTHONPATH} /usr/bin/python3 setup.py egg_info --egg-base /colcon_ws/build/packt_rclpy_demo build --build-base /colcon_ws/build/packt_rclpy_demo/build install --prefix /colcon_ws/install/packt_rclpy_demo --record /colcon_ws/build/packt_rclpy_demo/install.log --single-version-externally-managed
[2.249s] Level 1:colcon.colcon_core.environment:checking '/colcon_ws/install/packt_rclpy_demo' for CMake module files
[2.268s] Level 1:colcon.colcon_core.environment:checking '/colcon_ws/install/packt_rclpy_demo' for CMake config files
[2.299s] Level 1:colcon.colcon_core.environment:checking '/colcon_ws/install/packt_rclpy_demo/lib'
[2.301s] Level 1:colcon.colcon_core.environment:checking '/colcon_ws/install/packt_rclpy_demo/bin'
[2.302s] Level 1:colcon.colcon_core.environment:checking '/colcon_ws/install/packt_rclpy_demo/lib/pkgconfig/packt_rclpy_demo.pc'
[2.303s] Level 1:colcon.colcon_core.environment:checking '/colcon_ws/install/packt_rclpy_demo/lib/python3.8/site-packages'
[2.304s] Level 1:colcon.colcon_core.shell:create_environment_hook('packt_rclpy_demo', 'pythonpath')
[2.305s] INFO:colcon.colcon_core.shell:Creating environment hook '/colcon_ws/install/packt_rclpy_demo/share/packt_rclpy_demo/hook/pythonpath.ps1'
[2.311s] INFO:colcon.colcon_core.shell:Creating environment descriptor '/colcon_ws/install/packt_rclpy_demo/share/packt_rclpy_demo/hook/pythonpath.dsv'
[2.316s] INFO:colcon.colcon_core.shell:Creating environment hook '/colcon_ws/install/packt_rclpy_demo/share/packt_rclpy_demo/hook/pythonpath.sh'
[2.323s] Level 1:colcon.colcon_core.environment:create_environment_scripts_only(packt_rclpy_demo)
[2.324s] INFO:colcon.colcon_core.shell:Creating package script '/colcon_ws/install/packt_rclpy_demo/share/packt_rclpy_demo/package.ps1'
[2.330s] INFO:colcon.colcon_core.shell:Creating package descriptor '/colcon_ws/install/packt_rclpy_demo/share/packt_rclpy_demo/package.dsv'
[2.336s] INFO:colcon.colcon_core.shell:Creating package script '/colcon_ws/install/packt_rclpy_demo/share/packt_rclpy_demo/package.sh'
[2.342s] INFO:colcon.colcon_core.shell:Creating package script '/colcon_ws/install/packt_rclpy_demo/share/packt_rclpy_demo/package.bash'
[2.349s] INFO:colcon.colcon_core.shell:Creating package script '/colcon_ws/install/packt_rclpy_demo/share/packt_rclpy_demo/package.zsh'
[2.356s] Level 1:colcon.colcon_core.environment:create_file_with_runtime_dependencies(/colcon_ws/install/packt_rclpy_demo/share/colcon-core/packages/packt_rclpy_demo)
[2.363s] INFO:colcon.colcon_ros.task.ament_cmake.build:Building ROS package in '/colcon_ws/src/composition' with build type 'ament_cmake'
[2.364s] INFO:colcon.colcon_cmake.task.cmake.build:Building CMake package in '/colcon_ws/src/composition'
[2.365s] INFO:colcon.colcon_core.shell:Skip shell extension 'powershell' for command environment: Not usable outside of PowerShell
[2.366s] DEBUG:colcon.colcon_core.shell:Skip shell extension 'dsv' for command environment
[2.371s] DEBUG:colcon.colcon_core.shell:Ignoring prefix path '/opt/ros/foxy'
[2.420s] DEBUG:colcon.colcon_core.event_handler.log_command:Invoking command in '/colcon_ws/build/composition': CMAKE_PREFIX_PATH=/opt/ros/foxy /usr/bin/cmake /colcon_ws/src/composition -DCMAKE_INSTALL_PREFIX=/colcon_ws/install/composition
[10.310s] DEBUG:colcon.colcon_core.event_handler.log_command:Invoked command in '/colcon_ws/build/composition' returned '0': CMAKE_PREFIX_PATH=/opt/ros/foxy /usr/bin/cmake /colcon_ws/src/composition -DCMAKE_INSTALL_PREFIX=/colcon_ws/install/composition
[10.321s] DEBUG:colcon.colcon_core.event_handler.log_command:Invoking command in '/colcon_ws/build/composition': CMAKE_PREFIX_PATH=/opt/ros/foxy /usr/bin/cmake --build /colcon_ws/build/composition -- -j1 -l1
[36.641s] DEBUG:colcon.colcon_core.event_handler.log_command:Invoked command in '/colcon_ws/build/composition' returned '0': CMAKE_PREFIX_PATH=/opt/ros/foxy /usr/bin/cmake --build /colcon_ws/build/composition -- -j1 -l1
[36.777s] DEBUG:colcon.colcon_core.event_handler.log_command:Invoking command in '/colcon_ws/build/composition': CMAKE_PREFIX_PATH=/opt/ros/foxy /usr/bin/cmake --install /colcon_ws/build/composition
[37.744s] Level 1:colcon.colcon_core.environment:create_environment_scripts_only(composition)
[37.746s] Level 1:colcon.colcon_core.environment:checking '/colcon_ws/install/composition' for CMake module files
[37.746s] DEBUG:colcon.colcon_core.event_handler.log_command:Invoked command in '/colcon_ws/build/composition' returned '0': CMAKE_PREFIX_PATH=/opt/ros/foxy /usr/bin/cmake --install /colcon_ws/build/composition
[37.779s] Level 1:colcon.colcon_core.environment:checking '/colcon_ws/install/composition' for CMake config files
[37.808s] Level 1:colcon.colcon_core.shell:create_environment_hook('composition', 'cmake_prefix_path')
[37.809s] INFO:colcon.colcon_core.shell:Creating environment hook '/colcon_ws/install/composition/share/composition/hook/cmake_prefix_path.ps1'
[37.816s] INFO:colcon.colcon_core.shell:Creating environment descriptor '/colcon_ws/install/composition/share/composition/hook/cmake_prefix_path.dsv'
[37.821s] INFO:colcon.colcon_core.shell:Creating environment hook '/colcon_ws/install/composition/share/composition/hook/cmake_prefix_path.sh'
[37.829s] Level 1:colcon.colcon_core.environment:checking '/colcon_ws/install/composition/lib'
[37.831s] Level 1:colcon.colcon_core.shell:create_environment_hook('composition', 'ld_library_path_lib')
[37.832s] INFO:colcon.colcon_core.shell:Creating environment hook '/colcon_ws/install/composition/share/composition/hook/ld_library_path_lib.ps1'
[37.842s] INFO:colcon.colcon_core.shell:Creating environment descriptor '/colcon_ws/install/composition/share/composition/hook/ld_library_path_lib.dsv'
[37.849s] INFO:colcon.colcon_core.shell:Creating environment hook '/colcon_ws/install/composition/share/composition/hook/ld_library_path_lib.sh'
[37.855s] Level 1:colcon.colcon_core.environment:checking '/colcon_ws/install/composition/bin'
[37.856s] Level 1:colcon.colcon_core.environment:checking '/colcon_ws/install/composition/lib/pkgconfig/composition.pc'
[37.857s] Level 1:colcon.colcon_core.environment:checking '/colcon_ws/install/composition/lib/python3.8/site-packages'
[37.858s] INFO:colcon.colcon_core.shell:Creating package script '/colcon_ws/install/composition/share/composition/package.ps1'
[37.865s] INFO:colcon.colcon_core.shell:Creating package descriptor '/colcon_ws/install/composition/share/composition/package.dsv'
[37.873s] INFO:colcon.colcon_core.shell:Creating package script '/colcon_ws/install/composition/share/composition/package.sh'
[37.880s] INFO:colcon.colcon_core.shell:Creating package script '/colcon_ws/install/composition/share/composition/package.bash'
[37.886s] INFO:colcon.colcon_core.shell:Creating package script '/colcon_ws/install/composition/share/composition/package.zsh'
[37.891s] Level 1:colcon.colcon_core.environment:create_file_with_runtime_dependencies(/colcon_ws/install/composition/share/colcon-core/packages/composition)
[37.898s] INFO:colcon.colcon_ros.task.ament_cmake.build:Building ROS package in '/colcon_ws/src/packt_rclcpp_demo' with build type 'ament_cmake'
[37.900s] INFO:colcon.colcon_cmake.task.cmake.build:Building CMake package in '/colcon_ws/src/packt_rclcpp_demo'
[37.902s] INFO:colcon.colcon_core.shell:Skip shell extension 'powershell' for command environment: Not usable outside of PowerShell
[37.903s] DEBUG:colcon.colcon_core.shell:Skip shell extension 'dsv' for command environment
[37.906s] DEBUG:colcon.colcon_core.shell:Ignoring prefix path '/opt/ros/foxy'
[37.961s] DEBUG:colcon.colcon_core.event_handler.log_command:Invoking command in '/colcon_ws/build/packt_rclcpp_demo': CMAKE_PREFIX_PATH=/opt/ros/foxy /usr/bin/cmake /colcon_ws/src/packt_rclcpp_demo -DCMAKE_INSTALL_PREFIX=/colcon_ws/install/packt_rclcpp_demo
[48.230s] DEBUG:colcon.colcon_core.event_handler.log_command:Invoked command in '/colcon_ws/build/packt_rclcpp_demo' returned '0': CMAKE_PREFIX_PATH=/opt/ros/foxy /usr/bin/cmake /colcon_ws/src/packt_rclcpp_demo -DCMAKE_INSTALL_PREFIX=/colcon_ws/install/packt_rclcpp_demo
[48.241s] DEBUG:colcon.colcon_core.event_handler.log_command:Invoking command in '/colcon_ws/build/packt_rclcpp_demo': CMAKE_PREFIX_PATH=/opt/ros/foxy /usr/bin/cmake --build /colcon_ws/build/packt_rclcpp_demo -- -j1 -l1
[72.427s] DEBUG:colcon.colcon_core.event_handler.log_command:Invoked command in '/colcon_ws/build/packt_rclcpp_demo' returned '0': CMAKE_PREFIX_PATH=/opt/ros/foxy /usr/bin/cmake --build /colcon_ws/build/packt_rclcpp_demo -- -j1 -l1
[72.520s] DEBUG:colcon.colcon_core.event_handler.log_command:Invoking command in '/colcon_ws/build/packt_rclcpp_demo': CMAKE_PREFIX_PATH=/opt/ros/foxy /usr/bin/cmake --install /colcon_ws/build/packt_rclcpp_demo
[73.856s] Level 1:colcon.colcon_core.environment:create_environment_scripts_only(packt_rclcpp_demo)
[73.869s] Level 1:colcon.colcon_core.environment:checking '/colcon_ws/install/packt_rclcpp_demo' for CMake module files
[73.869s] DEBUG:colcon.colcon_core.event_handler.log_command:Invoked command in '/colcon_ws/build/packt_rclcpp_demo' returned '0': CMAKE_PREFIX_PATH=/opt/ros/foxy /usr/bin/cmake --install /colcon_ws/build/packt_rclcpp_demo
[74.035s] Level 1:colcon.colcon_core.environment:checking '/colcon_ws/install/packt_rclcpp_demo' for CMake config files
[74.188s] Level 1:colcon.colcon_core.shell:create_environment_hook('packt_rclcpp_demo', 'cmake_prefix_path')
[74.196s] INFO:colcon.colcon_core.shell:Creating environment hook '/colcon_ws/install/packt_rclcpp_demo/share/packt_rclcpp_demo/hook/cmake_prefix_path.ps1'
[74.232s] INFO:colcon.colcon_core.shell:Creating environment descriptor '/colcon_ws/install/packt_rclcpp_demo/share/packt_rclcpp_demo/hook/cmake_prefix_path.dsv'
[74.271s] INFO:colcon.colcon_core.shell:Creating environment hook '/colcon_ws/install/packt_rclcpp_demo/share/packt_rclcpp_demo/hook/cmake_prefix_path.sh'
[74.368s] Level 1:colcon.colcon_core.environment:checking '/colcon_ws/install/packt_rclcpp_demo/lib'
[74.382s] Level 1:colcon.colcon_core.environment:checking '/colcon_ws/install/packt_rclcpp_demo/bin'
[74.388s] Level 1:colcon.colcon_core.environment:checking '/colcon_ws/install/packt_rclcpp_demo/lib/pkgconfig/packt_rclcpp_demo.pc'
[74.395s] Level 1:colcon.colcon_core.environment:checking '/colcon_ws/install/packt_rclcpp_demo/lib/python3.8/site-packages'
[74.409s] INFO:colcon.colcon_core.shell:Creating package script '/colcon_ws/install/packt_rclcpp_demo/share/packt_rclcpp_demo/package.ps1'
[74.451s] INFO:colcon.colcon_core.shell:Creating package descriptor '/colcon_ws/install/packt_rclcpp_demo/share/packt_rclcpp_demo/package.dsv'
[74.509s] INFO:colcon.colcon_core.shell:Creating package script '/colcon_ws/install/packt_rclcpp_demo/share/packt_rclcpp_demo/package.sh'
[74.563s] INFO:colcon.colcon_core.shell:Creating package script '/colcon_ws/install/packt_rclcpp_demo/share/packt_rclcpp_demo/package.bash'
[74.618s] INFO:colcon.colcon_core.shell:Creating package script '/colcon_ws/install/packt_rclcpp_demo/share/packt_rclcpp_demo/package.zsh'
[74.672s] Level 1:colcon.colcon_core.environment:create_file_with_runtime_dependencies(/colcon_ws/install/packt_rclcpp_demo/share/colcon-core/packages/packt_rclcpp_demo)
[74.730s] INFO:colcon.colcon_ros.task.ament_python.build:Building ROS package in '/colcon_ws/src/custom_executor' with build type 'ament_python'
[74.734s] Level 1:colcon.colcon_core.shell:create_environment_hook('custom_executor', 'ament_prefix_path')
[74.752s] INFO:colcon.colcon_core.shell:Creating environment hook '/colcon_ws/install/custom_executor/share/custom_executor/hook/ament_prefix_path.ps1'
[74.889s] INFO:colcon.colcon_core.shell:Creating environment descriptor '/colcon_ws/install/custom_executor/share/custom_executor/hook/ament_prefix_path.dsv'
[74.945s] INFO:colcon.colcon_core.shell:Creating environment hook '/colcon_ws/install/custom_executor/share/custom_executor/hook/ament_prefix_path.sh'
[75.014s] INFO:colcon.colcon_core.shell:Skip shell extension 'powershell' for command environment: Not usable outside of PowerShell
[75.016s] DEBUG:colcon.colcon_core.shell:Skip shell extension 'dsv' for command environment
[75.061s] DEBUG:colcon.colcon_core.shell:Ignoring prefix path '/opt/ros/foxy'
[91.480s] WARNING:colcon.colcon_ros.task.ament_python.build:Package 'custom_executor' doesn't explicitly install a marker in the package index (colcon-ros currently does it implicitly but that fallback will be removed in the future)
[91.683s] WARNING:colcon.colcon_ros.task.ament_python.build:Package 'custom_executor' doesn't explicitly install the 'package.xml' file (colcon-ros currently does it implicitly but that fallback will be removed in the future)
[92.128s] INFO:colcon.colcon_core.task.python.build:Building Python package in '/colcon_ws/src/custom_executor'
[92.229s] INFO:colcon.colcon_core.shell:Skip shell extension 'powershell' for command environment: Not usable outside of PowerShell
[92.232s] DEBUG:colcon.colcon_core.shell:Skip shell extension 'dsv' for command environment
[92.440s] DEBUG:colcon.colcon_core.shell:Ignoring prefix path '/opt/ros/foxy'
[93.249s] DEBUG:colcon.colcon_core.event_handler.log_command:Invoking command in '/colcon_ws/src/custom_executor': AMENT_PREFIX_PATH=/colcon_ws/install/packt_rclpy_demo:${AMENT_PREFIX_PATH} PYTHONPATH=/colcon_ws/install/custom_executor/lib/python3.8/site-packages:/colcon_ws/install/packt_rclpy_demo/lib/python3.8/site-packages:${PYTHONPATH} /usr/bin/python3 setup.py egg_info --egg-base /colcon_ws/build/custom_executor build --build-base /colcon_ws/build/custom_executor/build install --prefix /colcon_ws/install/custom_executor --record /colcon_ws/build/custom_executor/install.log --single-version-externally-managed
[97.423s] Level 1:colcon.colcon_core.environment:checking '/colcon_ws/install/custom_executor' for CMake module files
[97.464s] DEBUG:colcon.colcon_core.event_handler.log_command:Invoked command in '/colcon_ws/src/custom_executor' returned '0': AMENT_PREFIX_PATH=/colcon_ws/install/packt_rclpy_demo:${AMENT_PREFIX_PATH} PYTHONPATH=/colcon_ws/install/custom_executor/lib/python3.8/site-packages:/colcon_ws/install/packt_rclpy_demo/lib/python3.8/site-packages:${PYTHONPATH} /usr/bin/python3 setup.py egg_info --egg-base /colcon_ws/build/custom_executor build --build-base /colcon_ws/build/custom_executor/build install --prefix /colcon_ws/install/custom_executor --record /colcon_ws/build/custom_executor/install.log --single-version-externally-managed
[97.517s] Level 1:colcon.colcon_core.environment:checking '/colcon_ws/install/custom_executor' for CMake config files
[97.607s] Level 1:colcon.colcon_core.environment:checking '/colcon_ws/install/custom_executor/lib'
[97.613s] Level 1:colcon.colcon_core.environment:checking '/colcon_ws/install/custom_executor/bin'
[97.615s] Level 1:colcon.colcon_core.environment:checking '/colcon_ws/install/custom_executor/lib/pkgconfig/custom_executor.pc'
[97.617s] Level 1:colcon.colcon_core.environment:checking '/colcon_ws/install/custom_executor/lib/python3.8/site-packages'
[97.621s] Level 1:colcon.colcon_core.shell:create_environment_hook('custom_executor', 'pythonpath')
[97.623s] INFO:colcon.colcon_core.shell:Creating environment hook '/colcon_ws/install/custom_executor/share/custom_executor/hook/pythonpath.ps1'
[97.640s] INFO:colcon.colcon_core.shell:Creating environment descriptor '/colcon_ws/install/custom_executor/share/custom_executor/hook/pythonpath.dsv'
[97.656s] INFO:colcon.colcon_core.shell:Creating environment hook '/colcon_ws/install/custom_executor/share/custom_executor/hook/pythonpath.sh'
[97.672s] Level 1:colcon.colcon_core.environment:create_environment_scripts_only(custom_executor)
[97.676s] INFO:colcon.colcon_core.shell:Creating package script '/colcon_ws/install/custom_executor/share/custom_executor/package.ps1'
[97.690s] INFO:colcon.colcon_core.shell:Creating package descriptor '/colcon_ws/install/custom_executor/share/custom_executor/package.dsv'
[97.705s] INFO:colcon.colcon_core.shell:Creating package script '/colcon_ws/install/custom_executor/share/custom_executor/package.sh'
[97.720s] INFO:colcon.colcon_core.shell:Creating package script '/colcon_ws/install/custom_executor/share/custom_executor/package.bash'
[97.766s] INFO:colcon.colcon_core.shell:Creating package script '/colcon_ws/install/custom_executor/share/custom_executor/package.zsh'
[97.781s] Level 1:colcon.colcon_core.environment:create_file_with_runtime_dependencies(/colcon_ws/install/custom_executor/share/colcon-core/packages/custom_executor)
[97.840s] DEBUG:colcon.colcon_parallel_executor.executor.parallel:closing loop
[97.841s] DEBUG:colcon.colcon_parallel_executor.executor.parallel:loop closed
[97.842s] DEBUG:colcon.colcon_parallel_executor.executor.parallel:run_until_complete finished with '0'
[97.843s] DEBUG:colcon.colcon_core.event_reactor:joining thread
[97.897s] INFO:colcon.colcon_core.plugin_system:Skipping extension 'colcon_notification.desktop_notification.notify_send': Could not find 'notify-send'
[97.898s] INFO:colcon.colcon_core.plugin_system:Skipping extension 'colcon_notification.desktop_notification.terminal_notifier': Not used on non-Darwin systems
[97.898s] INFO:colcon.colcon_core.plugin_system:Skipping extension 'colcon_notification.desktop_notification.win32': Not used on non-Windows systems
[97.899s] INFO:colcon.colcon_notification.desktop_notification:Sending desktop notification using 'notify2'
[97.899s] DEBUG:colcon.colcon_notification.desktop_notification.notify2:Failed to initialize notify2: org.freedesktop.DBus.Error.NotSupported: Unable to autolaunch a dbus-daemon without a $DISPLAY for X11
[97.900s] DEBUG:colcon.colcon_core.event_reactor:joined thread
[97.902s] INFO:colcon.colcon_core.shell:Creating prefix script '/colcon_ws/install/local_setup.ps1'
[97.916s] INFO:colcon.colcon_core.shell:Creating prefix util module '/colcon_ws/install/_local_setup_util_ps1.py'
[97.932s] INFO:colcon.colcon_core.shell:Creating prefix chain script '/colcon_ws/install/setup.ps1'
[97.954s] INFO:colcon.colcon_core.shell:Creating prefix script '/colcon_ws/install/local_setup.sh'
[97.968s] INFO:colcon.colcon_core.shell:Creating prefix util module '/colcon_ws/install/_local_setup_util_sh.py'
[97.977s] INFO:colcon.colcon_core.shell:Creating prefix chain script '/colcon_ws/install/setup.sh'
[98.001s] INFO:colcon.colcon_core.shell:Creating prefix script '/colcon_ws/install/local_setup.bash'
[98.010s] INFO:colcon.colcon_core.shell:Creating prefix chain script '/colcon_ws/install/setup.bash'
[98.029s] INFO:colcon.colcon_core.shell:Creating prefix script '/colcon_ws/install/local_setup.zsh'
[98.038s] INFO:colcon.colcon_core.shell:Creating prefix chain script '/colcon_ws/install/setup.zsh'
