[0.613s] Invoking command in '/colcon_ws/src/packt_rclpy_demo': PYTHONPATH=/colcon_ws/install/packt_rclpy_demo/lib/python3.8/site-packages:${PYTHONPATH} /usr/bin/python3 setup.py egg_info --egg-base /colcon_ws/build/packt_rclpy_demo build --build-base /colcon_ws/build/packt_rclpy_demo/build install --prefix /colcon_ws/install/packt_rclpy_demo --record /colcon_ws/build/packt_rclpy_demo/install.log --single-version-externally-managed
[1.119s] running egg_info
[1.123s] creating /colcon_ws/build/packt_rclpy_demo/packt_rclpy_demo.egg-info
[1.364s] writing /colcon_ws/build/packt_rclpy_demo/packt_rclpy_demo.egg-info/PKG-INFO
[1.372s] writing dependency_links to /colcon_ws/build/packt_rclpy_demo/packt_rclpy_demo.egg-info/dependency_links.txt
[1.379s] writing entry points to /colcon_ws/build/packt_rclpy_demo/packt_rclpy_demo.egg-info/entry_points.txt
[1.386s] writing requirements to /colcon_ws/build/packt_rclpy_demo/packt_rclpy_demo.egg-info/requires.txt
[1.389s] writing top-level names to /colcon_ws/build/packt_rclpy_demo/packt_rclpy_demo.egg-info/top_level.txt
[1.400s] writing manifest file '/colcon_ws/build/packt_rclpy_demo/packt_rclpy_demo.egg-info/SOURCES.txt'
[1.505s] reading manifest file '/colcon_ws/build/packt_rclpy_demo/packt_rclpy_demo.egg-info/SOURCES.txt'
[1.536s] writing manifest file '/colcon_ws/build/packt_rclpy_demo/packt_rclpy_demo.egg-info/SOURCES.txt'
[1.541s] running build
[1.542s] running build_py
[1.548s] creating /colcon_ws/build/packt_rclpy_demo/build
[1.552s] creating /colcon_ws/build/packt_rclpy_demo/build/lib
[1.555s] creating /colcon_ws/build/packt_rclpy_demo/build/lib/packt_rclpy_demo
[1.563s] copying packt_rclpy_demo/__init__.py -> /colcon_ws/build/packt_rclpy_demo/build/lib/packt_rclpy_demo
[1.578s] copying packt_rclpy_demo/publisher.py -> /colcon_ws/build/packt_rclpy_demo/build/lib/packt_rclpy_demo
[1.591s] copying packt_rclpy_demo/subscriber.py -> /colcon_ws/build/packt_rclpy_demo/build/lib/packt_rclpy_demo
[1.623s] running install
[1.627s] running install_lib
[1.641s] creating /colcon_ws/install/packt_rclpy_demo/lib/python3.8/site-packages/packt_rclpy_demo
[1.651s] copying /colcon_ws/build/packt_rclpy_demo/build/lib/packt_rclpy_demo/publisher.py -> /colcon_ws/install/packt_rclpy_demo/lib/python3.8/site-packages/packt_rclpy_demo
[1.672s] copying /colcon_ws/build/packt_rclpy_demo/build/lib/packt_rclpy_demo/subscriber.py -> /colcon_ws/install/packt_rclpy_demo/lib/python3.8/site-packages/packt_rclpy_demo
[1.691s] copying /colcon_ws/build/packt_rclpy_demo/build/lib/packt_rclpy_demo/__init__.py -> /colcon_ws/install/packt_rclpy_demo/lib/python3.8/site-packages/packt_rclpy_demo
[1.712s] byte-compiling /colcon_ws/install/packt_rclpy_demo/lib/python3.8/site-packages/packt_rclpy_demo/publisher.py to publisher.cpython-38.pyc
[1.739s] byte-compiling /colcon_ws/install/packt_rclpy_demo/lib/python3.8/site-packages/packt_rclpy_demo/subscriber.py to subscriber.cpython-38.pyc
[1.761s] byte-compiling /colcon_ws/install/packt_rclpy_demo/lib/python3.8/site-packages/packt_rclpy_demo/__init__.py to __init__.cpython-38.pyc
[1.780s] running install_egg_info
[1.792s] Copying /colcon_ws/build/packt_rclpy_demo/packt_rclpy_demo.egg-info to /colcon_ws/install/packt_rclpy_demo/lib/python3.8/site-packages/packt_rclpy_demo-0.0.0-py3.8.egg-info
[1.930s] running install_scripts
[1.976s] Installing listener script to /colcon_ws/install/packt_rclpy_demo/lib/packt_rclpy_demo
[1.985s] Installing talker script to /colcon_ws/install/packt_rclpy_demo/lib/packt_rclpy_demo
[1.999s] writing list of installed files to '/colcon_ws/build/packt_rclpy_demo/install.log'
[2.040s] Invoked command in '/colcon_ws/src/packt_rclpy_demo' returned '0': PYTHONPATH=/colcon_ws/install/packt_rclpy_demo/lib/python3.8/site-packages:${PYTHONPATH} /usr/bin/python3 setup.py egg_info --egg-base /colcon_ws/build/packt_rclpy_demo build --build-base /colcon_ws/build/packt_rclpy_demo/build install --prefix /colcon_ws/install/packt_rclpy_demo --record /colcon_ws/build/packt_rclpy_demo/install.log --single-version-externally-managed
