[0.060s] Invoking command in '/colcon_ws/build/composition': CMAKE_PREFIX_PATH=${CMAKE_PREFIX_PATH}:/colcon_ws/install/packt_rclpy_demo:/colcon_ws/install/custom_executor:/opt/ros/foxy /usr/bin/cmake /colcon_ws/src/composition -DCMAKE_INSTALL_PREFIX=/colcon_ws/install/composition
[0.339s] -- The C compiler identification is GNU 9.3.0
[0.630s] -- The CXX compiler identification is GNU 9.3.0
[0.698s] -- Check for working C compiler: /usr/bin/cc
[1.253s] -- Check for working C compiler: /usr/bin/cc -- works
[1.261s] -- Detecting C compiler ABI info
[2.993s] -- Detecting C compiler ABI info - done
[3.041s] -- Detecting C compile features
[3.043s] -- Detecting C compile features - done
[3.087s] -- Check for working CXX compiler: /usr/bin/c++
[3.677s] -- Check for working CXX compiler: /usr/bin/c++ -- works
[3.687s] -- Detecting CXX compiler ABI info
[4.254s] -- Detecting CXX compiler ABI info - done
[4.302s] -- Detecting CXX compile features
[5.221s] -- Detecting CXX compile features - done
[5.283s] -- Found ament_cmake: 0.9.6 (/opt/ros/foxy/share/ament_cmake/cmake)
[5.391s] -- Found PythonInterp: /usr/bin/python3 (found suitable version "3.8.2", minimum required is "3") 
[5.393s] -- Using PYTHON_EXECUTABLE: /usr/bin/python3
[6.111s] -- Found rclcpp: 2.1.0 (/opt/ros/foxy/share/rclcpp/cmake)
[6.331s] -- Using all available rosidl_typesupport_c: rosidl_typesupport_fastrtps_c;rosidl_typesupport_introspection_c
[6.401s] -- Found rosidl_adapter: 1.0.1 (/opt/ros/foxy/share/rosidl_adapter/cmake)
[6.796s] -- Found OpenSSL: /usr/lib/x86_64-linux-gnu/libcrypto.so (found version "1.1.1f")  
[6.880s] -- Found FastRTPS: /opt/ros/foxy/include  
[7.207s] -- Using all available rosidl_typesupport_cpp: rosidl_typesupport_fastrtps_cpp;rosidl_typesupport_introspection_cpp
[7.471s] -- Found rmw_implementation_cmake: 1.0.1 (/opt/ros/foxy/share/rmw_implementation_cmake/cmake)
[7.479s] -- Using RMW implementation 'rmw_fastrtps_cpp' as default
[7.514s] -- Looking for pthread.h
[8.628s] -- Looking for pthread.h - found
[8.638s] -- Performing Test CMAKE_HAVE_LIBC_PTHREAD
[9.198s] -- Performing Test CMAKE_HAVE_LIBC_PTHREAD - Failed
[9.210s] -- Looking for pthread_create in pthreads
[9.731s] -- Looking for pthread_create in pthreads - not found
[9.737s] -- Looking for pthread_create in pthread
[10.277s] -- Looking for pthread_create in pthread - found
[10.286s] -- Found Threads: TRUE  
[10.802s] -- Found rclcpp_components: 2.1.0 (/opt/ros/foxy/share/rclcpp_components/cmake)
[13.130s] -- Configuring done
[13.596s] -- Generating done
[13.684s] -- Build files have been written to: /colcon_ws/build/composition
[13.694s] Invoked command in '/colcon_ws/build/composition' returned '0': CMAKE_PREFIX_PATH=${CMAKE_PREFIX_PATH}:/colcon_ws/install/packt_rclpy_demo:/colcon_ws/install/custom_executor:/opt/ros/foxy /usr/bin/cmake /colcon_ws/src/composition -DCMAKE_INSTALL_PREFIX=/colcon_ws/install/composition
[13.703s] Invoking command in '/colcon_ws/build/composition': CMAKE_PREFIX_PATH=${CMAKE_PREFIX_PATH}:/colcon_ws/install/packt_rclpy_demo:/colcon_ws/install/custom_executor:/opt/ros/foxy /usr/bin/cmake --build /colcon_ws/build/composition -- -j1 -l1
[14.484s] Scanning dependencies of target talker_component
[14.557s] [ 16%] Building CXX object CMakeFiles/talker_component.dir/src/talker_component.cpp.o
[20.376s] [ 33%] Linking CXX shared library libtalker_component.so
[22.021s] [ 33%] Built target talker_component
[22.652s] Scanning dependencies of target listener_component
[22.732s] [ 50%] Building CXX object CMakeFiles/listener_component.dir/src/listener_component.cpp.o
[31.323s] [ 66%] Linking CXX shared library liblistener_component.so
[34.611s] [ 66%] Built target listener_component
[35.288s] Scanning dependencies of target manual_composition
[35.363s] [ 83%] Building CXX object CMakeFiles/manual_composition.dir/src/manual_composition.cpp.o
[38.815s] [100%] Linking CXX executable manual_composition
[39.413s] [100%] Built target manual_composition
[39.460s] Invoked command in '/colcon_ws/build/composition' returned '0': CMAKE_PREFIX_PATH=${CMAKE_PREFIX_PATH}:/colcon_ws/install/packt_rclpy_demo:/colcon_ws/install/custom_executor:/opt/ros/foxy /usr/bin/cmake --build /colcon_ws/build/composition -- -j1 -l1
[39.681s] Invoking command in '/colcon_ws/build/composition': CMAKE_PREFIX_PATH=${CMAKE_PREFIX_PATH}:/colcon_ws/install/packt_rclpy_demo:/colcon_ws/install/custom_executor:/opt/ros/foxy /usr/bin/cmake --install /colcon_ws/build/composition
[39.710s] -- Install configuration: ""
[39.750s] -- Installing: /colcon_ws/install/composition/lib/libtalker_component.so
[39.829s] -- Set runtime path of "/colcon_ws/install/composition/lib/libtalker_component.so" to ""
[39.838s] -- Installing: /colcon_ws/install/composition/lib/liblistener_component.so
[39.957s] -- Set runtime path of "/colcon_ws/install/composition/lib/liblistener_component.so" to ""
[39.973s] -- Installing: /colcon_ws/install/composition/lib/composition/manual_composition
[40.021s] -- Set runtime path of "/colcon_ws/install/composition/lib/composition/manual_composition" to ""
[40.029s] -- Installing: /colcon_ws/install/composition/share/composition/launch
[40.045s] -- Installing: /colcon_ws/install/composition/share/composition/launch/demo.launch.py
[40.092s] -- Installing: /colcon_ws/install/composition/share/ament_index/resource_index/package_run_dependencies/composition
[40.143s] -- Installing: /colcon_ws/install/composition/share/ament_index/resource_index/parent_prefix_path/composition
[40.188s] -- Installing: /colcon_ws/install/composition/share/composition/environment/ament_prefix_path.sh
[40.220s] -- Installing: /colcon_ws/install/composition/share/composition/environment/ament_prefix_path.dsv
[40.254s] -- Installing: /colcon_ws/install/composition/share/composition/environment/path.sh
[40.344s] -- Installing: /colcon_ws/install/composition/share/composition/environment/path.dsv
[40.379s] -- Installing: /colcon_ws/install/composition/share/composition/local_setup.bash
[40.412s] -- Installing: /colcon_ws/install/composition/share/composition/local_setup.sh
[40.446s] -- Installing: /colcon_ws/install/composition/share/composition/local_setup.zsh
[40.478s] -- Installing: /colcon_ws/install/composition/share/composition/local_setup.dsv
[40.511s] -- Installing: /colcon_ws/install/composition/share/composition/package.dsv
[40.556s] -- Installing: /colcon_ws/install/composition/share/ament_index/resource_index/packages/composition
[40.606s] -- Installing: /colcon_ws/install/composition/share/ament_index/resource_index/rclcpp_components/composition
[40.654s] -- Installing: /colcon_ws/install/composition/share/composition/cmake/compositionConfig.cmake
[40.693s] -- Installing: /colcon_ws/install/composition/share/composition/cmake/compositionConfig-version.cmake
[40.726s] -- Installing: /colcon_ws/install/composition/share/composition/package.xml
[40.759s] Invoked command in '/colcon_ws/build/composition' returned '0': CMAKE_PREFIX_PATH=${CMAKE_PREFIX_PATH}:/colcon_ws/install/packt_rclpy_demo:/colcon_ws/install/custom_executor:/opt/ros/foxy /usr/bin/cmake --install /colcon_ws/build/composition
