[0.390s] DEBUG:colcon:Command line arguments: ['/usr/bin/colcon', 'build', '--event-handlers', 'console_direct+']
[0.391s] DEBUG:colcon:Parsed command line arguments: Namespace(ament_cmake_args=None, base_paths=['.'], build_base='build', catkin_cmake_args=None, catkin_skip_building_tests=False, cmake_args=None, cmake_clean_cache=False, cmake_clean_first=False, cmake_force_configure=False, cmake_target=None, cmake_target_skip_unavailable=False, continue_on_error=False, event_handlers=['console_direct+'], executor='parallel', ignore_user_meta=False, install_base='install', log_base=None, log_level=None, main=<bound method BuildVerb.main of <colcon_core.verb.build.BuildVerb object at 0x7f56fd949b50>>, merge_install=False, metas=['./colcon.meta'], mixin=None, mixin_files=None, mixin_verb=('build',), packages_above=None, packages_above_and_dependencies=None, packages_above_depth=None, packages_end=None, packages_ignore=None, packages_ignore_regex=None, packages_select=None, packages_select_build_failed=False, packages_select_by_dep=None, packages_select_regex=None, packages_select_test_failures=False, packages_skip=None, packages_skip_build_finished=False, packages_skip_by_dep=None, packages_skip_regex=None, packages_skip_test_passed=False, packages_skip_up_to=None, packages_start=None, packages_up_to=None, packages_up_to_regex=None, parallel_workers=1, paths=None, symlink_install=False, test_result_base=None, verb_extension=<colcon_core.verb.build.BuildVerb object at 0x7f56fd949b50>, verb_name='build', verb_parser=<colcon_mixin.mixin.mixin_argument.MixinArgumentDecorator object at 0x7f56fd955160>)
[0.446s] Level 1:colcon.colcon_core.package_discovery:discover_packages(colcon_meta) check parameters
[0.448s] INFO:colcon.colcon_metadata.package_discovery.colcon_meta:Using configuration from '/root/.colcon/metadata/default/Gazebo.meta'
[0.449s] INFO:colcon.colcon_metadata.package_discovery.colcon_meta:Using configuration from '/root/.colcon/metadata/default/fastrtps.meta'
[0.450s] Level 1:colcon.colcon_core.package_discovery:discover_packages(recursive) check parameters
[0.450s] Level 1:colcon.colcon_core.package_discovery:discover_packages(ignore) check parameters
[0.450s] Level 1:colcon.colcon_core.package_discovery:discover_packages(path) check parameters
[0.450s] Level 1:colcon.colcon_core.package_discovery:discover_packages(colcon_meta) discover
[0.451s] Level 1:colcon.colcon_core.package_discovery:discover_packages(recursive) discover
[0.451s] INFO:colcon.colcon_core.package_discovery:Crawling recursively for packages in '/colcon_ws'
[0.453s] Level 1:colcon.colcon_core.package_identification:_identify(.) by extensions ['ignore', 'ignore_ament_install']
[0.453s] Level 1:colcon.colcon_core.package_identification:_identify(.) by extension 'ignore'
[0.454s] Level 1:colcon.colcon_core.package_identification:_identify(.) by extension 'ignore_ament_install'
[0.455s] Level 1:colcon.colcon_core.package_identification:_identify(.) by extensions ['colcon_pkg']
[0.455s] Level 1:colcon.colcon_core.package_identification:_identify(.) by extension 'colcon_pkg'
[0.455s] Level 1:colcon.colcon_core.package_identification:_identify(.) by extensions ['colcon_meta']
[0.456s] Level 1:colcon.colcon_core.package_identification:_identify(.) by extension 'colcon_meta'
[0.456s] Level 1:colcon.colcon_core.package_identification:_identify(.) by extensions ['ros']
[0.456s] Level 1:colcon.colcon_core.package_identification:_identify(.) by extension 'ros'
[0.480s] Level 1:colcon.colcon_core.package_identification:_identify(.) by extensions ['cmake', 'python']
[0.481s] Level 1:colcon.colcon_core.package_identification:_identify(.) by extension 'cmake'
[0.481s] Level 1:colcon.colcon_core.package_identification:_identify(.) by extension 'python'
[0.481s] Level 1:colcon.colcon_core.package_identification:_identify(.) by extensions ['python_setup_py']
[0.482s] Level 1:colcon.colcon_core.package_identification:_identify(.) by extension 'python_setup_py'
[0.484s] Level 1:colcon.colcon_core.package_identification:_identify(build) by extensions ['ignore', 'ignore_ament_install']
[0.484s] Level 1:colcon.colcon_core.package_identification:_identify(build) by extension 'ignore'
[0.485s] Level 1:colcon.colcon_core.package_identification:_identify(build) ignored
[0.487s] Level 1:colcon.colcon_core.package_identification:_identify(docs) by extensions ['ignore', 'ignore_ament_install']
[0.487s] Level 1:colcon.colcon_core.package_identification:_identify(docs) by extension 'ignore'
[0.488s] Level 1:colcon.colcon_core.package_identification:_identify(docs) by extension 'ignore_ament_install'
[0.488s] Level 1:colcon.colcon_core.package_identification:_identify(docs) by extensions ['colcon_pkg']
[0.489s] Level 1:colcon.colcon_core.package_identification:_identify(docs) by extension 'colcon_pkg'
[0.489s] Level 1:colcon.colcon_core.package_identification:_identify(docs) by extensions ['colcon_meta']
[0.490s] Level 1:colcon.colcon_core.package_identification:_identify(docs) by extension 'colcon_meta'
[0.490s] Level 1:colcon.colcon_core.package_identification:_identify(docs) by extensions ['ros']
[0.491s] Level 1:colcon.colcon_core.package_identification:_identify(docs) by extension 'ros'
[0.493s] Level 1:colcon.colcon_core.package_identification:_identify(docs) by extensions ['cmake', 'python']
[0.493s] Level 1:colcon.colcon_core.package_identification:_identify(docs) by extension 'cmake'
[0.494s] Level 1:colcon.colcon_core.package_identification:_identify(docs) by extension 'python'
[0.494s] Level 1:colcon.colcon_core.package_identification:_identify(docs) by extensions ['python_setup_py']
[0.495s] Level 1:colcon.colcon_core.package_identification:_identify(docs) by extension 'python_setup_py'
[0.497s] Level 1:colcon.colcon_core.package_identification:_identify(install) by extensions ['ignore', 'ignore_ament_install']
[0.498s] Level 1:colcon.colcon_core.package_identification:_identify(install) by extension 'ignore'
[0.499s] Level 1:colcon.colcon_core.package_identification:_identify(install) ignored
[0.501s] Level 1:colcon.colcon_core.package_identification:_identify(log) by extensions ['ignore', 'ignore_ament_install']
[0.502s] Level 1:colcon.colcon_core.package_identification:_identify(log) by extension 'ignore'
[0.503s] Level 1:colcon.colcon_core.package_identification:_identify(log) ignored
[0.505s] Level 1:colcon.colcon_core.package_identification:_identify(src) by extensions ['ignore', 'ignore_ament_install']
[0.506s] Level 1:colcon.colcon_core.package_identification:_identify(src) by extension 'ignore'
[0.507s] Level 1:colcon.colcon_core.package_identification:_identify(src) by extension 'ignore_ament_install'
[0.508s] Level 1:colcon.colcon_core.package_identification:_identify(src) by extensions ['colcon_pkg']
[0.509s] Level 1:colcon.colcon_core.package_identification:_identify(src) by extension 'colcon_pkg'
[0.510s] Level 1:colcon.colcon_core.package_identification:_identify(src) by extensions ['colcon_meta']
[0.510s] Level 1:colcon.colcon_core.package_identification:_identify(src) by extension 'colcon_meta'
[0.511s] Level 1:colcon.colcon_core.package_identification:_identify(src) by extensions ['ros']
[0.511s] Level 1:colcon.colcon_core.package_identification:_identify(src) by extension 'ros'
[0.514s] Level 1:colcon.colcon_core.package_identification:_identify(src) by extensions ['cmake', 'python']
[0.514s] Level 1:colcon.colcon_core.package_identification:_identify(src) by extension 'cmake'
[0.515s] Level 1:colcon.colcon_core.package_identification:_identify(src) by extension 'python'
[0.516s] Level 1:colcon.colcon_core.package_identification:_identify(src) by extensions ['python_setup_py']
[0.516s] Level 1:colcon.colcon_core.package_identification:_identify(src) by extension 'python_setup_py'
[0.519s] Level 1:colcon.colcon_core.package_identification:_identify(src/composition) by extensions ['ignore', 'ignore_ament_install']
[0.519s] Level 1:colcon.colcon_core.package_identification:_identify(src/composition) by extension 'ignore'
[0.520s] Level 1:colcon.colcon_core.package_identification:_identify(src/composition) by extension 'ignore_ament_install'
[0.521s] Level 1:colcon.colcon_core.package_identification:_identify(src/composition) by extensions ['colcon_pkg']
[0.522s] Level 1:colcon.colcon_core.package_identification:_identify(src/composition) by extension 'colcon_pkg'
[0.522s] Level 1:colcon.colcon_core.package_identification:_identify(src/composition) by extensions ['colcon_meta']
[0.523s] Level 1:colcon.colcon_core.package_identification:_identify(src/composition) by extension 'colcon_meta'
[0.524s] Level 1:colcon.colcon_core.package_identification:_identify(src/composition) by extensions ['ros']
[0.524s] Level 1:colcon.colcon_core.package_identification:_identify(src/composition) by extension 'ros'
[0.536s] DEBUG:colcon.colcon_core.package_identification:Package 'src/composition' with type 'ros.ament_cmake' and name 'composition'
[0.539s] Level 1:colcon.colcon_core.package_identification:_identify(src/custom_executor) by extensions ['ignore', 'ignore_ament_install']
[0.540s] Level 1:colcon.colcon_core.package_identification:_identify(src/custom_executor) by extension 'ignore'
[0.540s] Level 1:colcon.colcon_core.package_identification:_identify(src/custom_executor) by extension 'ignore_ament_install'
[0.542s] Level 1:colcon.colcon_core.package_identification:_identify(src/custom_executor) by extensions ['colcon_pkg']
[0.542s] Level 1:colcon.colcon_core.package_identification:_identify(src/custom_executor) by extension 'colcon_pkg'
[0.543s] Level 1:colcon.colcon_core.package_identification:_identify(src/custom_executor) by extensions ['colcon_meta']
[0.543s] Level 1:colcon.colcon_core.package_identification:_identify(src/custom_executor) by extension 'colcon_meta'
[0.544s] Level 1:colcon.colcon_core.package_identification:_identify(src/custom_executor) by extensions ['ros']
[0.544s] Level 1:colcon.colcon_core.package_identification:_identify(src/custom_executor) by extension 'ros'
[0.556s] DEBUG:colcon.colcon_core.package_identification:Package 'src/custom_executor' with type 'ros.ament_python' and name 'custom_executor'
[0.558s] Level 1:colcon.colcon_core.package_identification:_identify(src/packt_rclcpp_demo) by extensions ['ignore', 'ignore_ament_install']
[0.559s] Level 1:colcon.colcon_core.package_identification:_identify(src/packt_rclcpp_demo) by extension 'ignore'
[0.560s] Level 1:colcon.colcon_core.package_identification:_identify(src/packt_rclcpp_demo) by extension 'ignore_ament_install'
[0.561s] Level 1:colcon.colcon_core.package_identification:_identify(src/packt_rclcpp_demo) by extensions ['colcon_pkg']
[0.562s] Level 1:colcon.colcon_core.package_identification:_identify(src/packt_rclcpp_demo) by extension 'colcon_pkg'
[0.563s] Level 1:colcon.colcon_core.package_identification:_identify(src/packt_rclcpp_demo) by extensions ['colcon_meta']
[0.563s] Level 1:colcon.colcon_core.package_identification:_identify(src/packt_rclcpp_demo) by extension 'colcon_meta'
[0.564s] Level 1:colcon.colcon_core.package_identification:_identify(src/packt_rclcpp_demo) by extensions ['ros']
[0.564s] Level 1:colcon.colcon_core.package_identification:_identify(src/packt_rclcpp_demo) by extension 'ros'
[0.572s] DEBUG:colcon.colcon_core.package_identification:Package 'src/packt_rclcpp_demo' with type 'ros.ament_cmake' and name 'packt_rclcpp_demo'
[0.575s] Level 1:colcon.colcon_core.package_identification:_identify(src/packt_rclpy_demo) by extensions ['ignore', 'ignore_ament_install']
[0.575s] Level 1:colcon.colcon_core.package_identification:_identify(src/packt_rclpy_demo) by extension 'ignore'
[0.576s] Level 1:colcon.colcon_core.package_identification:_identify(src/packt_rclpy_demo) by extension 'ignore_ament_install'
[0.577s] Level 1:colcon.colcon_core.package_identification:_identify(src/packt_rclpy_demo) by extensions ['colcon_pkg']
[0.577s] Level 1:colcon.colcon_core.package_identification:_identify(src/packt_rclpy_demo) by extension 'colcon_pkg'
[0.578s] Level 1:colcon.colcon_core.package_identification:_identify(src/packt_rclpy_demo) by extensions ['colcon_meta']
[0.578s] Level 1:colcon.colcon_core.package_identification:_identify(src/packt_rclpy_demo) by extension 'colcon_meta'
[0.579s] Level 1:colcon.colcon_core.package_identification:_identify(src/packt_rclpy_demo) by extensions ['ros']
[0.580s] Level 1:colcon.colcon_core.package_identification:_identify(src/packt_rclpy_demo) by extension 'ros'
[0.591s] DEBUG:colcon.colcon_core.package_identification:Package 'src/packt_rclpy_demo' with type 'ros.ament_python' and name 'packt_rclpy_demo'
[0.591s] Level 1:colcon.colcon_core.package_discovery:discover_packages(recursive) using defaults
[0.591s] Level 1:colcon.colcon_core.package_discovery:discover_packages(ignore) discover
[0.592s] Level 1:colcon.colcon_core.package_discovery:discover_packages(ignore) using defaults
[0.592s] Level 1:colcon.colcon_core.package_discovery:discover_packages(path) discover
[0.592s] Level 1:colcon.colcon_core.package_discovery:discover_packages(path) using defaults
[0.608s] Level 5:colcon.colcon_core.verb:set package 'composition' build argument 'cmake_args' from command line to 'None'
[0.609s] Level 5:colcon.colcon_core.verb:set package 'composition' build argument 'cmake_target' from command line to 'None'
[0.609s] Level 5:colcon.colcon_core.verb:set package 'composition' build argument 'cmake_target_skip_unavailable' from command line to 'False'
[0.609s] Level 5:colcon.colcon_core.verb:set package 'composition' build argument 'cmake_clean_cache' from command line to 'False'
[0.609s] Level 5:colcon.colcon_core.verb:set package 'composition' build argument 'cmake_clean_first' from command line to 'False'
[0.609s] Level 5:colcon.colcon_core.verb:set package 'composition' build argument 'cmake_force_configure' from command line to 'False'
[0.610s] Level 5:colcon.colcon_core.verb:set package 'composition' build argument 'ament_cmake_args' from command line to 'None'
[0.610s] Level 5:colcon.colcon_core.verb:set package 'composition' build argument 'catkin_cmake_args' from command line to 'None'
[0.610s] Level 5:colcon.colcon_core.verb:set package 'composition' build argument 'catkin_skip_building_tests' from command line to 'False'
[0.610s] DEBUG:colcon.colcon_core.verb:Building package 'composition' with the following arguments: {'ament_cmake_args': None, 'build_base': '/colcon_ws/build/composition', 'catkin_cmake_args': None, 'catkin_skip_building_tests': False, 'cmake_args': None, 'cmake_clean_cache': False, 'cmake_clean_first': False, 'cmake_force_configure': False, 'cmake_target': None, 'cmake_target_skip_unavailable': False, 'install_base': '/colcon_ws/install/composition', 'merge_install': False, 'path': '/colcon_ws/src/composition', 'symlink_install': False, 'test_result_base': None}
[0.616s] Level 5:colcon.colcon_core.verb:set package 'packt_rclcpp_demo' build argument 'cmake_args' from command line to 'None'
[0.616s] Level 5:colcon.colcon_core.verb:set package 'packt_rclcpp_demo' build argument 'cmake_target' from command line to 'None'
[0.616s] Level 5:colcon.colcon_core.verb:set package 'packt_rclcpp_demo' build argument 'cmake_target_skip_unavailable' from command line to 'False'
[0.616s] Level 5:colcon.colcon_core.verb:set package 'packt_rclcpp_demo' build argument 'cmake_clean_cache' from command line to 'False'
[0.616s] Level 5:colcon.colcon_core.verb:set package 'packt_rclcpp_demo' build argument 'cmake_clean_first' from command line to 'False'
[0.617s] Level 5:colcon.colcon_core.verb:set package 'packt_rclcpp_demo' build argument 'cmake_force_configure' from command line to 'False'
[0.617s] Level 5:colcon.colcon_core.verb:set package 'packt_rclcpp_demo' build argument 'ament_cmake_args' from command line to 'None'
[0.617s] Level 5:colcon.colcon_core.verb:set package 'packt_rclcpp_demo' build argument 'catkin_cmake_args' from command line to 'None'
[0.617s] Level 5:colcon.colcon_core.verb:set package 'packt_rclcpp_demo' build argument 'catkin_skip_building_tests' from command line to 'False'
[0.617s] DEBUG:colcon.colcon_core.verb:Building package 'packt_rclcpp_demo' with the following arguments: {'ament_cmake_args': None, 'build_base': '/colcon_ws/build/packt_rclcpp_demo', 'catkin_cmake_args': None, 'catkin_skip_building_tests': False, 'cmake_args': None, 'cmake_clean_cache': False, 'cmake_clean_first': False, 'cmake_force_configure': False, 'cmake_target': None, 'cmake_target_skip_unavailable': False, 'install_base': '/colcon_ws/install/packt_rclcpp_demo', 'merge_install': False, 'path': '/colcon_ws/src/packt_rclcpp_demo', 'symlink_install': False, 'test_result_base': None}
[0.623s] Level 5:colcon.colcon_core.verb:set package 'packt_rclpy_demo' build argument 'cmake_args' from command line to 'None'
[0.623s] Level 5:colcon.colcon_core.verb:set package 'packt_rclpy_demo' build argument 'cmake_target' from command line to 'None'
[0.623s] Level 5:colcon.colcon_core.verb:set package 'packt_rclpy_demo' build argument 'cmake_target_skip_unavailable' from command line to 'False'
[0.623s] Level 5:colcon.colcon_core.verb:set package 'packt_rclpy_demo' build argument 'cmake_clean_cache' from command line to 'False'
[0.624s] Level 5:colcon.colcon_core.verb:set package 'packt_rclpy_demo' build argument 'cmake_clean_first' from command line to 'False'
[0.624s] Level 5:colcon.colcon_core.verb:set package 'packt_rclpy_demo' build argument 'cmake_force_configure' from command line to 'False'
[0.624s] Level 5:colcon.colcon_core.verb:set package 'packt_rclpy_demo' build argument 'ament_cmake_args' from command line to 'None'
[0.624s] Level 5:colcon.colcon_core.verb:set package 'packt_rclpy_demo' build argument 'catkin_cmake_args' from command line to 'None'
[0.624s] Level 5:colcon.colcon_core.verb:set package 'packt_rclpy_demo' build argument 'catkin_skip_building_tests' from command line to 'False'
[0.624s] DEBUG:colcon.colcon_core.verb:Building package 'packt_rclpy_demo' with the following arguments: {'ament_cmake_args': None, 'build_base': '/colcon_ws/build/packt_rclpy_demo', 'catkin_cmake_args': None, 'catkin_skip_building_tests': False, 'cmake_args': None, 'cmake_clean_cache': False, 'cmake_clean_first': False, 'cmake_force_configure': False, 'cmake_target': None, 'cmake_target_skip_unavailable': False, 'install_base': '/colcon_ws/install/packt_rclpy_demo', 'merge_install': False, 'path': '/colcon_ws/src/packt_rclpy_demo', 'symlink_install': False, 'test_result_base': None}
[0.630s] Level 5:colcon.colcon_core.verb:set package 'custom_executor' build argument 'cmake_args' from command line to 'None'
[0.630s] Level 5:colcon.colcon_core.verb:set package 'custom_executor' build argument 'cmake_target' from command line to 'None'
[0.630s] Level 5:colcon.colcon_core.verb:set package 'custom_executor' build argument 'cmake_target_skip_unavailable' from command line to 'False'
[0.630s] Level 5:colcon.colcon_core.verb:set package 'custom_executor' build argument 'cmake_clean_cache' from command line to 'False'
[0.631s] Level 5:colcon.colcon_core.verb:set package 'custom_executor' build argument 'cmake_clean_first' from command line to 'False'
[0.631s] Level 5:colcon.colcon_core.verb:set package 'custom_executor' build argument 'cmake_force_configure' from command line to 'False'
[0.631s] Level 5:colcon.colcon_core.verb:set package 'custom_executor' build argument 'ament_cmake_args' from command line to 'None'
[0.631s] Level 5:colcon.colcon_core.verb:set package 'custom_executor' build argument 'catkin_cmake_args' from command line to 'None'
[0.631s] Level 5:colcon.colcon_core.verb:set package 'custom_executor' build argument 'catkin_skip_building_tests' from command line to 'False'
[0.632s] DEBUG:colcon.colcon_core.verb:Building package 'custom_executor' with the following arguments: {'ament_cmake_args': None, 'build_base': '/colcon_ws/build/custom_executor', 'catkin_cmake_args': None, 'catkin_skip_building_tests': False, 'cmake_args': None, 'cmake_clean_cache': False, 'cmake_clean_first': False, 'cmake_force_configure': False, 'cmake_target': None, 'cmake_target_skip_unavailable': False, 'install_base': '/colcon_ws/install/custom_executor', 'merge_install': False, 'path': '/colcon_ws/src/custom_executor', 'symlink_install': False, 'test_result_base': None}
[0.632s] INFO:colcon.colcon_core.executor:Executing jobs using 'parallel' executor
[0.636s] DEBUG:colcon.colcon_parallel_executor.executor.parallel:run_until_complete
[0.636s] INFO:colcon.colcon_ros.task.ament_python.build:Building ROS package in '/colcon_ws/src/packt_rclpy_demo' with build type 'ament_python'
[0.637s] Level 1:colcon.colcon_core.shell:create_environment_hook('packt_rclpy_demo', 'ament_prefix_path')
[0.645s] INFO:colcon.colcon_core.plugin_system:Skipping extension 'colcon_core.shell.bat': Not used on non-Windows systems
[0.647s] INFO:colcon.colcon_core.shell:Creating environment hook '/colcon_ws/install/packt_rclpy_demo/share/packt_rclpy_demo/hook/ament_prefix_path.ps1'
[0.662s] INFO:colcon.colcon_core.shell:Creating environment descriptor '/colcon_ws/install/packt_rclpy_demo/share/packt_rclpy_demo/hook/ament_prefix_path.dsv'
[0.670s] INFO:colcon.colcon_core.shell:Creating environment hook '/colcon_ws/install/packt_rclpy_demo/share/packt_rclpy_demo/hook/ament_prefix_path.sh'
[0.681s] INFO:colcon.colcon_core.shell:Skip shell extension 'powershell' for command environment: Not usable outside of PowerShell
[0.681s] DEBUG:colcon.colcon_core.shell:Skip shell extension 'dsv' for command environment
[0.692s] WARNING:colcon.colcon_ros.prefix_path.ament:The path '/colcon_ws/install/packt_rclcpp_demo' in the environment variable AMENT_PREFIX_PATH doesn't exist
[0.693s] WARNING:colcon.colcon_ros.prefix_path.ament:The path '/colcon_ws/install/custom_executor' in the environment variable AMENT_PREFIX_PATH doesn't exist
[0.696s] WARNING:colcon.colcon_ros.prefix_path.ament:The path '/colcon_ws/install/composition' in the environment variable AMENT_PREFIX_PATH doesn't exist
[0.697s] WARNING:colcon.colcon_ros.prefix_path.catkin:The path '/colcon_ws/install/packt_rclcpp_demo' in the environment variable CMAKE_PREFIX_PATH doesn't exist
[0.700s] WARNING:colcon.colcon_ros.prefix_path.catkin:The path '/colcon_ws/install/composition' in the environment variable CMAKE_PREFIX_PATH doesn't exist
[0.709s] DEBUG:colcon.colcon_core.shell:Ignoring prefix path '/opt/ros/foxy'
[1.173s] WARNING:colcon.colcon_ros.task.ament_python.build:Package 'packt_rclpy_demo' doesn't explicitly install a marker in the package index (colcon-ros currently does it implicitly but that fallback will be removed in the future)
[1.183s] WARNING:colcon.colcon_ros.task.ament_python.build:Package 'packt_rclpy_demo' doesn't explicitly install the 'package.xml' file (colcon-ros currently does it implicitly but that fallback will be removed in the future)
[1.196s] INFO:colcon.colcon_core.task.python.build:Building Python package in '/colcon_ws/src/packt_rclpy_demo'
[1.198s] INFO:colcon.colcon_core.shell:Skip shell extension 'powershell' for command environment: Not usable outside of PowerShell
[1.198s] DEBUG:colcon.colcon_core.shell:Skip shell extension 'dsv' for command environment
[1.211s] DEBUG:colcon.colcon_core.shell:Ignoring prefix path '/opt/ros/foxy'
[1.260s] DEBUG:colcon.colcon_core.event_handler.log_command:Invoking command in '/colcon_ws/src/packt_rclpy_demo': PYTHONPATH=/colcon_ws/install/packt_rclpy_demo/lib/python3.8/site-packages:${PYTHONPATH} /usr/bin/python3 setup.py egg_info --egg-base /colcon_ws/build/packt_rclpy_demo build --build-base /colcon_ws/build/packt_rclpy_demo/build install --prefix /colcon_ws/install/packt_rclpy_demo --record /colcon_ws/build/packt_rclpy_demo/install.log --single-version-externally-managed
[2.687s] DEBUG:colcon.colcon_core.event_handler.log_command:Invoked command in '/colcon_ws/src/packt_rclpy_demo' returned '0': PYTHONPATH=/colcon_ws/install/packt_rclpy_demo/lib/python3.8/site-packages:${PYTHONPATH} /usr/bin/python3 setup.py egg_info --egg-base /colcon_ws/build/packt_rclpy_demo build --build-base /colcon_ws/build/packt_rclpy_demo/build install --prefix /colcon_ws/install/packt_rclpy_demo --record /colcon_ws/build/packt_rclpy_demo/install.log --single-version-externally-managed
[2.691s] Level 1:colcon.colcon_core.environment:checking '/colcon_ws/install/packt_rclpy_demo' for CMake module files
[2.711s] Level 1:colcon.colcon_core.environment:checking '/colcon_ws/install/packt_rclpy_demo' for CMake config files
[2.748s] Level 1:colcon.colcon_core.environment:checking '/colcon_ws/install/packt_rclpy_demo/lib'
[2.752s] Level 1:colcon.colcon_core.environment:checking '/colcon_ws/install/packt_rclpy_demo/bin'
[2.753s] Level 1:colcon.colcon_core.environment:checking '/colcon_ws/install/packt_rclpy_demo/lib/pkgconfig/packt_rclpy_demo.pc'
[2.754s] Level 1:colcon.colcon_core.environment:checking '/colcon_ws/install/packt_rclpy_demo/lib/python3.8/site-packages'
[2.756s] Level 1:colcon.colcon_core.shell:create_environment_hook('packt_rclpy_demo', 'pythonpath')
[2.757s] INFO:colcon.colcon_core.shell:Creating environment hook '/colcon_ws/install/packt_rclpy_demo/share/packt_rclpy_demo/hook/pythonpath.ps1'
[2.765s] INFO:colcon.colcon_core.shell:Creating environment descriptor '/colcon_ws/install/packt_rclpy_demo/share/packt_rclpy_demo/hook/pythonpath.dsv'
[2.772s] INFO:colcon.colcon_core.shell:Creating environment hook '/colcon_ws/install/packt_rclpy_demo/share/packt_rclpy_demo/hook/pythonpath.sh'
[2.779s] Level 1:colcon.colcon_core.environment:create_environment_scripts_only(packt_rclpy_demo)
[2.781s] INFO:colcon.colcon_core.shell:Creating package script '/colcon_ws/install/packt_rclpy_demo/share/packt_rclpy_demo/package.ps1'
[2.788s] INFO:colcon.colcon_core.shell:Creating package descriptor '/colcon_ws/install/packt_rclpy_demo/share/packt_rclpy_demo/package.dsv'
[2.794s] INFO:colcon.colcon_core.shell:Creating package script '/colcon_ws/install/packt_rclpy_demo/share/packt_rclpy_demo/package.sh'
[2.802s] INFO:colcon.colcon_core.shell:Creating package script '/colcon_ws/install/packt_rclpy_demo/share/packt_rclpy_demo/package.bash'
[2.809s] INFO:colcon.colcon_core.shell:Creating package script '/colcon_ws/install/packt_rclpy_demo/share/packt_rclpy_demo/package.zsh'
[2.816s] Level 1:colcon.colcon_core.environment:create_file_with_runtime_dependencies(/colcon_ws/install/packt_rclpy_demo/share/colcon-core/packages/packt_rclpy_demo)
[2.823s] INFO:colcon.colcon_ros.task.ament_cmake.build:Building ROS package in '/colcon_ws/src/composition' with build type 'ament_cmake'
[2.825s] INFO:colcon.colcon_cmake.task.cmake.build:Building CMake package in '/colcon_ws/src/composition'
[2.826s] INFO:colcon.colcon_core.shell:Skip shell extension 'powershell' for command environment: Not usable outside of PowerShell
[2.827s] DEBUG:colcon.colcon_core.shell:Skip shell extension 'dsv' for command environment
[2.845s] DEBUG:colcon.colcon_core.shell:Ignoring prefix path '/opt/ros/foxy'
[2.896s] DEBUG:colcon.colcon_core.event_handler.log_command:Invoking command in '/colcon_ws/build/composition': CMAKE_PREFIX_PATH=${CMAKE_PREFIX_PATH}:/colcon_ws/install/packt_rclpy_demo:/colcon_ws/install/custom_executor:/opt/ros/foxy /usr/bin/cmake /colcon_ws/src/composition -DCMAKE_INSTALL_PREFIX=/colcon_ws/install/composition
[16.529s] DEBUG:colcon.colcon_core.event_handler.log_command:Invoked command in '/colcon_ws/build/composition' returned '0': CMAKE_PREFIX_PATH=${CMAKE_PREFIX_PATH}:/colcon_ws/install/packt_rclpy_demo:/colcon_ws/install/custom_executor:/opt/ros/foxy /usr/bin/cmake /colcon_ws/src/composition -DCMAKE_INSTALL_PREFIX=/colcon_ws/install/composition
[16.539s] DEBUG:colcon.colcon_core.event_handler.log_command:Invoking command in '/colcon_ws/build/composition': CMAKE_PREFIX_PATH=${CMAKE_PREFIX_PATH}:/colcon_ws/install/packt_rclpy_demo:/colcon_ws/install/custom_executor:/opt/ros/foxy /usr/bin/cmake --build /colcon_ws/build/composition -- -j1 -l1
[42.295s] DEBUG:colcon.colcon_core.event_handler.log_command:Invoked command in '/colcon_ws/build/composition' returned '0': CMAKE_PREFIX_PATH=${CMAKE_PREFIX_PATH}:/colcon_ws/install/packt_rclpy_demo:/colcon_ws/install/custom_executor:/opt/ros/foxy /usr/bin/cmake --build /colcon_ws/build/composition -- -j1 -l1
[42.516s] DEBUG:colcon.colcon_core.event_handler.log_command:Invoking command in '/colcon_ws/build/composition': CMAKE_PREFIX_PATH=${CMAKE_PREFIX_PATH}:/colcon_ws/install/packt_rclpy_demo:/colcon_ws/install/custom_executor:/opt/ros/foxy /usr/bin/cmake --install /colcon_ws/build/composition
[43.590s] Level 1:colcon.colcon_core.environment:create_environment_scripts_only(composition)
[43.593s] Level 1:colcon.colcon_core.environment:checking '/colcon_ws/install/composition' for CMake module files
[43.593s] DEBUG:colcon.colcon_core.event_handler.log_command:Invoked command in '/colcon_ws/build/composition' returned '0': CMAKE_PREFIX_PATH=${CMAKE_PREFIX_PATH}:/colcon_ws/install/packt_rclpy_demo:/colcon_ws/install/custom_executor:/opt/ros/foxy /usr/bin/cmake --install /colcon_ws/build/composition
[43.630s] Level 1:colcon.colcon_core.environment:checking '/colcon_ws/install/composition' for CMake config files
[43.659s] Level 1:colcon.colcon_core.shell:create_environment_hook('composition', 'cmake_prefix_path')
[43.660s] INFO:colcon.colcon_core.shell:Creating environment hook '/colcon_ws/install/composition/share/composition/hook/cmake_prefix_path.ps1'
[43.667s] INFO:colcon.colcon_core.shell:Creating environment descriptor '/colcon_ws/install/composition/share/composition/hook/cmake_prefix_path.dsv'
[43.673s] INFO:colcon.colcon_core.shell:Creating environment hook '/colcon_ws/install/composition/share/composition/hook/cmake_prefix_path.sh'
[43.681s] Level 1:colcon.colcon_core.environment:checking '/colcon_ws/install/composition/lib'
[43.683s] Level 1:colcon.colcon_core.shell:create_environment_hook('composition', 'ld_library_path_lib')
[43.684s] INFO:colcon.colcon_core.shell:Creating environment hook '/colcon_ws/install/composition/share/composition/hook/ld_library_path_lib.ps1'
[43.691s] INFO:colcon.colcon_core.shell:Creating environment descriptor '/colcon_ws/install/composition/share/composition/hook/ld_library_path_lib.dsv'
[43.696s] INFO:colcon.colcon_core.shell:Creating environment hook '/colcon_ws/install/composition/share/composition/hook/ld_library_path_lib.sh'
[43.703s] Level 1:colcon.colcon_core.environment:checking '/colcon_ws/install/composition/bin'
[43.703s] Level 1:colcon.colcon_core.environment:checking '/colcon_ws/install/composition/lib/pkgconfig/composition.pc'
[43.704s] Level 1:colcon.colcon_core.environment:checking '/colcon_ws/install/composition/lib/python3.8/site-packages'
[43.706s] INFO:colcon.colcon_core.shell:Creating package script '/colcon_ws/install/composition/share/composition/package.ps1'
[43.712s] INFO:colcon.colcon_core.shell:Creating package descriptor '/colcon_ws/install/composition/share/composition/package.dsv'
[43.719s] INFO:colcon.colcon_core.shell:Creating package script '/colcon_ws/install/composition/share/composition/package.sh'
[43.724s] INFO:colcon.colcon_core.shell:Creating package script '/colcon_ws/install/composition/share/composition/package.bash'
[43.730s] INFO:colcon.colcon_core.shell:Creating package script '/colcon_ws/install/composition/share/composition/package.zsh'
[43.735s] Level 1:colcon.colcon_core.environment:create_file_with_runtime_dependencies(/colcon_ws/install/composition/share/colcon-core/packages/composition)
[43.741s] INFO:colcon.colcon_ros.task.ament_cmake.build:Building ROS package in '/colcon_ws/src/packt_rclcpp_demo' with build type 'ament_cmake'
[43.743s] INFO:colcon.colcon_cmake.task.cmake.build:Building CMake package in '/colcon_ws/src/packt_rclcpp_demo'
[43.744s] INFO:colcon.colcon_core.shell:Skip shell extension 'powershell' for command environment: Not usable outside of PowerShell
[43.745s] DEBUG:colcon.colcon_core.shell:Skip shell extension 'dsv' for command environment
[43.769s] DEBUG:colcon.colcon_core.shell:Ignoring prefix path '/opt/ros/foxy'
[43.822s] DEBUG:colcon.colcon_core.event_handler.log_command:Invoking command in '/colcon_ws/build/packt_rclcpp_demo': CMAKE_PREFIX_PATH=${CMAKE_PREFIX_PATH}:/colcon_ws/install/packt_rclpy_demo:/colcon_ws/install/custom_executor:/opt/ros/foxy /usr/bin/cmake /colcon_ws/src/packt_rclcpp_demo -DCMAKE_INSTALL_PREFIX=/colcon_ws/install/packt_rclcpp_demo
[55.442s] DEBUG:colcon.colcon_core.event_handler.log_command:Invoked command in '/colcon_ws/build/packt_rclcpp_demo' returned '0': CMAKE_PREFIX_PATH=${CMAKE_PREFIX_PATH}:/colcon_ws/install/packt_rclpy_demo:/colcon_ws/install/custom_executor:/opt/ros/foxy /usr/bin/cmake /colcon_ws/src/packt_rclcpp_demo -DCMAKE_INSTALL_PREFIX=/colcon_ws/install/packt_rclcpp_demo
[55.450s] DEBUG:colcon.colcon_core.event_handler.log_command:Invoking command in '/colcon_ws/build/packt_rclcpp_demo': CMAKE_PREFIX_PATH=${CMAKE_PREFIX_PATH}:/colcon_ws/install/packt_rclpy_demo:/colcon_ws/install/custom_executor:/opt/ros/foxy /usr/bin/cmake --build /colcon_ws/build/packt_rclcpp_demo -- -j1 -l1
[75.434s] DEBUG:colcon.colcon_core.event_handler.log_command:Invoked command in '/colcon_ws/build/packt_rclcpp_demo' returned '0': CMAKE_PREFIX_PATH=${CMAKE_PREFIX_PATH}:/colcon_ws/install/packt_rclpy_demo:/colcon_ws/install/custom_executor:/opt/ros/foxy /usr/bin/cmake --build /colcon_ws/build/packt_rclcpp_demo -- -j1 -l1
[75.728s] DEBUG:colcon.colcon_core.event_handler.log_command:Invoking command in '/colcon_ws/build/packt_rclcpp_demo': CMAKE_PREFIX_PATH=${CMAKE_PREFIX_PATH}:/colcon_ws/install/packt_rclpy_demo:/colcon_ws/install/custom_executor:/opt/ros/foxy /usr/bin/cmake --install /colcon_ws/build/packt_rclcpp_demo
[76.628s] Level 1:colcon.colcon_core.environment:create_environment_scripts_only(packt_rclcpp_demo)
[76.631s] Level 1:colcon.colcon_core.environment:checking '/colcon_ws/install/packt_rclcpp_demo' for CMake module files
[76.631s] DEBUG:colcon.colcon_core.event_handler.log_command:Invoked command in '/colcon_ws/build/packt_rclcpp_demo' returned '0': CMAKE_PREFIX_PATH=${CMAKE_PREFIX_PATH}:/colcon_ws/install/packt_rclpy_demo:/colcon_ws/install/custom_executor:/opt/ros/foxy /usr/bin/cmake --install /colcon_ws/build/packt_rclcpp_demo
[76.665s] Level 1:colcon.colcon_core.environment:checking '/colcon_ws/install/packt_rclcpp_demo' for CMake config files
[76.688s] Level 1:colcon.colcon_core.shell:create_environment_hook('packt_rclcpp_demo', 'cmake_prefix_path')
[76.689s] INFO:colcon.colcon_core.shell:Creating environment hook '/colcon_ws/install/packt_rclcpp_demo/share/packt_rclcpp_demo/hook/cmake_prefix_path.ps1'
[76.696s] INFO:colcon.colcon_core.shell:Creating environment descriptor '/colcon_ws/install/packt_rclcpp_demo/share/packt_rclcpp_demo/hook/cmake_prefix_path.dsv'
[76.702s] INFO:colcon.colcon_core.shell:Creating environment hook '/colcon_ws/install/packt_rclcpp_demo/share/packt_rclcpp_demo/hook/cmake_prefix_path.sh'
[76.712s] Level 1:colcon.colcon_core.environment:checking '/colcon_ws/install/packt_rclcpp_demo/lib'
[76.714s] Level 1:colcon.colcon_core.environment:checking '/colcon_ws/install/packt_rclcpp_demo/bin'
[76.714s] Level 1:colcon.colcon_core.environment:checking '/colcon_ws/install/packt_rclcpp_demo/lib/pkgconfig/packt_rclcpp_demo.pc'
[76.715s] Level 1:colcon.colcon_core.environment:checking '/colcon_ws/install/packt_rclcpp_demo/lib/python3.8/site-packages'
[76.717s] INFO:colcon.colcon_core.shell:Creating package script '/colcon_ws/install/packt_rclcpp_demo/share/packt_rclcpp_demo/package.ps1'
[76.723s] INFO:colcon.colcon_core.shell:Creating package descriptor '/colcon_ws/install/packt_rclcpp_demo/share/packt_rclcpp_demo/package.dsv'
[76.731s] INFO:colcon.colcon_core.shell:Creating package script '/colcon_ws/install/packt_rclcpp_demo/share/packt_rclcpp_demo/package.sh'
[76.737s] INFO:colcon.colcon_core.shell:Creating package script '/colcon_ws/install/packt_rclcpp_demo/share/packt_rclcpp_demo/package.bash'
[76.743s] INFO:colcon.colcon_core.shell:Creating package script '/colcon_ws/install/packt_rclcpp_demo/share/packt_rclcpp_demo/package.zsh'
[76.750s] Level 1:colcon.colcon_core.environment:create_file_with_runtime_dependencies(/colcon_ws/install/packt_rclcpp_demo/share/colcon-core/packages/packt_rclcpp_demo)
[76.757s] INFO:colcon.colcon_ros.task.ament_python.build:Building ROS package in '/colcon_ws/src/custom_executor' with build type 'ament_python'
[76.757s] Level 1:colcon.colcon_core.shell:create_environment_hook('custom_executor', 'ament_prefix_path')
[76.758s] INFO:colcon.colcon_core.shell:Creating environment hook '/colcon_ws/install/custom_executor/share/custom_executor/hook/ament_prefix_path.ps1'
[76.775s] INFO:colcon.colcon_core.shell:Creating environment descriptor '/colcon_ws/install/custom_executor/share/custom_executor/hook/ament_prefix_path.dsv'
[76.783s] INFO:colcon.colcon_core.shell:Creating environment hook '/colcon_ws/install/custom_executor/share/custom_executor/hook/ament_prefix_path.sh'
[76.792s] INFO:colcon.colcon_core.shell:Skip shell extension 'powershell' for command environment: Not usable outside of PowerShell
[76.792s] DEBUG:colcon.colcon_core.shell:Skip shell extension 'dsv' for command environment
[76.823s] DEBUG:colcon.colcon_core.shell:Ignoring prefix path '/opt/ros/foxy'
[77.403s] WARNING:colcon.colcon_ros.task.ament_python.build:Package 'custom_executor' doesn't explicitly install a marker in the package index (colcon-ros currently does it implicitly but that fallback will be removed in the future)
[77.416s] WARNING:colcon.colcon_ros.task.ament_python.build:Package 'custom_executor' doesn't explicitly install the 'package.xml' file (colcon-ros currently does it implicitly but that fallback will be removed in the future)
[77.430s] INFO:colcon.colcon_core.task.python.build:Building Python package in '/colcon_ws/src/custom_executor'
[77.432s] INFO:colcon.colcon_core.shell:Skip shell extension 'powershell' for command environment: Not usable outside of PowerShell
[77.432s] DEBUG:colcon.colcon_core.shell:Skip shell extension 'dsv' for command environment
[77.462s] DEBUG:colcon.colcon_core.shell:Ignoring prefix path '/opt/ros/foxy'
[77.538s] DEBUG:colcon.colcon_core.event_handler.log_command:Invoking command in '/colcon_ws/src/custom_executor': PYTHONPATH=/colcon_ws/install/custom_executor/lib/python3.8/site-packages:${PYTHONPATH} /usr/bin/python3 setup.py egg_info --egg-base /colcon_ws/build/custom_executor build --build-base /colcon_ws/build/custom_executor/build install --prefix /colcon_ws/install/custom_executor --record /colcon_ws/build/custom_executor/install.log --single-version-externally-managed
[78.769s] Level 1:colcon.colcon_core.environment:checking '/colcon_ws/install/custom_executor' for CMake module files
[78.771s] DEBUG:colcon.colcon_core.event_handler.log_command:Invoked command in '/colcon_ws/src/custom_executor' returned '0': PYTHONPATH=/colcon_ws/install/custom_executor/lib/python3.8/site-packages:${PYTHONPATH} /usr/bin/python3 setup.py egg_info --egg-base /colcon_ws/build/custom_executor build --build-base /colcon_ws/build/custom_executor/build install --prefix /colcon_ws/install/custom_executor --record /colcon_ws/build/custom_executor/install.log --single-version-externally-managed
[78.788s] Level 1:colcon.colcon_core.environment:checking '/colcon_ws/install/custom_executor' for CMake config files
[78.828s] Level 1:colcon.colcon_core.environment:checking '/colcon_ws/install/custom_executor/lib'
[78.830s] Level 1:colcon.colcon_core.environment:checking '/colcon_ws/install/custom_executor/bin'
[78.831s] Level 1:colcon.colcon_core.environment:checking '/colcon_ws/install/custom_executor/lib/pkgconfig/custom_executor.pc'
[78.831s] Level 1:colcon.colcon_core.environment:checking '/colcon_ws/install/custom_executor/lib/python3.8/site-packages'
[78.832s] Level 1:colcon.colcon_core.shell:create_environment_hook('custom_executor', 'pythonpath')
[78.834s] INFO:colcon.colcon_core.shell:Creating environment hook '/colcon_ws/install/custom_executor/share/custom_executor/hook/pythonpath.ps1'
[78.840s] INFO:colcon.colcon_core.shell:Creating environment descriptor '/colcon_ws/install/custom_executor/share/custom_executor/hook/pythonpath.dsv'
[78.846s] INFO:colcon.colcon_core.shell:Creating environment hook '/colcon_ws/install/custom_executor/share/custom_executor/hook/pythonpath.sh'
[78.852s] Level 1:colcon.colcon_core.environment:create_environment_scripts_only(custom_executor)
[78.853s] INFO:colcon.colcon_core.shell:Creating package script '/colcon_ws/install/custom_executor/share/custom_executor/package.ps1'
[78.859s] INFO:colcon.colcon_core.shell:Creating package descriptor '/colcon_ws/install/custom_executor/share/custom_executor/package.dsv'
[78.864s] INFO:colcon.colcon_core.shell:Creating package script '/colcon_ws/install/custom_executor/share/custom_executor/package.sh'
[78.870s] INFO:colcon.colcon_core.shell:Creating package script '/colcon_ws/install/custom_executor/share/custom_executor/package.bash'
[78.876s] INFO:colcon.colcon_core.shell:Creating package script '/colcon_ws/install/custom_executor/share/custom_executor/package.zsh'
[78.881s] Level 1:colcon.colcon_core.environment:create_file_with_runtime_dependencies(/colcon_ws/install/custom_executor/share/colcon-core/packages/custom_executor)
[78.887s] DEBUG:colcon.colcon_parallel_executor.executor.parallel:closing loop
[78.888s] DEBUG:colcon.colcon_parallel_executor.executor.parallel:loop closed
[78.888s] DEBUG:colcon.colcon_parallel_executor.executor.parallel:run_until_complete finished with '0'
[78.888s] DEBUG:colcon.colcon_core.event_reactor:joining thread
[78.907s] INFO:colcon.colcon_core.plugin_system:Skipping extension 'colcon_notification.desktop_notification.notify_send': Could not find 'notify-send'
[78.907s] INFO:colcon.colcon_core.plugin_system:Skipping extension 'colcon_notification.desktop_notification.terminal_notifier': Not used on non-Darwin systems
[78.907s] INFO:colcon.colcon_core.plugin_system:Skipping extension 'colcon_notification.desktop_notification.win32': Not used on non-Windows systems
[78.907s] INFO:colcon.colcon_notification.desktop_notification:Sending desktop notification using 'notify2'
[78.908s] DEBUG:colcon.colcon_notification.desktop_notification.notify2:Failed to initialize notify2: org.freedesktop.DBus.Error.NotSupported: Unable to autolaunch a dbus-daemon without a $DISPLAY for X11
[78.908s] DEBUG:colcon.colcon_core.event_reactor:joined thread
[78.909s] INFO:colcon.colcon_core.shell:Creating prefix script '/colcon_ws/install/local_setup.ps1'
[78.914s] INFO:colcon.colcon_core.shell:Creating prefix util module '/colcon_ws/install/_local_setup_util_ps1.py'
[78.921s] INFO:colcon.colcon_core.shell:Creating prefix chain script '/colcon_ws/install/setup.ps1'
[78.944s] INFO:colcon.colcon_core.shell:Creating prefix script '/colcon_ws/install/local_setup.sh'
[78.949s] INFO:colcon.colcon_core.shell:Creating prefix util module '/colcon_ws/install/_local_setup_util_sh.py'
[78.952s] INFO:colcon.colcon_core.shell:Creating prefix chain script '/colcon_ws/install/setup.sh'
[78.974s] INFO:colcon.colcon_core.shell:Creating prefix script '/colcon_ws/install/local_setup.bash'
[78.978s] INFO:colcon.colcon_core.shell:Creating prefix chain script '/colcon_ws/install/setup.bash'
[79.000s] INFO:colcon.colcon_core.shell:Creating prefix script '/colcon_ws/install/local_setup.zsh'
[79.004s] INFO:colcon.colcon_core.shell:Creating prefix chain script '/colcon_ws/install/setup.zsh'
