[0.937s] Invoking command in '/colcon_ws/src/custom_executor': PYTHONPATH=/colcon_ws/install/custom_executor/lib/python3.8/site-packages:${PYTHONPATH} /usr/bin/python3 setup.py egg_info --egg-base /colcon_ws/build/custom_executor build --build-base /colcon_ws/build/custom_executor/build install --prefix /colcon_ws/install/custom_executor --record /colcon_ws/build/custom_executor/install.log --single-version-externally-managed
[1.615s] running egg_info
[1.618s] creating /colcon_ws/build/custom_executor/custom_executor.egg-info
[1.623s] writing /colcon_ws/build/custom_executor/custom_executor.egg-info/PKG-INFO
[1.631s] writing dependency_links to /colcon_ws/build/custom_executor/custom_executor.egg-info/dependency_links.txt
[1.638s] writing entry points to /colcon_ws/build/custom_executor/custom_executor.egg-info/entry_points.txt
[1.643s] writing requirements to /colcon_ws/build/custom_executor/custom_executor.egg-info/requires.txt
[1.647s] writing top-level names to /colcon_ws/build/custom_executor/custom_executor.egg-info/top_level.txt
[1.658s] writing manifest file '/colcon_ws/build/custom_executor/custom_executor.egg-info/SOURCES.txt'
[1.761s] reading manifest file '/colcon_ws/build/custom_executor/custom_executor.egg-info/SOURCES.txt'
[1.787s] writing manifest file '/colcon_ws/build/custom_executor/custom_executor.egg-info/SOURCES.txt'
[1.792s] running build
[1.794s] running build_py
[1.799s] creating /colcon_ws/build/custom_executor/build
[1.802s] creating /colcon_ws/build/custom_executor/build/lib
[1.805s] creating /colcon_ws/build/custom_executor/build/lib/custom_executor
[1.812s] copying custom_executor/__init__.py -> /colcon_ws/build/custom_executor/build/lib/custom_executor
[1.827s] copying custom_executor/custom_executor_example.py -> /colcon_ws/build/custom_executor/build/lib/custom_executor
[1.859s] running install
[1.867s] running install_lib
[1.882s] creating /colcon_ws/install/custom_executor/lib/python3.8/site-packages/custom_executor
[1.893s] copying /colcon_ws/build/custom_executor/build/lib/custom_executor/custom_executor_example.py -> /colcon_ws/install/custom_executor/lib/python3.8/site-packages/custom_executor
[1.917s] copying /colcon_ws/build/custom_executor/build/lib/custom_executor/__init__.py -> /colcon_ws/install/custom_executor/lib/python3.8/site-packages/custom_executor
[1.940s] byte-compiling /colcon_ws/install/custom_executor/lib/python3.8/site-packages/custom_executor/custom_executor_example.py to custom_executor_example.cpython-38.pyc
[1.971s] byte-compiling /colcon_ws/install/custom_executor/lib/python3.8/site-packages/custom_executor/__init__.py to __init__.cpython-38.pyc
[1.995s] running install_egg_info
[2.008s] Copying /colcon_ws/build/custom_executor/custom_executor.egg-info to /colcon_ws/install/custom_executor/lib/python3.8/site-packages/custom_executor-0.0.0-py3.8.egg-info
[2.194s] running install_scripts
[2.264s] Installing custom_executor_example script to /colcon_ws/install/custom_executor/lib/custom_executor
[2.277s] writing list of installed files to '/colcon_ws/build/custom_executor/install.log'
[2.765s] Invoked command in '/colcon_ws/src/custom_executor' returned '0': PYTHONPATH=/colcon_ws/install/custom_executor/lib/python3.8/site-packages:${PYTHONPATH} /usr/bin/python3 setup.py egg_info --egg-base /colcon_ws/build/custom_executor build --build-base /colcon_ws/build/custom_executor/build install --prefix /colcon_ws/install/custom_executor --record /colcon_ws/build/custom_executor/install.log --single-version-externally-managed
