[0.045s] Invoking command in '/colcon_ws/build/composition': CMAKE_PREFIX_PATH=/opt/ros/foxy /usr/bin/cmake /colcon_ws/src/composition -DCMAKE_INSTALL_PREFIX=/colcon_ws/install/composition
[0.253s] -- The C compiler identification is GNU 9.3.0
[0.447s] -- The CXX compiler identification is GNU 9.3.0
[0.491s] -- Check for working C compiler: /usr/bin/cc
[0.937s] -- Check for working C compiler: /usr/bin/cc -- works
[0.945s] -- Detecting C compiler ABI info
[1.408s] -- Detecting C compiler ABI info - done
[1.452s] -- Detecting C compile features
[1.454s] -- Detecting C compile features - done
[1.495s] -- Check for working CXX compiler: /usr/bin/c++
[1.957s] -- Check for working CXX compiler: /usr/bin/c++ -- works
[1.964s] -- Detecting CXX compiler ABI info
[2.578s] -- Detecting CXX compiler ABI info - done
[2.627s] -- Detecting CXX compile features
[2.632s] -- Detecting CXX compile features - done
[2.696s] -- Found ament_cmake: 0.9.6 (/opt/ros/foxy/share/ament_cmake/cmake)
[2.731s] -- Found PythonInterp: /usr/bin/python3 (found suitable version "3.8.2", minimum required is "3") 
[2.733s] -- Using PYTHON_EXECUTABLE: /usr/bin/python3
[3.083s] -- Found class_loader: 2.0.1 (/opt/ros/foxy/share/class_loader/cmake)
[3.118s] -- Found rclcpp: 2.1.0 (/opt/ros/foxy/share/rclcpp/cmake)
[3.189s] -- Using all available rosidl_typesupport_c: rosidl_typesupport_fastrtps_c;rosidl_typesupport_introspection_c
[3.204s] -- Found rosidl_adapter: 1.0.1 (/opt/ros/foxy/share/rosidl_adapter/cmake)
[3.304s] -- Found OpenSSL: /usr/lib/x86_64-linux-gnu/libcrypto.so (found version "1.1.1f")  
[3.344s] -- Found FastRTPS: /opt/ros/foxy/include  
[3.468s] -- Using all available rosidl_typesupport_cpp: rosidl_typesupport_fastrtps_cpp;rosidl_typesupport_introspection_cpp
[3.596s] -- Found rmw_implementation_cmake: 1.0.1 (/opt/ros/foxy/share/rmw_implementation_cmake/cmake)
[3.603s] -- Using RMW implementation 'rmw_fastrtps_cpp' as default
[3.634s] -- Looking for pthread.h
[4.171s] -- Looking for pthread.h - found
[4.182s] -- Performing Test CMAKE_HAVE_LIBC_PTHREAD
[4.639s] -- Performing Test CMAKE_HAVE_LIBC_PTHREAD - Failed
[4.650s] -- Looking for pthread_create in pthreads
[5.059s] -- Looking for pthread_create in pthreads - not found
[5.065s] -- Looking for pthread_create in pthread
[5.572s] -- Looking for pthread_create in pthread - found
[5.581s] -- Found Threads: TRUE  
[5.942s] -- Found rclcpp_components: 2.1.0 (/opt/ros/foxy/share/rclcpp_components/cmake)
[7.375s] -- Configuring done
[7.848s] -- Generating done
[7.927s] -- Build files have been written to: /colcon_ws/build/composition
[7.935s] Invoked command in '/colcon_ws/build/composition' returned '0': CMAKE_PREFIX_PATH=/opt/ros/foxy /usr/bin/cmake /colcon_ws/src/composition -DCMAKE_INSTALL_PREFIX=/colcon_ws/install/composition
[7.945s] Invoking command in '/colcon_ws/build/composition': CMAKE_PREFIX_PATH=/opt/ros/foxy /usr/bin/cmake --build /colcon_ws/build/composition -- -j1 -l1
[8.697s] Scanning dependencies of target talker_component
[8.753s] [ 16%] Building CXX object CMakeFiles/talker_component.dir/src/talker_component.cpp.o
[14.655s] [ 33%] Linking CXX shared library libtalker_component.so
[16.368s] [ 33%] Built target talker_component
[17.043s] Scanning dependencies of target listener_component
[17.101s] [ 50%] Building CXX object CMakeFiles/listener_component.dir/src/listener_component.cpp.o
[25.860s] [ 66%] Linking CXX shared library liblistener_component.so
[29.308s] [ 66%] Built target listener_component
[30.061s] Scanning dependencies of target manual_composition
[30.121s] [ 83%] Building CXX object CMakeFiles/manual_composition.dir/src/manual_composition.cpp.o
[33.615s] [100%] Linking CXX executable manual_composition
[34.222s] [100%] Built target manual_composition
[34.266s] Invoked command in '/colcon_ws/build/composition' returned '0': CMAKE_PREFIX_PATH=/opt/ros/foxy /usr/bin/cmake --build /colcon_ws/build/composition -- -j1 -l1
[34.402s] Invoking command in '/colcon_ws/build/composition': CMAKE_PREFIX_PATH=/opt/ros/foxy /usr/bin/cmake --install /colcon_ws/build/composition
[34.423s] -- Install configuration: ""
[34.435s] -- Installing: /colcon_ws/install/composition/lib/libtalker_component.so
[34.516s] -- Set runtime path of "/colcon_ws/install/composition/lib/libtalker_component.so" to ""
[34.528s] -- Installing: /colcon_ws/install/composition/lib/liblistener_component.so
[34.654s] -- Set runtime path of "/colcon_ws/install/composition/lib/liblistener_component.so" to ""
[34.667s] -- Installing: /colcon_ws/install/composition/lib/composition/manual_composition
[34.725s] -- Set runtime path of "/colcon_ws/install/composition/lib/composition/manual_composition" to ""
[34.748s] -- Installing: /colcon_ws/install/composition/share/ament_index/resource_index/package_run_dependencies/composition
[34.805s] -- Installing: /colcon_ws/install/composition/share/ament_index/resource_index/parent_prefix_path/composition
[34.847s] -- Installing: /colcon_ws/install/composition/share/composition/environment/ament_prefix_path.sh
[34.877s] -- Installing: /colcon_ws/install/composition/share/composition/environment/ament_prefix_path.dsv
[34.911s] -- Installing: /colcon_ws/install/composition/share/composition/environment/path.sh
[34.940s] -- Installing: /colcon_ws/install/composition/share/composition/environment/path.dsv
[34.980s] -- Installing: /colcon_ws/install/composition/share/composition/local_setup.bash
[35.016s] -- Installing: /colcon_ws/install/composition/share/composition/local_setup.sh
[35.050s] -- Installing: /colcon_ws/install/composition/share/composition/local_setup.zsh
[35.085s] -- Installing: /colcon_ws/install/composition/share/composition/local_setup.dsv
[35.119s] -- Installing: /colcon_ws/install/composition/share/composition/package.dsv
[35.165s] -- Installing: /colcon_ws/install/composition/share/ament_index/resource_index/packages/composition
[35.220s] -- Installing: /colcon_ws/install/composition/share/ament_index/resource_index/rclcpp_components/composition
[35.267s] -- Installing: /colcon_ws/install/composition/share/composition/cmake/compositionConfig.cmake
[35.301s] -- Installing: /colcon_ws/install/composition/share/composition/cmake/compositionConfig-version.cmake
[35.337s] -- Installing: /colcon_ws/install/composition/share/composition/package.xml
[35.371s] Invoked command in '/colcon_ws/build/composition' returned '0': CMAKE_PREFIX_PATH=/opt/ros/foxy /usr/bin/cmake --install /colcon_ws/build/composition
