[0.074s] Invoking command in '/colcon_ws/build/packt_rclcpp_demo': CMAKE_PREFIX_PATH=${CMAKE_PREFIX_PATH}:/colcon_ws/install/packt_rclpy_demo:/colcon_ws/install/custom_executor:/opt/ros/foxy /usr/bin/cmake /colcon_ws/src/packt_rclcpp_demo -DCMAKE_INSTALL_PREFIX=/colcon_ws/install/packt_rclcpp_demo
[0.445s] -- The C compiler identification is GNU 9.3.0
[0.753s] -- The CXX compiler identification is GNU 9.3.0
[0.819s] -- Check for working C compiler: /usr/bin/cc
[1.556s] -- Check for working C compiler: /usr/bin/cc -- works
[1.563s] -- Detecting C compiler ABI info
[2.277s] -- Detecting C compiler ABI info - done
[2.323s] -- Detecting C compile features
[2.325s] -- Detecting C compile features - done
[2.363s] -- Check for working CXX compiler: /usr/bin/c++
[3.992s] -- Check for working CXX compiler: /usr/bin/c++ -- works
[4.001s] -- Detecting CXX compiler ABI info
[4.762s] -- Detecting CXX compiler ABI info - done
[4.811s] -- Detecting CXX compile features
[4.814s] -- Detecting CXX compile features - done
[4.884s] -- Found ament_cmake: 0.9.6 (/opt/ros/foxy/share/ament_cmake/cmake)
[5.024s] -- Found PythonInterp: /usr/bin/python3 (found suitable version "3.8.2", minimum required is "3") 
[5.027s] -- Using PYTHON_EXECUTABLE: /usr/bin/python3
[5.937s] -- Found rclcpp: 2.1.0 (/opt/ros/foxy/share/rclcpp/cmake)
[6.297s] -- Using all available rosidl_typesupport_c: rosidl_typesupport_fastrtps_c;rosidl_typesupport_introspection_c
[6.407s] -- Found rosidl_adapter: 1.0.1 (/opt/ros/foxy/share/rosidl_adapter/cmake)
[6.997s] -- Found OpenSSL: /usr/lib/x86_64-linux-gnu/libcrypto.so (found version "1.1.1f")  
[7.110s] -- Found FastRTPS: /opt/ros/foxy/include  
[7.543s] -- Using all available rosidl_typesupport_cpp: rosidl_typesupport_fastrtps_cpp;rosidl_typesupport_introspection_cpp
[7.890s] -- Found rmw_implementation_cmake: 1.0.1 (/opt/ros/foxy/share/rmw_implementation_cmake/cmake)
[7.898s] -- Using RMW implementation 'rmw_fastrtps_cpp' as default
[8.214s] -- Looking for pthread.h
[9.053s] -- Looking for pthread.h - found
[9.065s] -- Performing Test CMAKE_HAVE_LIBC_PTHREAD
[9.787s] -- Performing Test CMAKE_HAVE_LIBC_PTHREAD - Failed
[9.794s] -- Looking for pthread_create in pthreads
[10.504s] -- Looking for pthread_create in pthreads - not found
[10.510s] -- Looking for pthread_create in pthread
[11.240s] -- Looking for pthread_create in pthread - found
[11.252s] -- Found Threads: TRUE  
[11.906s] -- Found ament_lint_auto: 0.9.5 (/opt/ros/foxy/share/ament_lint_auto/cmake)
[12.588s] -- Added test 'copyright' to check source files copyright and LICENSE
[12.668s] -- Added test 'cppcheck' to perform static code analysis on C / C++ code
[12.670s] -- Configured cppcheck include dirs: 
[12.671s] -- Configured cppcheck exclude dirs and/or files: 
[12.747s] -- Added test 'cpplint' to check C / C++ code against the Google style
[12.748s] -- Configured cpplint exclude dirs and/or files: 
[12.787s] -- Added test 'lint_cmake' to check CMake code style
[12.873s] -- Added test 'uncrustify' to check C / C++ code style
[12.875s] -- Configured uncrustify additional arguments: 
[12.893s] -- Added test 'xmllint' to check XML markup files
[15.926s] -- Configuring done
[16.275s] -- Generating done
[16.353s] -- Build files have been written to: /colcon_ws/build/packt_rclcpp_demo
[16.361s] Invoked command in '/colcon_ws/build/packt_rclcpp_demo' returned '0': CMAKE_PREFIX_PATH=${CMAKE_PREFIX_PATH}:/colcon_ws/install/packt_rclpy_demo:/colcon_ws/install/custom_executor:/opt/ros/foxy /usr/bin/cmake /colcon_ws/src/packt_rclcpp_demo -DCMAKE_INSTALL_PREFIX=/colcon_ws/install/packt_rclcpp_demo
[16.373s] Invoking command in '/colcon_ws/build/packt_rclcpp_demo': CMAKE_PREFIX_PATH=${CMAKE_PREFIX_PATH}:/colcon_ws/install/packt_rclpy_demo:/colcon_ws/install/custom_executor:/opt/ros/foxy /usr/bin/cmake --build /colcon_ws/build/packt_rclcpp_demo -- -j1 -l1
[17.121s] Scanning dependencies of target listener
[17.242s] [ 25%] Building CXX object CMakeFiles/listener.dir/src/subscriber.cpp.o
[29.005s] [ 50%] Linking CXX executable listener
[32.756s] [ 50%] Built target listener
[33.535s] Scanning dependencies of target talker
[33.688s] [ 75%] Building CXX object CMakeFiles/talker.dir/src/publisher.cpp.o
[39.339s] [100%] Linking CXX executable talker
[41.448s] [100%] Built target talker
[41.543s] Invoked command in '/colcon_ws/build/packt_rclcpp_demo' returned '0': CMAKE_PREFIX_PATH=${CMAKE_PREFIX_PATH}:/colcon_ws/install/packt_rclpy_demo:/colcon_ws/install/custom_executor:/opt/ros/foxy /usr/bin/cmake --build /colcon_ws/build/packt_rclcpp_demo -- -j1 -l1
[41.895s] Invoking command in '/colcon_ws/build/packt_rclcpp_demo': CMAKE_PREFIX_PATH=${CMAKE_PREFIX_PATH}:/colcon_ws/install/packt_rclpy_demo:/colcon_ws/install/custom_executor:/opt/ros/foxy /usr/bin/cmake --install /colcon_ws/build/packt_rclcpp_demo
[42.004s] -- Install configuration: ""
[42.035s] -- Installing: /colcon_ws/install/packt_rclcpp_demo/lib/packt_rclcpp_demo/talker
[42.163s] -- Set runtime path of "/colcon_ws/install/packt_rclcpp_demo/lib/packt_rclcpp_demo/talker" to ""
[42.180s] -- Installing: /colcon_ws/install/packt_rclcpp_demo/lib/packt_rclcpp_demo/listener
[42.422s] -- Set runtime path of "/colcon_ws/install/packt_rclcpp_demo/lib/packt_rclcpp_demo/listener" to ""
[42.457s] -- Installing: /colcon_ws/install/packt_rclcpp_demo/share/ament_index/resource_index/package_run_dependencies/packt_rclcpp_demo
[42.543s] -- Installing: /colcon_ws/install/packt_rclcpp_demo/share/ament_index/resource_index/parent_prefix_path/packt_rclcpp_demo
[42.608s] -- Installing: /colcon_ws/install/packt_rclcpp_demo/share/packt_rclcpp_demo/environment/ament_prefix_path.sh
[42.657s] -- Installing: /colcon_ws/install/packt_rclcpp_demo/share/packt_rclcpp_demo/environment/ament_prefix_path.dsv
[42.699s] -- Installing: /colcon_ws/install/packt_rclcpp_demo/share/packt_rclcpp_demo/environment/path.sh
[42.739s] -- Installing: /colcon_ws/install/packt_rclcpp_demo/share/packt_rclcpp_demo/environment/path.dsv
[42.781s] -- Installing: /colcon_ws/install/packt_rclcpp_demo/share/packt_rclcpp_demo/local_setup.bash
[42.819s] -- Installing: /colcon_ws/install/packt_rclcpp_demo/share/packt_rclcpp_demo/local_setup.sh
[42.862s] -- Installing: /colcon_ws/install/packt_rclcpp_demo/share/packt_rclcpp_demo/local_setup.zsh
[42.915s] -- Installing: /colcon_ws/install/packt_rclcpp_demo/share/packt_rclcpp_demo/local_setup.dsv
[42.952s] -- Installing: /colcon_ws/install/packt_rclcpp_demo/share/packt_rclcpp_demo/package.dsv
[43.001s] -- Installing: /colcon_ws/install/packt_rclcpp_demo/share/ament_index/resource_index/packages/packt_rclcpp_demo
[43.057s] -- Installing: /colcon_ws/install/packt_rclcpp_demo/share/packt_rclcpp_demo/cmake/packt_rclcpp_demoConfig.cmake
[43.107s] -- Installing: /colcon_ws/install/packt_rclcpp_demo/share/packt_rclcpp_demo/cmake/packt_rclcpp_demoConfig-version.cmake
[43.154s] -- Installing: /colcon_ws/install/packt_rclcpp_demo/share/packt_rclcpp_demo/package.xml
[43.194s] Invoked command in '/colcon_ws/build/packt_rclcpp_demo' returned '0': CMAKE_PREFIX_PATH=${CMAKE_PREFIX_PATH}:/colcon_ws/install/packt_rclpy_demo:/colcon_ws/install/custom_executor:/opt/ros/foxy /usr/bin/cmake --install /colcon_ws/build/packt_rclcpp_demo
