[0.077s] Invoking command in '/colcon_ws/build/composition': CMAKE_PREFIX_PATH=${CMAKE_PREFIX_PATH}:/colcon_ws/install/packt_rclpy_demo:/colcon_ws/install/custom_executor:/opt/ros/foxy /usr/bin/cmake /colcon_ws/src/composition -DCMAKE_INSTALL_PREFIX=/colcon_ws/install/composition
[0.351s] -- The C compiler identification is GNU 9.3.0
[1.765s] -- The CXX compiler identification is GNU 9.3.0
[1.837s] -- Check for working C compiler: /usr/bin/cc
[2.915s] -- Check for working C compiler: /usr/bin/cc -- works
[2.923s] -- Detecting C compiler ABI info
[3.466s] -- Detecting C compiler ABI info - done
[3.515s] -- Detecting C compile features
[3.517s] -- Detecting C compile features - done
[3.565s] -- Check for working CXX compiler: /usr/bin/c++
[4.121s] -- Check for working CXX compiler: /usr/bin/c++ -- works
[4.129s] -- Detecting CXX compiler ABI info
[4.730s] -- Detecting CXX compiler ABI info - done
[4.782s] -- Detecting CXX compile features
[5.494s] -- Detecting CXX compile features - done
[5.592s] -- Found ament_cmake: 0.9.6 (/opt/ros/foxy/share/ament_cmake/cmake)
[5.695s] -- Found PythonInterp: /usr/bin/python3 (found suitable version "3.8.2", minimum required is "3") 
[5.698s] -- Using PYTHON_EXECUTABLE: /usr/bin/python3
[6.423s] -- Found class_loader: 2.0.1 (/opt/ros/foxy/share/class_loader/cmake)
[6.535s] -- Found rclcpp: 2.1.0 (/opt/ros/foxy/share/rclcpp/cmake)
[6.759s] -- Using all available rosidl_typesupport_c: rosidl_typesupport_fastrtps_c;rosidl_typesupport_introspection_c
[6.830s] -- Found rosidl_adapter: 1.0.1 (/opt/ros/foxy/share/rosidl_adapter/cmake)
[7.204s] -- Found OpenSSL: /usr/lib/x86_64-linux-gnu/libcrypto.so (found version "1.1.1f")  
[7.291s] -- Found FastRTPS: /opt/ros/foxy/include  
[7.530s] -- Using all available rosidl_typesupport_cpp: rosidl_typesupport_fastrtps_cpp;rosidl_typesupport_introspection_cpp
[7.780s] -- Found rmw_implementation_cmake: 1.0.1 (/opt/ros/foxy/share/rmw_implementation_cmake/cmake)
[7.788s] -- Using RMW implementation 'rmw_fastrtps_cpp' as default
[7.819s] -- Looking for pthread.h
[8.682s] -- Looking for pthread.h - found
[8.693s] -- Performing Test CMAKE_HAVE_LIBC_PTHREAD
[9.275s] -- Performing Test CMAKE_HAVE_LIBC_PTHREAD - Failed
[9.281s] -- Looking for pthread_create in pthreads
[10.395s] -- Looking for pthread_create in pthreads - not found
[10.401s] -- Looking for pthread_create in pthread
[10.960s] -- Looking for pthread_create in pthread - found
[10.969s] -- Found Threads: TRUE  
[11.486s] -- Found rclcpp_components: 2.1.0 (/opt/ros/foxy/share/rclcpp_components/cmake)
[12.144s] -- Configuring done
[12.647s] -- Generating done
[12.743s] -- Build files have been written to: /colcon_ws/build/composition
[12.753s] Invoked command in '/colcon_ws/build/composition' returned '0': CMAKE_PREFIX_PATH=${CMAKE_PREFIX_PATH}:/colcon_ws/install/packt_rclpy_demo:/colcon_ws/install/custom_executor:/opt/ros/foxy /usr/bin/cmake /colcon_ws/src/composition -DCMAKE_INSTALL_PREFIX=/colcon_ws/install/composition
[12.763s] Invoking command in '/colcon_ws/build/composition': CMAKE_PREFIX_PATH=${CMAKE_PREFIX_PATH}:/colcon_ws/install/packt_rclpy_demo:/colcon_ws/install/custom_executor:/opt/ros/foxy /usr/bin/cmake --build /colcon_ws/build/composition -- -j1 -l1
[13.546s] Scanning dependencies of target talker_component
[13.625s] [ 16%] Building CXX object CMakeFiles/talker_component.dir/src/talker_component.cpp.o
[19.498s] [ 33%] Linking CXX shared library libtalker_component.so
[21.164s] [ 33%] Built target talker_component
[21.819s] Scanning dependencies of target listener_component
[21.894s] [ 50%] Building CXX object CMakeFiles/listener_component.dir/src/listener_component.cpp.o
[30.995s] [ 66%] Linking CXX shared library liblistener_component.so
[34.253s] [ 66%] Built target listener_component
[34.889s] Scanning dependencies of target manual_composition
[34.968s] [ 83%] Building CXX object CMakeFiles/manual_composition.dir/src/manual_composition.cpp.o
[38.430s] [100%] Linking CXX executable manual_composition
[39.035s] [100%] Built target manual_composition
[39.086s] Invoked command in '/colcon_ws/build/composition' returned '0': CMAKE_PREFIX_PATH=${CMAKE_PREFIX_PATH}:/colcon_ws/install/packt_rclpy_demo:/colcon_ws/install/custom_executor:/opt/ros/foxy /usr/bin/cmake --build /colcon_ws/build/composition -- -j1 -l1
[39.314s] Invoking command in '/colcon_ws/build/composition': CMAKE_PREFIX_PATH=${CMAKE_PREFIX_PATH}:/colcon_ws/install/packt_rclpy_demo:/colcon_ws/install/custom_executor:/opt/ros/foxy /usr/bin/cmake --install /colcon_ws/build/composition
[39.339s] -- Install configuration: ""
[39.355s] -- Installing: /colcon_ws/install/composition/lib/libtalker_component.so
[39.433s] -- Set runtime path of "/colcon_ws/install/composition/lib/libtalker_component.so" to ""
[39.446s] -- Installing: /colcon_ws/install/composition/lib/liblistener_component.so
[39.568s] -- Set runtime path of "/colcon_ws/install/composition/lib/liblistener_component.so" to ""
[39.581s] -- Installing: /colcon_ws/install/composition/lib/composition/manual_composition
[39.631s] -- Set runtime path of "/colcon_ws/install/composition/lib/composition/manual_composition" to ""
[39.658s] -- Installing: /colcon_ws/install/composition/share/ament_index/resource_index/package_run_dependencies/composition
[39.713s] -- Installing: /colcon_ws/install/composition/share/ament_index/resource_index/parent_prefix_path/composition
[39.756s] -- Installing: /colcon_ws/install/composition/share/composition/environment/ament_prefix_path.sh
[39.790s] -- Installing: /colcon_ws/install/composition/share/composition/environment/ament_prefix_path.dsv
[39.823s] -- Installing: /colcon_ws/install/composition/share/composition/environment/path.sh
[39.856s] -- Installing: /colcon_ws/install/composition/share/composition/environment/path.dsv
[39.892s] -- Installing: /colcon_ws/install/composition/share/composition/local_setup.bash
[39.927s] -- Installing: /colcon_ws/install/composition/share/composition/local_setup.sh
[39.959s] -- Installing: /colcon_ws/install/composition/share/composition/local_setup.zsh
[39.990s] -- Installing: /colcon_ws/install/composition/share/composition/local_setup.dsv
[40.022s] -- Installing: /colcon_ws/install/composition/share/composition/package.dsv
[40.067s] -- Installing: /colcon_ws/install/composition/share/ament_index/resource_index/packages/composition
[40.114s] -- Installing: /colcon_ws/install/composition/share/ament_index/resource_index/rclcpp_components/composition
[40.159s] -- Installing: /colcon_ws/install/composition/share/composition/cmake/compositionConfig.cmake
[40.192s] -- Installing: /colcon_ws/install/composition/share/composition/cmake/compositionConfig-version.cmake
[40.224s] -- Installing: /colcon_ws/install/composition/share/composition/package.xml
[40.255s] Invoked command in '/colcon_ws/build/composition' returned '0': CMAKE_PREFIX_PATH=${CMAKE_PREFIX_PATH}:/colcon_ws/install/packt_rclpy_demo:/colcon_ws/install/custom_executor:/opt/ros/foxy /usr/bin/cmake --install /colcon_ws/build/composition
