[0.806s] Invoking command in '/colcon_ws/src/custom_executor': PYTHONPATH=/colcon_ws/install/custom_executor/lib/python3.8/site-packages:${PYTHONPATH} /usr/bin/python3 setup.py egg_info --egg-base /colcon_ws/build/custom_executor build --build-base /colcon_ws/build/custom_executor/build install --prefix /colcon_ws/install/custom_executor --record /colcon_ws/build/custom_executor/install.log --single-version-externally-managed
[1.445s] running egg_info
[1.449s] creating /colcon_ws/build/custom_executor/custom_executor.egg-info
[1.454s] writing /colcon_ws/build/custom_executor/custom_executor.egg-info/PKG-INFO
[1.462s] writing dependency_links to /colcon_ws/build/custom_executor/custom_executor.egg-info/dependency_links.txt
[1.470s] writing entry points to /colcon_ws/build/custom_executor/custom_executor.egg-info/entry_points.txt
[1.475s] writing requirements to /colcon_ws/build/custom_executor/custom_executor.egg-info/requires.txt
[1.479s] writing top-level names to /colcon_ws/build/custom_executor/custom_executor.egg-info/top_level.txt
[1.491s] writing manifest file '/colcon_ws/build/custom_executor/custom_executor.egg-info/SOURCES.txt'
[1.596s] reading manifest file '/colcon_ws/build/custom_executor/custom_executor.egg-info/SOURCES.txt'
[1.631s] writing manifest file '/colcon_ws/build/custom_executor/custom_executor.egg-info/SOURCES.txt'
[1.636s] running build
[1.638s] running build_py
[1.643s] creating /colcon_ws/build/custom_executor/build
[1.646s] creating /colcon_ws/build/custom_executor/build/lib
[1.649s] creating /colcon_ws/build/custom_executor/build/lib/custom_executor
[1.658s] copying custom_executor/__init__.py -> /colcon_ws/build/custom_executor/build/lib/custom_executor
[1.672s] copying custom_executor/custom_executor_example.py -> /colcon_ws/build/custom_executor/build/lib/custom_executor
[1.697s] running install
[1.704s] running install_lib
[1.717s] creating /colcon_ws/install/custom_executor/lib/python3.8/site-packages/custom_executor
[1.729s] copying /colcon_ws/build/custom_executor/build/lib/custom_executor/custom_executor_example.py -> /colcon_ws/install/custom_executor/lib/python3.8/site-packages/custom_executor
[1.749s] copying /colcon_ws/build/custom_executor/build/lib/custom_executor/__init__.py -> /colcon_ws/install/custom_executor/lib/python3.8/site-packages/custom_executor
[1.773s] byte-compiling /colcon_ws/install/custom_executor/lib/python3.8/site-packages/custom_executor/custom_executor_example.py to custom_executor_example.cpython-38.pyc
[1.799s] byte-compiling /colcon_ws/install/custom_executor/lib/python3.8/site-packages/custom_executor/__init__.py to __init__.cpython-38.pyc
[1.819s] running install_egg_info
[1.832s] Copying /colcon_ws/build/custom_executor/custom_executor.egg-info to /colcon_ws/install/custom_executor/lib/python3.8/site-packages/custom_executor-0.0.0-py3.8.egg-info
[1.977s] running install_scripts
[2.034s] Installing custom_executor_example script to /colcon_ws/install/custom_executor/lib/custom_executor
[2.044s] writing list of installed files to '/colcon_ws/build/custom_executor/install.log'
[2.090s] Invoked command in '/colcon_ws/src/custom_executor' returned '0': PYTHONPATH=/colcon_ws/install/custom_executor/lib/python3.8/site-packages:${PYTHONPATH} /usr/bin/python3 setup.py egg_info --egg-base /colcon_ws/build/custom_executor build --build-base /colcon_ws/build/custom_executor/build install --prefix /colcon_ws/install/custom_executor --record /colcon_ws/build/custom_executor/install.log --single-version-externally-managed
