[0.396s] DEBUG:colcon:Command line arguments: ['/usr/bin/colcon', 'build', '--event-handlers', 'console_direct+']
[0.396s] DEBUG:colcon:Parsed command line arguments: Namespace(ament_cmake_args=None, base_paths=['.'], build_base='build', catkin_cmake_args=None, catkin_skip_building_tests=False, cmake_args=None, cmake_clean_cache=False, cmake_clean_first=False, cmake_force_configure=False, cmake_target=None, cmake_target_skip_unavailable=False, continue_on_error=False, event_handlers=['console_direct+'], executor='parallel', ignore_user_meta=False, install_base='install', log_base=None, log_level=None, main=<bound method BuildVerb.main of <colcon_core.verb.build.BuildVerb object at 0x7f02784a0af0>>, merge_install=False, metas=['./colcon.meta'], mixin=None, mixin_files=None, mixin_verb=('build',), packages_above=None, packages_above_and_dependencies=None, packages_above_depth=None, packages_end=None, packages_ignore=None, packages_ignore_regex=None, packages_select=None, packages_select_build_failed=False, packages_select_by_dep=None, packages_select_regex=None, packages_select_test_failures=False, packages_skip=None, packages_skip_build_finished=False, packages_skip_by_dep=None, packages_skip_regex=None, packages_skip_test_passed=False, packages_skip_up_to=None, packages_start=None, packages_up_to=None, packages_up_to_regex=None, parallel_workers=1, paths=None, symlink_install=False, test_result_base=None, verb_extension=<colcon_core.verb.build.BuildVerb object at 0x7f02784a0af0>, verb_name='build', verb_parser=<colcon_mixin.mixin.mixin_argument.MixinArgumentDecorator object at 0x7f02784ac100>)
[0.452s] Level 1:colcon.colcon_core.package_discovery:discover_packages(colcon_meta) check parameters
[0.453s] INFO:colcon.colcon_metadata.package_discovery.colcon_meta:Using configuration from '/root/.colcon/metadata/default/Gazebo.meta'
[0.454s] INFO:colcon.colcon_metadata.package_discovery.colcon_meta:Using configuration from '/root/.colcon/metadata/default/fastrtps.meta'
[0.455s] Level 1:colcon.colcon_core.package_discovery:discover_packages(recursive) check parameters
[0.455s] Level 1:colcon.colcon_core.package_discovery:discover_packages(ignore) check parameters
[0.455s] Level 1:colcon.colcon_core.package_discovery:discover_packages(path) check parameters
[0.456s] Level 1:colcon.colcon_core.package_discovery:discover_packages(colcon_meta) discover
[0.456s] Level 1:colcon.colcon_core.package_discovery:discover_packages(recursive) discover
[0.456s] INFO:colcon.colcon_core.package_discovery:Crawling recursively for packages in '/colcon_ws'
[0.457s] Level 1:colcon.colcon_core.package_identification:_identify(.) by extensions ['ignore', 'ignore_ament_install']
[0.457s] Level 1:colcon.colcon_core.package_identification:_identify(.) by extension 'ignore'
[0.458s] Level 1:colcon.colcon_core.package_identification:_identify(.) by extension 'ignore_ament_install'
[0.458s] Level 1:colcon.colcon_core.package_identification:_identify(.) by extensions ['colcon_pkg']
[0.458s] Level 1:colcon.colcon_core.package_identification:_identify(.) by extension 'colcon_pkg'
[0.459s] Level 1:colcon.colcon_core.package_identification:_identify(.) by extensions ['colcon_meta']
[0.459s] Level 1:colcon.colcon_core.package_identification:_identify(.) by extension 'colcon_meta'
[0.459s] Level 1:colcon.colcon_core.package_identification:_identify(.) by extensions ['ros']
[0.459s] Level 1:colcon.colcon_core.package_identification:_identify(.) by extension 'ros'
[0.483s] Level 1:colcon.colcon_core.package_identification:_identify(.) by extensions ['cmake', 'python']
[0.484s] Level 1:colcon.colcon_core.package_identification:_identify(.) by extension 'cmake'
[0.484s] Level 1:colcon.colcon_core.package_identification:_identify(.) by extension 'python'
[0.485s] Level 1:colcon.colcon_core.package_identification:_identify(.) by extensions ['python_setup_py']
[0.485s] Level 1:colcon.colcon_core.package_identification:_identify(.) by extension 'python_setup_py'
[0.487s] Level 1:colcon.colcon_core.package_identification:_identify(build) by extensions ['ignore', 'ignore_ament_install']
[0.487s] Level 1:colcon.colcon_core.package_identification:_identify(build) by extension 'ignore'
[0.488s] Level 1:colcon.colcon_core.package_identification:_identify(build) ignored
[0.490s] Level 1:colcon.colcon_core.package_identification:_identify(docs) by extensions ['ignore', 'ignore_ament_install']
[0.490s] Level 1:colcon.colcon_core.package_identification:_identify(docs) by extension 'ignore'
[0.491s] Level 1:colcon.colcon_core.package_identification:_identify(docs) by extension 'ignore_ament_install'
[0.492s] Level 1:colcon.colcon_core.package_identification:_identify(docs) by extensions ['colcon_pkg']
[0.492s] Level 1:colcon.colcon_core.package_identification:_identify(docs) by extension 'colcon_pkg'
[0.492s] Level 1:colcon.colcon_core.package_identification:_identify(docs) by extensions ['colcon_meta']
[0.493s] Level 1:colcon.colcon_core.package_identification:_identify(docs) by extension 'colcon_meta'
[0.493s] Level 1:colcon.colcon_core.package_identification:_identify(docs) by extensions ['ros']
[0.493s] Level 1:colcon.colcon_core.package_identification:_identify(docs) by extension 'ros'
[0.496s] Level 1:colcon.colcon_core.package_identification:_identify(docs) by extensions ['cmake', 'python']
[0.496s] Level 1:colcon.colcon_core.package_identification:_identify(docs) by extension 'cmake'
[0.496s] Level 1:colcon.colcon_core.package_identification:_identify(docs) by extension 'python'
[0.497s] Level 1:colcon.colcon_core.package_identification:_identify(docs) by extensions ['python_setup_py']
[0.497s] Level 1:colcon.colcon_core.package_identification:_identify(docs) by extension 'python_setup_py'
[0.500s] Level 1:colcon.colcon_core.package_identification:_identify(install) by extensions ['ignore', 'ignore_ament_install']
[0.501s] Level 1:colcon.colcon_core.package_identification:_identify(install) by extension 'ignore'
[0.501s] Level 1:colcon.colcon_core.package_identification:_identify(install) ignored
[0.503s] Level 1:colcon.colcon_core.package_identification:_identify(log) by extensions ['ignore', 'ignore_ament_install']
[0.504s] Level 1:colcon.colcon_core.package_identification:_identify(log) by extension 'ignore'
[0.505s] Level 1:colcon.colcon_core.package_identification:_identify(log) ignored
[0.506s] Level 1:colcon.colcon_core.package_identification:_identify(src) by extensions ['ignore', 'ignore_ament_install']
[0.507s] Level 1:colcon.colcon_core.package_identification:_identify(src) by extension 'ignore'
[0.507s] Level 1:colcon.colcon_core.package_identification:_identify(src) by extension 'ignore_ament_install'
[0.508s] Level 1:colcon.colcon_core.package_identification:_identify(src) by extensions ['colcon_pkg']
[0.508s] Level 1:colcon.colcon_core.package_identification:_identify(src) by extension 'colcon_pkg'
[0.509s] Level 1:colcon.colcon_core.package_identification:_identify(src) by extensions ['colcon_meta']
[0.509s] Level 1:colcon.colcon_core.package_identification:_identify(src) by extension 'colcon_meta'
[0.510s] Level 1:colcon.colcon_core.package_identification:_identify(src) by extensions ['ros']
[0.510s] Level 1:colcon.colcon_core.package_identification:_identify(src) by extension 'ros'
[0.512s] Level 1:colcon.colcon_core.package_identification:_identify(src) by extensions ['cmake', 'python']
[0.512s] Level 1:colcon.colcon_core.package_identification:_identify(src) by extension 'cmake'
[0.512s] Level 1:colcon.colcon_core.package_identification:_identify(src) by extension 'python'
[0.513s] Level 1:colcon.colcon_core.package_identification:_identify(src) by extensions ['python_setup_py']
[0.513s] Level 1:colcon.colcon_core.package_identification:_identify(src) by extension 'python_setup_py'
[0.516s] Level 1:colcon.colcon_core.package_identification:_identify(src/composition) by extensions ['ignore', 'ignore_ament_install']
[0.516s] Level 1:colcon.colcon_core.package_identification:_identify(src/composition) by extension 'ignore'
[0.517s] Level 1:colcon.colcon_core.package_identification:_identify(src/composition) by extension 'ignore_ament_install'
[0.519s] Level 1:colcon.colcon_core.package_identification:_identify(src/composition) by extensions ['colcon_pkg']
[0.519s] Level 1:colcon.colcon_core.package_identification:_identify(src/composition) by extension 'colcon_pkg'
[0.520s] Level 1:colcon.colcon_core.package_identification:_identify(src/composition) by extensions ['colcon_meta']
[0.520s] Level 1:colcon.colcon_core.package_identification:_identify(src/composition) by extension 'colcon_meta'
[0.521s] Level 1:colcon.colcon_core.package_identification:_identify(src/composition) by extensions ['ros']
[0.521s] Level 1:colcon.colcon_core.package_identification:_identify(src/composition) by extension 'ros'
[0.532s] DEBUG:colcon.colcon_core.package_identification:Package 'src/composition' with type 'ros.ament_cmake' and name 'composition'
[0.535s] Level 1:colcon.colcon_core.package_identification:_identify(src/custom_executor) by extensions ['ignore', 'ignore_ament_install']
[0.535s] Level 1:colcon.colcon_core.package_identification:_identify(src/custom_executor) by extension 'ignore'
[0.536s] Level 1:colcon.colcon_core.package_identification:_identify(src/custom_executor) by extension 'ignore_ament_install'
[0.537s] Level 1:colcon.colcon_core.package_identification:_identify(src/custom_executor) by extensions ['colcon_pkg']
[0.537s] Level 1:colcon.colcon_core.package_identification:_identify(src/custom_executor) by extension 'colcon_pkg'
[0.538s] Level 1:colcon.colcon_core.package_identification:_identify(src/custom_executor) by extensions ['colcon_meta']
[0.538s] Level 1:colcon.colcon_core.package_identification:_identify(src/custom_executor) by extension 'colcon_meta'
[0.539s] Level 1:colcon.colcon_core.package_identification:_identify(src/custom_executor) by extensions ['ros']
[0.540s] Level 1:colcon.colcon_core.package_identification:_identify(src/custom_executor) by extension 'ros'
[0.549s] DEBUG:colcon.colcon_core.package_identification:Package 'src/custom_executor' with type 'ros.ament_python' and name 'custom_executor'
[0.552s] Level 1:colcon.colcon_core.package_identification:_identify(src/packt_rclcpp_demo) by extensions ['ignore', 'ignore_ament_install']
[0.552s] Level 1:colcon.colcon_core.package_identification:_identify(src/packt_rclcpp_demo) by extension 'ignore'
[0.553s] Level 1:colcon.colcon_core.package_identification:_identify(src/packt_rclcpp_demo) by extension 'ignore_ament_install'
[0.554s] Level 1:colcon.colcon_core.package_identification:_identify(src/packt_rclcpp_demo) by extensions ['colcon_pkg']
[0.554s] Level 1:colcon.colcon_core.package_identification:_identify(src/packt_rclcpp_demo) by extension 'colcon_pkg'
[0.555s] Level 1:colcon.colcon_core.package_identification:_identify(src/packt_rclcpp_demo) by extensions ['colcon_meta']
[0.555s] Level 1:colcon.colcon_core.package_identification:_identify(src/packt_rclcpp_demo) by extension 'colcon_meta'
[0.556s] Level 1:colcon.colcon_core.package_identification:_identify(src/packt_rclcpp_demo) by extensions ['ros']
[0.556s] Level 1:colcon.colcon_core.package_identification:_identify(src/packt_rclcpp_demo) by extension 'ros'
[0.563s] DEBUG:colcon.colcon_core.package_identification:Package 'src/packt_rclcpp_demo' with type 'ros.ament_cmake' and name 'packt_rclcpp_demo'
[0.565s] Level 1:colcon.colcon_core.package_identification:_identify(src/packt_rclpy_demo) by extensions ['ignore', 'ignore_ament_install']
[0.566s] Level 1:colcon.colcon_core.package_identification:_identify(src/packt_rclpy_demo) by extension 'ignore'
[0.567s] Level 1:colcon.colcon_core.package_identification:_identify(src/packt_rclpy_demo) by extension 'ignore_ament_install'
[0.569s] Level 1:colcon.colcon_core.package_identification:_identify(src/packt_rclpy_demo) by extensions ['colcon_pkg']
[0.569s] Level 1:colcon.colcon_core.package_identification:_identify(src/packt_rclpy_demo) by extension 'colcon_pkg'
[0.570s] Level 1:colcon.colcon_core.package_identification:_identify(src/packt_rclpy_demo) by extensions ['colcon_meta']
[0.570s] Level 1:colcon.colcon_core.package_identification:_identify(src/packt_rclpy_demo) by extension 'colcon_meta'
[0.571s] Level 1:colcon.colcon_core.package_identification:_identify(src/packt_rclpy_demo) by extensions ['ros']
[0.572s] Level 1:colcon.colcon_core.package_identification:_identify(src/packt_rclpy_demo) by extension 'ros'
[0.582s] DEBUG:colcon.colcon_core.package_identification:Package 'src/packt_rclpy_demo' with type 'ros.ament_python' and name 'packt_rclpy_demo'
[0.582s] Level 1:colcon.colcon_core.package_discovery:discover_packages(recursive) using defaults
[0.582s] Level 1:colcon.colcon_core.package_discovery:discover_packages(ignore) discover
[0.582s] Level 1:colcon.colcon_core.package_discovery:discover_packages(ignore) using defaults
[0.582s] Level 1:colcon.colcon_core.package_discovery:discover_packages(path) discover
[0.582s] Level 1:colcon.colcon_core.package_discovery:discover_packages(path) using defaults
[0.597s] Level 5:colcon.colcon_core.verb:set package 'composition' build argument 'cmake_args' from command line to 'None'
[0.597s] Level 5:colcon.colcon_core.verb:set package 'composition' build argument 'cmake_target' from command line to 'None'
[0.597s] Level 5:colcon.colcon_core.verb:set package 'composition' build argument 'cmake_target_skip_unavailable' from command line to 'False'
[0.598s] Level 5:colcon.colcon_core.verb:set package 'composition' build argument 'cmake_clean_cache' from command line to 'False'
[0.598s] Level 5:colcon.colcon_core.verb:set package 'composition' build argument 'cmake_clean_first' from command line to 'False'
[0.598s] Level 5:colcon.colcon_core.verb:set package 'composition' build argument 'cmake_force_configure' from command line to 'False'
[0.598s] Level 5:colcon.colcon_core.verb:set package 'composition' build argument 'ament_cmake_args' from command line to 'None'
[0.598s] Level 5:colcon.colcon_core.verb:set package 'composition' build argument 'catkin_cmake_args' from command line to 'None'
[0.599s] Level 5:colcon.colcon_core.verb:set package 'composition' build argument 'catkin_skip_building_tests' from command line to 'False'
[0.599s] DEBUG:colcon.colcon_core.verb:Building package 'composition' with the following arguments: {'ament_cmake_args': None, 'build_base': '/colcon_ws/build/composition', 'catkin_cmake_args': None, 'catkin_skip_building_tests': False, 'cmake_args': None, 'cmake_clean_cache': False, 'cmake_clean_first': False, 'cmake_force_configure': False, 'cmake_target': None, 'cmake_target_skip_unavailable': False, 'install_base': '/colcon_ws/install/composition', 'merge_install': False, 'path': '/colcon_ws/src/composition', 'symlink_install': False, 'test_result_base': None}
[0.604s] Level 5:colcon.colcon_core.verb:set package 'packt_rclcpp_demo' build argument 'cmake_args' from command line to 'None'
[0.604s] Level 5:colcon.colcon_core.verb:set package 'packt_rclcpp_demo' build argument 'cmake_target' from command line to 'None'
[0.605s] Level 5:colcon.colcon_core.verb:set package 'packt_rclcpp_demo' build argument 'cmake_target_skip_unavailable' from command line to 'False'
[0.605s] Level 5:colcon.colcon_core.verb:set package 'packt_rclcpp_demo' build argument 'cmake_clean_cache' from command line to 'False'
[0.605s] Level 5:colcon.colcon_core.verb:set package 'packt_rclcpp_demo' build argument 'cmake_clean_first' from command line to 'False'
[0.605s] Level 5:colcon.colcon_core.verb:set package 'packt_rclcpp_demo' build argument 'cmake_force_configure' from command line to 'False'
[0.605s] Level 5:colcon.colcon_core.verb:set package 'packt_rclcpp_demo' build argument 'ament_cmake_args' from command line to 'None'
[0.605s] Level 5:colcon.colcon_core.verb:set package 'packt_rclcpp_demo' build argument 'catkin_cmake_args' from command line to 'None'
[0.606s] Level 5:colcon.colcon_core.verb:set package 'packt_rclcpp_demo' build argument 'catkin_skip_building_tests' from command line to 'False'
[0.606s] DEBUG:colcon.colcon_core.verb:Building package 'packt_rclcpp_demo' with the following arguments: {'ament_cmake_args': None, 'build_base': '/colcon_ws/build/packt_rclcpp_demo', 'catkin_cmake_args': None, 'catkin_skip_building_tests': False, 'cmake_args': None, 'cmake_clean_cache': False, 'cmake_clean_first': False, 'cmake_force_configure': False, 'cmake_target': None, 'cmake_target_skip_unavailable': False, 'install_base': '/colcon_ws/install/packt_rclcpp_demo', 'merge_install': False, 'path': '/colcon_ws/src/packt_rclcpp_demo', 'symlink_install': False, 'test_result_base': None}
[0.611s] Level 5:colcon.colcon_core.verb:set package 'packt_rclpy_demo' build argument 'cmake_args' from command line to 'None'
[0.611s] Level 5:colcon.colcon_core.verb:set package 'packt_rclpy_demo' build argument 'cmake_target' from command line to 'None'
[0.611s] Level 5:colcon.colcon_core.verb:set package 'packt_rclpy_demo' build argument 'cmake_target_skip_unavailable' from command line to 'False'
[0.612s] Level 5:colcon.colcon_core.verb:set package 'packt_rclpy_demo' build argument 'cmake_clean_cache' from command line to 'False'
[0.612s] Level 5:colcon.colcon_core.verb:set package 'packt_rclpy_demo' build argument 'cmake_clean_first' from command line to 'False'
[0.612s] Level 5:colcon.colcon_core.verb:set package 'packt_rclpy_demo' build argument 'cmake_force_configure' from command line to 'False'
[0.612s] Level 5:colcon.colcon_core.verb:set package 'packt_rclpy_demo' build argument 'ament_cmake_args' from command line to 'None'
[0.612s] Level 5:colcon.colcon_core.verb:set package 'packt_rclpy_demo' build argument 'catkin_cmake_args' from command line to 'None'
[0.613s] Level 5:colcon.colcon_core.verb:set package 'packt_rclpy_demo' build argument 'catkin_skip_building_tests' from command line to 'False'
[0.613s] DEBUG:colcon.colcon_core.verb:Building package 'packt_rclpy_demo' with the following arguments: {'ament_cmake_args': None, 'build_base': '/colcon_ws/build/packt_rclpy_demo', 'catkin_cmake_args': None, 'catkin_skip_building_tests': False, 'cmake_args': None, 'cmake_clean_cache': False, 'cmake_clean_first': False, 'cmake_force_configure': False, 'cmake_target': None, 'cmake_target_skip_unavailable': False, 'install_base': '/colcon_ws/install/packt_rclpy_demo', 'merge_install': False, 'path': '/colcon_ws/src/packt_rclpy_demo', 'symlink_install': False, 'test_result_base': None}
[0.618s] Level 5:colcon.colcon_core.verb:set package 'custom_executor' build argument 'cmake_args' from command line to 'None'
[0.618s] Level 5:colcon.colcon_core.verb:set package 'custom_executor' build argument 'cmake_target' from command line to 'None'
[0.618s] Level 5:colcon.colcon_core.verb:set package 'custom_executor' build argument 'cmake_target_skip_unavailable' from command line to 'False'
[0.619s] Level 5:colcon.colcon_core.verb:set package 'custom_executor' build argument 'cmake_clean_cache' from command line to 'False'
[0.619s] Level 5:colcon.colcon_core.verb:set package 'custom_executor' build argument 'cmake_clean_first' from command line to 'False'
[0.619s] Level 5:colcon.colcon_core.verb:set package 'custom_executor' build argument 'cmake_force_configure' from command line to 'False'
[0.619s] Level 5:colcon.colcon_core.verb:set package 'custom_executor' build argument 'ament_cmake_args' from command line to 'None'
[0.619s] Level 5:colcon.colcon_core.verb:set package 'custom_executor' build argument 'catkin_cmake_args' from command line to 'None'
[0.619s] Level 5:colcon.colcon_core.verb:set package 'custom_executor' build argument 'catkin_skip_building_tests' from command line to 'False'
[0.620s] DEBUG:colcon.colcon_core.verb:Building package 'custom_executor' with the following arguments: {'ament_cmake_args': None, 'build_base': '/colcon_ws/build/custom_executor', 'catkin_cmake_args': None, 'catkin_skip_building_tests': False, 'cmake_args': None, 'cmake_clean_cache': False, 'cmake_clean_first': False, 'cmake_force_configure': False, 'cmake_target': None, 'cmake_target_skip_unavailable': False, 'install_base': '/colcon_ws/install/custom_executor', 'merge_install': False, 'path': '/colcon_ws/src/custom_executor', 'symlink_install': False, 'test_result_base': None}
[0.620s] INFO:colcon.colcon_core.executor:Executing jobs using 'parallel' executor
[0.623s] DEBUG:colcon.colcon_parallel_executor.executor.parallel:run_until_complete
[0.624s] INFO:colcon.colcon_ros.task.ament_python.build:Building ROS package in '/colcon_ws/src/packt_rclpy_demo' with build type 'ament_python'
[0.624s] Level 1:colcon.colcon_core.shell:create_environment_hook('packt_rclpy_demo', 'ament_prefix_path')
[0.632s] INFO:colcon.colcon_core.plugin_system:Skipping extension 'colcon_core.shell.bat': Not used on non-Windows systems
[0.633s] INFO:colcon.colcon_core.shell:Creating environment hook '/colcon_ws/install/packt_rclpy_demo/share/packt_rclpy_demo/hook/ament_prefix_path.ps1'
[0.648s] INFO:colcon.colcon_core.shell:Creating environment descriptor '/colcon_ws/install/packt_rclpy_demo/share/packt_rclpy_demo/hook/ament_prefix_path.dsv'
[0.654s] INFO:colcon.colcon_core.shell:Creating environment hook '/colcon_ws/install/packt_rclpy_demo/share/packt_rclpy_demo/hook/ament_prefix_path.sh'
[0.663s] INFO:colcon.colcon_core.shell:Skip shell extension 'powershell' for command environment: Not usable outside of PowerShell
[0.663s] DEBUG:colcon.colcon_core.shell:Skip shell extension 'dsv' for command environment
[0.672s] WARNING:colcon.colcon_ros.prefix_path.ament:The path '/colcon_ws/install/packt_rclcpp_demo' in the environment variable AMENT_PREFIX_PATH doesn't exist
[0.673s] WARNING:colcon.colcon_ros.prefix_path.ament:The path '/colcon_ws/install/custom_executor' in the environment variable AMENT_PREFIX_PATH doesn't exist
[0.675s] WARNING:colcon.colcon_ros.prefix_path.ament:The path '/colcon_ws/install/composition' in the environment variable AMENT_PREFIX_PATH doesn't exist
[0.677s] WARNING:colcon.colcon_ros.prefix_path.catkin:The path '/colcon_ws/install/packt_rclcpp_demo' in the environment variable CMAKE_PREFIX_PATH doesn't exist
[0.679s] WARNING:colcon.colcon_ros.prefix_path.catkin:The path '/colcon_ws/install/composition' in the environment variable CMAKE_PREFIX_PATH doesn't exist
[0.687s] DEBUG:colcon.colcon_core.shell:Ignoring prefix path '/opt/ros/foxy'
[1.146s] WARNING:colcon.colcon_ros.task.ament_python.build:Package 'packt_rclpy_demo' doesn't explicitly install a marker in the package index (colcon-ros currently does it implicitly but that fallback will be removed in the future)
[1.162s] WARNING:colcon.colcon_ros.task.ament_python.build:Package 'packt_rclpy_demo' doesn't explicitly install the 'package.xml' file (colcon-ros currently does it implicitly but that fallback will be removed in the future)
[1.182s] INFO:colcon.colcon_core.task.python.build:Building Python package in '/colcon_ws/src/packt_rclpy_demo'
[1.183s] INFO:colcon.colcon_core.shell:Skip shell extension 'powershell' for command environment: Not usable outside of PowerShell
[1.184s] DEBUG:colcon.colcon_core.shell:Skip shell extension 'dsv' for command environment
[1.200s] DEBUG:colcon.colcon_core.shell:Ignoring prefix path '/opt/ros/foxy'
[1.255s] DEBUG:colcon.colcon_core.event_handler.log_command:Invoking command in '/colcon_ws/src/packt_rclpy_demo': PYTHONPATH=/colcon_ws/install/packt_rclpy_demo/lib/python3.8/site-packages:${PYTHONPATH} /usr/bin/python3 setup.py egg_info --egg-base /colcon_ws/build/packt_rclpy_demo build --build-base /colcon_ws/build/packt_rclpy_demo/build install --prefix /colcon_ws/install/packt_rclpy_demo --record /colcon_ws/build/packt_rclpy_demo/install.log --single-version-externally-managed
[2.517s] DEBUG:colcon.colcon_core.event_handler.log_command:Invoked command in '/colcon_ws/src/packt_rclpy_demo' returned '0': PYTHONPATH=/colcon_ws/install/packt_rclpy_demo/lib/python3.8/site-packages:${PYTHONPATH} /usr/bin/python3 setup.py egg_info --egg-base /colcon_ws/build/packt_rclpy_demo build --build-base /colcon_ws/build/packt_rclpy_demo/build install --prefix /colcon_ws/install/packt_rclpy_demo --record /colcon_ws/build/packt_rclpy_demo/install.log --single-version-externally-managed
[2.520s] Level 1:colcon.colcon_core.environment:checking '/colcon_ws/install/packt_rclpy_demo' for CMake module files
[2.538s] Level 1:colcon.colcon_core.environment:checking '/colcon_ws/install/packt_rclpy_demo' for CMake config files
[2.574s] Level 1:colcon.colcon_core.environment:checking '/colcon_ws/install/packt_rclpy_demo/lib'
[2.578s] Level 1:colcon.colcon_core.environment:checking '/colcon_ws/install/packt_rclpy_demo/bin'
[2.579s] Level 1:colcon.colcon_core.environment:checking '/colcon_ws/install/packt_rclpy_demo/lib/pkgconfig/packt_rclpy_demo.pc'
[2.580s] Level 1:colcon.colcon_core.environment:checking '/colcon_ws/install/packt_rclpy_demo/lib/python3.8/site-packages'
[2.582s] Level 1:colcon.colcon_core.shell:create_environment_hook('packt_rclpy_demo', 'pythonpath')
[2.583s] INFO:colcon.colcon_core.shell:Creating environment hook '/colcon_ws/install/packt_rclpy_demo/share/packt_rclpy_demo/hook/pythonpath.ps1'
[2.591s] INFO:colcon.colcon_core.shell:Creating environment descriptor '/colcon_ws/install/packt_rclpy_demo/share/packt_rclpy_demo/hook/pythonpath.dsv'
[2.598s] INFO:colcon.colcon_core.shell:Creating environment hook '/colcon_ws/install/packt_rclpy_demo/share/packt_rclpy_demo/hook/pythonpath.sh'
[2.605s] Level 1:colcon.colcon_core.environment:create_environment_scripts_only(packt_rclpy_demo)
[2.606s] INFO:colcon.colcon_core.shell:Creating package script '/colcon_ws/install/packt_rclpy_demo/share/packt_rclpy_demo/package.ps1'
[2.613s] INFO:colcon.colcon_core.shell:Creating package descriptor '/colcon_ws/install/packt_rclpy_demo/share/packt_rclpy_demo/package.dsv'
[2.619s] INFO:colcon.colcon_core.shell:Creating package script '/colcon_ws/install/packt_rclpy_demo/share/packt_rclpy_demo/package.sh'
[2.627s] INFO:colcon.colcon_core.shell:Creating package script '/colcon_ws/install/packt_rclpy_demo/share/packt_rclpy_demo/package.bash'
[2.635s] INFO:colcon.colcon_core.shell:Creating package script '/colcon_ws/install/packt_rclpy_demo/share/packt_rclpy_demo/package.zsh'
[2.642s] Level 1:colcon.colcon_core.environment:create_file_with_runtime_dependencies(/colcon_ws/install/packt_rclpy_demo/share/colcon-core/packages/packt_rclpy_demo)
[2.650s] INFO:colcon.colcon_ros.task.ament_cmake.build:Building ROS package in '/colcon_ws/src/composition' with build type 'ament_cmake'
[2.652s] INFO:colcon.colcon_cmake.task.cmake.build:Building CMake package in '/colcon_ws/src/composition'
[2.654s] INFO:colcon.colcon_core.shell:Skip shell extension 'powershell' for command environment: Not usable outside of PowerShell
[2.656s] DEBUG:colcon.colcon_core.shell:Skip shell extension 'dsv' for command environment
[2.675s] DEBUG:colcon.colcon_core.shell:Ignoring prefix path '/opt/ros/foxy'
[2.725s] DEBUG:colcon.colcon_core.event_handler.log_command:Invoking command in '/colcon_ws/build/composition': CMAKE_PREFIX_PATH=${CMAKE_PREFIX_PATH}:/colcon_ws/install/packt_rclpy_demo:/colcon_ws/install/custom_executor:/opt/ros/foxy /usr/bin/cmake /colcon_ws/src/composition -DCMAKE_INSTALL_PREFIX=/colcon_ws/install/composition
[14.670s] DEBUG:colcon.colcon_core.event_handler.log_command:Invoked command in '/colcon_ws/build/composition' returned '0': CMAKE_PREFIX_PATH=${CMAKE_PREFIX_PATH}:/colcon_ws/install/packt_rclpy_demo:/colcon_ws/install/custom_executor:/opt/ros/foxy /usr/bin/cmake /colcon_ws/src/composition -DCMAKE_INSTALL_PREFIX=/colcon_ws/install/composition
[14.682s] DEBUG:colcon.colcon_core.event_handler.log_command:Invoking command in '/colcon_ws/build/composition': CMAKE_PREFIX_PATH=${CMAKE_PREFIX_PATH}:/colcon_ws/install/packt_rclpy_demo:/colcon_ws/install/custom_executor:/opt/ros/foxy /usr/bin/cmake --build /colcon_ws/build/composition -- -j1 -l1
[41.136s] DEBUG:colcon.colcon_core.event_handler.log_command:Invoked command in '/colcon_ws/build/composition' returned '0': CMAKE_PREFIX_PATH=${CMAKE_PREFIX_PATH}:/colcon_ws/install/packt_rclpy_demo:/colcon_ws/install/custom_executor:/opt/ros/foxy /usr/bin/cmake --build /colcon_ws/build/composition -- -j1 -l1
[41.363s] DEBUG:colcon.colcon_core.event_handler.log_command:Invoking command in '/colcon_ws/build/composition': CMAKE_PREFIX_PATH=${CMAKE_PREFIX_PATH}:/colcon_ws/install/packt_rclpy_demo:/colcon_ws/install/custom_executor:/opt/ros/foxy /usr/bin/cmake --install /colcon_ws/build/composition
[42.349s] Level 1:colcon.colcon_core.environment:create_environment_scripts_only(composition)
[42.351s] Level 1:colcon.colcon_core.environment:checking '/colcon_ws/install/composition' for CMake module files
[42.352s] DEBUG:colcon.colcon_core.event_handler.log_command:Invoked command in '/colcon_ws/build/composition' returned '0': CMAKE_PREFIX_PATH=${CMAKE_PREFIX_PATH}:/colcon_ws/install/packt_rclpy_demo:/colcon_ws/install/custom_executor:/opt/ros/foxy /usr/bin/cmake --install /colcon_ws/build/composition
[42.383s] Level 1:colcon.colcon_core.environment:checking '/colcon_ws/install/composition' for CMake config files
[42.412s] Level 1:colcon.colcon_core.shell:create_environment_hook('composition', 'cmake_prefix_path')
[42.413s] INFO:colcon.colcon_core.shell:Creating environment hook '/colcon_ws/install/composition/share/composition/hook/cmake_prefix_path.ps1'
[42.420s] INFO:colcon.colcon_core.shell:Creating environment descriptor '/colcon_ws/install/composition/share/composition/hook/cmake_prefix_path.dsv'
[42.426s] INFO:colcon.colcon_core.shell:Creating environment hook '/colcon_ws/install/composition/share/composition/hook/cmake_prefix_path.sh'
[42.437s] Level 1:colcon.colcon_core.environment:checking '/colcon_ws/install/composition/lib'
[42.441s] Level 1:colcon.colcon_core.shell:create_environment_hook('composition', 'ld_library_path_lib')
[42.442s] INFO:colcon.colcon_core.shell:Creating environment hook '/colcon_ws/install/composition/share/composition/hook/ld_library_path_lib.ps1'
[42.450s] INFO:colcon.colcon_core.shell:Creating environment descriptor '/colcon_ws/install/composition/share/composition/hook/ld_library_path_lib.dsv'
[42.457s] INFO:colcon.colcon_core.shell:Creating environment hook '/colcon_ws/install/composition/share/composition/hook/ld_library_path_lib.sh'
[42.463s] Level 1:colcon.colcon_core.environment:checking '/colcon_ws/install/composition/bin'
[42.464s] Level 1:colcon.colcon_core.environment:checking '/colcon_ws/install/composition/lib/pkgconfig/composition.pc'
[42.465s] Level 1:colcon.colcon_core.environment:checking '/colcon_ws/install/composition/lib/python3.8/site-packages'
[42.467s] INFO:colcon.colcon_core.shell:Creating package script '/colcon_ws/install/composition/share/composition/package.ps1'
[42.473s] INFO:colcon.colcon_core.shell:Creating package descriptor '/colcon_ws/install/composition/share/composition/package.dsv'
[42.480s] INFO:colcon.colcon_core.shell:Creating package script '/colcon_ws/install/composition/share/composition/package.sh'
[42.487s] INFO:colcon.colcon_core.shell:Creating package script '/colcon_ws/install/composition/share/composition/package.bash'
[42.492s] INFO:colcon.colcon_core.shell:Creating package script '/colcon_ws/install/composition/share/composition/package.zsh'
[42.498s] Level 1:colcon.colcon_core.environment:create_file_with_runtime_dependencies(/colcon_ws/install/composition/share/colcon-core/packages/composition)
[42.505s] INFO:colcon.colcon_ros.task.ament_cmake.build:Building ROS package in '/colcon_ws/src/packt_rclcpp_demo' with build type 'ament_cmake'
[42.506s] INFO:colcon.colcon_cmake.task.cmake.build:Building CMake package in '/colcon_ws/src/packt_rclcpp_demo'
[42.508s] INFO:colcon.colcon_core.shell:Skip shell extension 'powershell' for command environment: Not usable outside of PowerShell
[42.510s] DEBUG:colcon.colcon_core.shell:Skip shell extension 'dsv' for command environment
[42.531s] DEBUG:colcon.colcon_core.shell:Ignoring prefix path '/opt/ros/foxy'
[42.587s] DEBUG:colcon.colcon_core.event_handler.log_command:Invoking command in '/colcon_ws/build/packt_rclcpp_demo': CMAKE_PREFIX_PATH=${CMAKE_PREFIX_PATH}:/colcon_ws/install/packt_rclpy_demo:/colcon_ws/install/custom_executor:/opt/ros/foxy /usr/bin/cmake /colcon_ws/src/packt_rclcpp_demo -DCMAKE_INSTALL_PREFIX=/colcon_ws/install/packt_rclcpp_demo
[56.060s] DEBUG:colcon.colcon_core.event_handler.log_command:Invoked command in '/colcon_ws/build/packt_rclcpp_demo' returned '0': CMAKE_PREFIX_PATH=${CMAKE_PREFIX_PATH}:/colcon_ws/install/packt_rclpy_demo:/colcon_ws/install/custom_executor:/opt/ros/foxy /usr/bin/cmake /colcon_ws/src/packt_rclcpp_demo -DCMAKE_INSTALL_PREFIX=/colcon_ws/install/packt_rclcpp_demo
[56.071s] DEBUG:colcon.colcon_core.event_handler.log_command:Invoking command in '/colcon_ws/build/packt_rclcpp_demo': CMAKE_PREFIX_PATH=${CMAKE_PREFIX_PATH}:/colcon_ws/install/packt_rclpy_demo:/colcon_ws/install/custom_executor:/opt/ros/foxy /usr/bin/cmake --build /colcon_ws/build/packt_rclcpp_demo -- -j1 -l1
[77.078s] DEBUG:colcon.colcon_core.event_handler.log_command:Invoked command in '/colcon_ws/build/packt_rclcpp_demo' returned '0': CMAKE_PREFIX_PATH=${CMAKE_PREFIX_PATH}:/colcon_ws/install/packt_rclpy_demo:/colcon_ws/install/custom_executor:/opt/ros/foxy /usr/bin/cmake --build /colcon_ws/build/packt_rclcpp_demo -- -j1 -l1
[77.410s] DEBUG:colcon.colcon_core.event_handler.log_command:Invoking command in '/colcon_ws/build/packt_rclcpp_demo': CMAKE_PREFIX_PATH=${CMAKE_PREFIX_PATH}:/colcon_ws/install/packt_rclpy_demo:/colcon_ws/install/custom_executor:/opt/ros/foxy /usr/bin/cmake --install /colcon_ws/build/packt_rclcpp_demo
[78.395s] Level 1:colcon.colcon_core.environment:create_environment_scripts_only(packt_rclcpp_demo)
[78.398s] Level 1:colcon.colcon_core.environment:checking '/colcon_ws/install/packt_rclcpp_demo' for CMake module files
[78.398s] DEBUG:colcon.colcon_core.event_handler.log_command:Invoked command in '/colcon_ws/build/packt_rclcpp_demo' returned '0': CMAKE_PREFIX_PATH=${CMAKE_PREFIX_PATH}:/colcon_ws/install/packt_rclpy_demo:/colcon_ws/install/custom_executor:/opt/ros/foxy /usr/bin/cmake --install /colcon_ws/build/packt_rclcpp_demo
[78.434s] Level 1:colcon.colcon_core.environment:checking '/colcon_ws/install/packt_rclcpp_demo' for CMake config files
[78.461s] Level 1:colcon.colcon_core.shell:create_environment_hook('packt_rclcpp_demo', 'cmake_prefix_path')
[78.463s] INFO:colcon.colcon_core.shell:Creating environment hook '/colcon_ws/install/packt_rclcpp_demo/share/packt_rclcpp_demo/hook/cmake_prefix_path.ps1'
[78.469s] INFO:colcon.colcon_core.shell:Creating environment descriptor '/colcon_ws/install/packt_rclcpp_demo/share/packt_rclcpp_demo/hook/cmake_prefix_path.dsv'
[78.477s] INFO:colcon.colcon_core.shell:Creating environment hook '/colcon_ws/install/packt_rclcpp_demo/share/packt_rclcpp_demo/hook/cmake_prefix_path.sh'
[78.487s] Level 1:colcon.colcon_core.environment:checking '/colcon_ws/install/packt_rclcpp_demo/lib'
[78.490s] Level 1:colcon.colcon_core.environment:checking '/colcon_ws/install/packt_rclcpp_demo/bin'
[78.490s] Level 1:colcon.colcon_core.environment:checking '/colcon_ws/install/packt_rclcpp_demo/lib/pkgconfig/packt_rclcpp_demo.pc'
[78.491s] Level 1:colcon.colcon_core.environment:checking '/colcon_ws/install/packt_rclcpp_demo/lib/python3.8/site-packages'
[78.493s] INFO:colcon.colcon_core.shell:Creating package script '/colcon_ws/install/packt_rclcpp_demo/share/packt_rclcpp_demo/package.ps1'
[78.500s] INFO:colcon.colcon_core.shell:Creating package descriptor '/colcon_ws/install/packt_rclcpp_demo/share/packt_rclcpp_demo/package.dsv'
[78.509s] INFO:colcon.colcon_core.shell:Creating package script '/colcon_ws/install/packt_rclcpp_demo/share/packt_rclcpp_demo/package.sh'
[78.516s] INFO:colcon.colcon_core.shell:Creating package script '/colcon_ws/install/packt_rclcpp_demo/share/packt_rclcpp_demo/package.bash'
[78.524s] INFO:colcon.colcon_core.shell:Creating package script '/colcon_ws/install/packt_rclcpp_demo/share/packt_rclcpp_demo/package.zsh'
[78.532s] Level 1:colcon.colcon_core.environment:create_file_with_runtime_dependencies(/colcon_ws/install/packt_rclcpp_demo/share/colcon-core/packages/packt_rclcpp_demo)
[78.539s] INFO:colcon.colcon_ros.task.ament_python.build:Building ROS package in '/colcon_ws/src/custom_executor' with build type 'ament_python'
[78.539s] Level 1:colcon.colcon_core.shell:create_environment_hook('custom_executor', 'ament_prefix_path')
[78.540s] INFO:colcon.colcon_core.shell:Creating environment hook '/colcon_ws/install/custom_executor/share/custom_executor/hook/ament_prefix_path.ps1'
[78.559s] INFO:colcon.colcon_core.shell:Creating environment descriptor '/colcon_ws/install/custom_executor/share/custom_executor/hook/ament_prefix_path.dsv'
[78.567s] INFO:colcon.colcon_core.shell:Creating environment hook '/colcon_ws/install/custom_executor/share/custom_executor/hook/ament_prefix_path.sh'
[78.576s] INFO:colcon.colcon_core.shell:Skip shell extension 'powershell' for command environment: Not usable outside of PowerShell
[78.576s] DEBUG:colcon.colcon_core.shell:Skip shell extension 'dsv' for command environment
[78.608s] DEBUG:colcon.colcon_core.shell:Ignoring prefix path '/opt/ros/foxy'
[79.208s] WARNING:colcon.colcon_ros.task.ament_python.build:Package 'custom_executor' doesn't explicitly install a marker in the package index (colcon-ros currently does it implicitly but that fallback will be removed in the future)
[79.223s] WARNING:colcon.colcon_ros.task.ament_python.build:Package 'custom_executor' doesn't explicitly install the 'package.xml' file (colcon-ros currently does it implicitly but that fallback will be removed in the future)
[79.242s] INFO:colcon.colcon_core.task.python.build:Building Python package in '/colcon_ws/src/custom_executor'
[79.244s] INFO:colcon.colcon_core.shell:Skip shell extension 'powershell' for command environment: Not usable outside of PowerShell
[79.244s] DEBUG:colcon.colcon_core.shell:Skip shell extension 'dsv' for command environment
[79.281s] DEBUG:colcon.colcon_core.shell:Ignoring prefix path '/opt/ros/foxy'
[79.353s] DEBUG:colcon.colcon_core.event_handler.log_command:Invoking command in '/colcon_ws/src/custom_executor': PYTHONPATH=/colcon_ws/install/custom_executor/lib/python3.8/site-packages:${PYTHONPATH} /usr/bin/python3 setup.py egg_info --egg-base /colcon_ws/build/custom_executor build --build-base /colcon_ws/build/custom_executor/build install --prefix /colcon_ws/install/custom_executor --record /colcon_ws/build/custom_executor/install.log --single-version-externally-managed
[80.636s] Level 1:colcon.colcon_core.environment:checking '/colcon_ws/install/custom_executor' for CMake module files
[80.638s] DEBUG:colcon.colcon_core.event_handler.log_command:Invoked command in '/colcon_ws/src/custom_executor' returned '0': PYTHONPATH=/colcon_ws/install/custom_executor/lib/python3.8/site-packages:${PYTHONPATH} /usr/bin/python3 setup.py egg_info --egg-base /colcon_ws/build/custom_executor build --build-base /colcon_ws/build/custom_executor/build install --prefix /colcon_ws/install/custom_executor --record /colcon_ws/build/custom_executor/install.log --single-version-externally-managed
[80.658s] Level 1:colcon.colcon_core.environment:checking '/colcon_ws/install/custom_executor' for CMake config files
[80.698s] Level 1:colcon.colcon_core.environment:checking '/colcon_ws/install/custom_executor/lib'
[80.701s] Level 1:colcon.colcon_core.environment:checking '/colcon_ws/install/custom_executor/bin'
[80.702s] Level 1:colcon.colcon_core.environment:checking '/colcon_ws/install/custom_executor/lib/pkgconfig/custom_executor.pc'
[80.703s] Level 1:colcon.colcon_core.environment:checking '/colcon_ws/install/custom_executor/lib/python3.8/site-packages'
[80.704s] Level 1:colcon.colcon_core.shell:create_environment_hook('custom_executor', 'pythonpath')
[80.706s] INFO:colcon.colcon_core.shell:Creating environment hook '/colcon_ws/install/custom_executor/share/custom_executor/hook/pythonpath.ps1'
[80.713s] INFO:colcon.colcon_core.shell:Creating environment descriptor '/colcon_ws/install/custom_executor/share/custom_executor/hook/pythonpath.dsv'
[80.720s] INFO:colcon.colcon_core.shell:Creating environment hook '/colcon_ws/install/custom_executor/share/custom_executor/hook/pythonpath.sh'
[80.727s] Level 1:colcon.colcon_core.environment:create_environment_scripts_only(custom_executor)
[80.728s] INFO:colcon.colcon_core.shell:Creating package script '/colcon_ws/install/custom_executor/share/custom_executor/package.ps1'
[80.735s] INFO:colcon.colcon_core.shell:Creating package descriptor '/colcon_ws/install/custom_executor/share/custom_executor/package.dsv'
[80.742s] INFO:colcon.colcon_core.shell:Creating package script '/colcon_ws/install/custom_executor/share/custom_executor/package.sh'
[80.748s] INFO:colcon.colcon_core.shell:Creating package script '/colcon_ws/install/custom_executor/share/custom_executor/package.bash'
[80.755s] INFO:colcon.colcon_core.shell:Creating package script '/colcon_ws/install/custom_executor/share/custom_executor/package.zsh'
[80.761s] Level 1:colcon.colcon_core.environment:create_file_with_runtime_dependencies(/colcon_ws/install/custom_executor/share/colcon-core/packages/custom_executor)
[80.769s] DEBUG:colcon.colcon_parallel_executor.executor.parallel:closing loop
[80.769s] DEBUG:colcon.colcon_parallel_executor.executor.parallel:loop closed
[80.770s] DEBUG:colcon.colcon_parallel_executor.executor.parallel:run_until_complete finished with '0'
[80.770s] DEBUG:colcon.colcon_core.event_reactor:joining thread
[80.789s] INFO:colcon.colcon_core.plugin_system:Skipping extension 'colcon_notification.desktop_notification.notify_send': Could not find 'notify-send'
[80.790s] INFO:colcon.colcon_core.plugin_system:Skipping extension 'colcon_notification.desktop_notification.terminal_notifier': Not used on non-Darwin systems
[80.790s] INFO:colcon.colcon_core.plugin_system:Skipping extension 'colcon_notification.desktop_notification.win32': Not used on non-Windows systems
[80.790s] INFO:colcon.colcon_notification.desktop_notification:Sending desktop notification using 'notify2'
[80.790s] DEBUG:colcon.colcon_notification.desktop_notification.notify2:Failed to initialize notify2: org.freedesktop.DBus.Error.NotSupported: Unable to autolaunch a dbus-daemon without a $DISPLAY for X11
[80.791s] DEBUG:colcon.colcon_core.event_reactor:joined thread
[80.792s] INFO:colcon.colcon_core.shell:Creating prefix script '/colcon_ws/install/local_setup.ps1'
[80.797s] INFO:colcon.colcon_core.shell:Creating prefix util module '/colcon_ws/install/_local_setup_util_ps1.py'
[80.804s] INFO:colcon.colcon_core.shell:Creating prefix chain script '/colcon_ws/install/setup.ps1'
[80.829s] INFO:colcon.colcon_core.shell:Creating prefix script '/colcon_ws/install/local_setup.sh'
[80.834s] INFO:colcon.colcon_core.shell:Creating prefix util module '/colcon_ws/install/_local_setup_util_sh.py'
[80.838s] INFO:colcon.colcon_core.shell:Creating prefix chain script '/colcon_ws/install/setup.sh'
[80.862s] INFO:colcon.colcon_core.shell:Creating prefix script '/colcon_ws/install/local_setup.bash'
[80.867s] INFO:colcon.colcon_core.shell:Creating prefix chain script '/colcon_ws/install/setup.bash'
[80.889s] INFO:colcon.colcon_core.shell:Creating prefix script '/colcon_ws/install/local_setup.zsh'
[80.894s] INFO:colcon.colcon_core.shell:Creating prefix chain script '/colcon_ws/install/setup.zsh'
