[0.372s] DEBUG:colcon:Command line arguments: ['/usr/bin/colcon', 'build', '--event-handlers', 'console_direct+']
[0.372s] DEBUG:colcon:Parsed command line arguments: Namespace(ament_cmake_args=None, base_paths=['.'], build_base='build', catkin_cmake_args=None, catkin_skip_building_tests=False, cmake_args=None, cmake_clean_cache=False, cmake_clean_first=False, cmake_force_configure=False, cmake_target=None, cmake_target_skip_unavailable=False, continue_on_error=False, event_handlers=['console_direct+'], executor='parallel', ignore_user_meta=False, install_base='install', log_base=None, log_level=None, main=<bound method BuildVerb.main of <colcon_core.verb.build.BuildVerb object at 0x7ff742209bb0>>, merge_install=False, metas=['./colcon.meta'], mixin=None, mixin_files=None, mixin_verb=('build',), packages_above=None, packages_above_and_dependencies=None, packages_above_depth=None, packages_end=None, packages_ignore=None, packages_ignore_regex=None, packages_select=None, packages_select_build_failed=False, packages_select_by_dep=None, packages_select_regex=None, packages_select_test_failures=False, packages_skip=None, packages_skip_build_finished=False, packages_skip_by_dep=None, packages_skip_regex=None, packages_skip_test_passed=False, packages_skip_up_to=None, packages_start=None, packages_up_to=None, packages_up_to_regex=None, parallel_workers=1, paths=None, symlink_install=False, test_result_base=None, verb_extension=<colcon_core.verb.build.BuildVerb object at 0x7ff742209bb0>, verb_name='build', verb_parser=<colcon_mixin.mixin.mixin_argument.MixinArgumentDecorator object at 0x7ff7422141c0>)
[0.424s] Level 1:colcon.colcon_core.package_discovery:discover_packages(colcon_meta) check parameters
[0.426s] INFO:colcon.colcon_metadata.package_discovery.colcon_meta:Using configuration from '/root/.colcon/metadata/default/Gazebo.meta'
[0.427s] INFO:colcon.colcon_metadata.package_discovery.colcon_meta:Using configuration from '/root/.colcon/metadata/default/fastrtps.meta'
[0.427s] Level 1:colcon.colcon_core.package_discovery:discover_packages(recursive) check parameters
[0.428s] Level 1:colcon.colcon_core.package_discovery:discover_packages(ignore) check parameters
[0.428s] Level 1:colcon.colcon_core.package_discovery:discover_packages(path) check parameters
[0.428s] Level 1:colcon.colcon_core.package_discovery:discover_packages(colcon_meta) discover
[0.428s] Level 1:colcon.colcon_core.package_discovery:discover_packages(recursive) discover
[0.428s] INFO:colcon.colcon_core.package_discovery:Crawling recursively for packages in '/colcon_ws'
[0.431s] Level 1:colcon.colcon_core.package_identification:_identify(.) by extensions ['ignore', 'ignore_ament_install']
[0.431s] Level 1:colcon.colcon_core.package_identification:_identify(.) by extension 'ignore'
[0.432s] Level 1:colcon.colcon_core.package_identification:_identify(.) by extension 'ignore_ament_install'
[0.432s] Level 1:colcon.colcon_core.package_identification:_identify(.) by extensions ['colcon_pkg']
[0.433s] Level 1:colcon.colcon_core.package_identification:_identify(.) by extension 'colcon_pkg'
[0.433s] Level 1:colcon.colcon_core.package_identification:_identify(.) by extensions ['colcon_meta']
[0.433s] Level 1:colcon.colcon_core.package_identification:_identify(.) by extension 'colcon_meta'
[0.433s] Level 1:colcon.colcon_core.package_identification:_identify(.) by extensions ['ros']
[0.434s] Level 1:colcon.colcon_core.package_identification:_identify(.) by extension 'ros'
[0.457s] Level 1:colcon.colcon_core.package_identification:_identify(.) by extensions ['cmake', 'python']
[0.457s] Level 1:colcon.colcon_core.package_identification:_identify(.) by extension 'cmake'
[0.458s] Level 1:colcon.colcon_core.package_identification:_identify(.) by extension 'python'
[0.458s] Level 1:colcon.colcon_core.package_identification:_identify(.) by extensions ['python_setup_py']
[0.458s] Level 1:colcon.colcon_core.package_identification:_identify(.) by extension 'python_setup_py'
[0.460s] Level 1:colcon.colcon_core.package_identification:_identify(build) by extensions ['ignore', 'ignore_ament_install']
[0.461s] Level 1:colcon.colcon_core.package_identification:_identify(build) by extension 'ignore'
[0.462s] Level 1:colcon.colcon_core.package_identification:_identify(build) ignored
[0.463s] Level 1:colcon.colcon_core.package_identification:_identify(docs) by extensions ['ignore', 'ignore_ament_install']
[0.464s] Level 1:colcon.colcon_core.package_identification:_identify(docs) by extension 'ignore'
[0.464s] Level 1:colcon.colcon_core.package_identification:_identify(docs) by extension 'ignore_ament_install'
[0.465s] Level 1:colcon.colcon_core.package_identification:_identify(docs) by extensions ['colcon_pkg']
[0.465s] Level 1:colcon.colcon_core.package_identification:_identify(docs) by extension 'colcon_pkg'
[0.466s] Level 1:colcon.colcon_core.package_identification:_identify(docs) by extensions ['colcon_meta']
[0.466s] Level 1:colcon.colcon_core.package_identification:_identify(docs) by extension 'colcon_meta'
[0.467s] Level 1:colcon.colcon_core.package_identification:_identify(docs) by extensions ['ros']
[0.467s] Level 1:colcon.colcon_core.package_identification:_identify(docs) by extension 'ros'
[0.468s] Level 1:colcon.colcon_core.package_identification:_identify(docs) by extensions ['cmake', 'python']
[0.468s] Level 1:colcon.colcon_core.package_identification:_identify(docs) by extension 'cmake'
[0.469s] Level 1:colcon.colcon_core.package_identification:_identify(docs) by extension 'python'
[0.469s] Level 1:colcon.colcon_core.package_identification:_identify(docs) by extensions ['python_setup_py']
[0.470s] Level 1:colcon.colcon_core.package_identification:_identify(docs) by extension 'python_setup_py'
[0.471s] Level 1:colcon.colcon_core.package_identification:_identify(install) by extensions ['ignore', 'ignore_ament_install']
[0.471s] Level 1:colcon.colcon_core.package_identification:_identify(install) by extension 'ignore'
[0.472s] Level 1:colcon.colcon_core.package_identification:_identify(install) ignored
[0.473s] Level 1:colcon.colcon_core.package_identification:_identify(log) by extensions ['ignore', 'ignore_ament_install']
[0.474s] Level 1:colcon.colcon_core.package_identification:_identify(log) by extension 'ignore'
[0.474s] Level 1:colcon.colcon_core.package_identification:_identify(log) ignored
[0.476s] Level 1:colcon.colcon_core.package_identification:_identify(src) by extensions ['ignore', 'ignore_ament_install']
[0.476s] Level 1:colcon.colcon_core.package_identification:_identify(src) by extension 'ignore'
[0.476s] Level 1:colcon.colcon_core.package_identification:_identify(src) by extension 'ignore_ament_install'
[0.477s] Level 1:colcon.colcon_core.package_identification:_identify(src) by extensions ['colcon_pkg']
[0.477s] Level 1:colcon.colcon_core.package_identification:_identify(src) by extension 'colcon_pkg'
[0.478s] Level 1:colcon.colcon_core.package_identification:_identify(src) by extensions ['colcon_meta']
[0.478s] Level 1:colcon.colcon_core.package_identification:_identify(src) by extension 'colcon_meta'
[0.479s] Level 1:colcon.colcon_core.package_identification:_identify(src) by extensions ['ros']
[0.479s] Level 1:colcon.colcon_core.package_identification:_identify(src) by extension 'ros'
[0.481s] Level 1:colcon.colcon_core.package_identification:_identify(src) by extensions ['cmake', 'python']
[0.481s] Level 1:colcon.colcon_core.package_identification:_identify(src) by extension 'cmake'
[0.482s] Level 1:colcon.colcon_core.package_identification:_identify(src) by extension 'python'
[0.483s] Level 1:colcon.colcon_core.package_identification:_identify(src) by extensions ['python_setup_py']
[0.483s] Level 1:colcon.colcon_core.package_identification:_identify(src) by extension 'python_setup_py'
[0.487s] Level 1:colcon.colcon_core.package_identification:_identify(src/composition) by extensions ['ignore', 'ignore_ament_install']
[0.487s] Level 1:colcon.colcon_core.package_identification:_identify(src/composition) by extension 'ignore'
[0.488s] Level 1:colcon.colcon_core.package_identification:_identify(src/composition) by extension 'ignore_ament_install'
[0.489s] Level 1:colcon.colcon_core.package_identification:_identify(src/composition) by extensions ['colcon_pkg']
[0.490s] Level 1:colcon.colcon_core.package_identification:_identify(src/composition) by extension 'colcon_pkg'
[0.490s] Level 1:colcon.colcon_core.package_identification:_identify(src/composition) by extensions ['colcon_meta']
[0.490s] Level 1:colcon.colcon_core.package_identification:_identify(src/composition) by extension 'colcon_meta'
[0.492s] Level 1:colcon.colcon_core.package_identification:_identify(src/composition) by extensions ['ros']
[0.492s] Level 1:colcon.colcon_core.package_identification:_identify(src/composition) by extension 'ros'
[0.502s] DEBUG:colcon.colcon_core.package_identification:Package 'src/composition' with type 'ros.ament_cmake' and name 'composition'
[0.505s] Level 1:colcon.colcon_core.package_identification:_identify(src/custom_executor) by extensions ['ignore', 'ignore_ament_install']
[0.505s] Level 1:colcon.colcon_core.package_identification:_identify(src/custom_executor) by extension 'ignore'
[0.506s] Level 1:colcon.colcon_core.package_identification:_identify(src/custom_executor) by extension 'ignore_ament_install'
[0.507s] Level 1:colcon.colcon_core.package_identification:_identify(src/custom_executor) by extensions ['colcon_pkg']
[0.507s] Level 1:colcon.colcon_core.package_identification:_identify(src/custom_executor) by extension 'colcon_pkg'
[0.508s] Level 1:colcon.colcon_core.package_identification:_identify(src/custom_executor) by extensions ['colcon_meta']
[0.508s] Level 1:colcon.colcon_core.package_identification:_identify(src/custom_executor) by extension 'colcon_meta'
[0.510s] Level 1:colcon.colcon_core.package_identification:_identify(src/custom_executor) by extensions ['ros']
[0.510s] Level 1:colcon.colcon_core.package_identification:_identify(src/custom_executor) by extension 'ros'
[0.519s] DEBUG:colcon.colcon_core.package_identification:Package 'src/custom_executor' with type 'ros.ament_python' and name 'custom_executor'
[0.522s] Level 1:colcon.colcon_core.package_identification:_identify(src/packt_rclcpp_demo) by extensions ['ignore', 'ignore_ament_install']
[0.523s] Level 1:colcon.colcon_core.package_identification:_identify(src/packt_rclcpp_demo) by extension 'ignore'
[0.524s] Level 1:colcon.colcon_core.package_identification:_identify(src/packt_rclcpp_demo) by extension 'ignore_ament_install'
[0.525s] Level 1:colcon.colcon_core.package_identification:_identify(src/packt_rclcpp_demo) by extensions ['colcon_pkg']
[0.526s] Level 1:colcon.colcon_core.package_identification:_identify(src/packt_rclcpp_demo) by extension 'colcon_pkg'
[0.526s] Level 1:colcon.colcon_core.package_identification:_identify(src/packt_rclcpp_demo) by extensions ['colcon_meta']
[0.527s] Level 1:colcon.colcon_core.package_identification:_identify(src/packt_rclcpp_demo) by extension 'colcon_meta'
[0.528s] Level 1:colcon.colcon_core.package_identification:_identify(src/packt_rclcpp_demo) by extensions ['ros']
[0.528s] Level 1:colcon.colcon_core.package_identification:_identify(src/packt_rclcpp_demo) by extension 'ros'
[0.534s] DEBUG:colcon.colcon_core.package_identification:Package 'src/packt_rclcpp_demo' with type 'ros.ament_cmake' and name 'packt_rclcpp_demo'
[0.536s] Level 1:colcon.colcon_core.package_identification:_identify(src/packt_rclpy_demo) by extensions ['ignore', 'ignore_ament_install']
[0.536s] Level 1:colcon.colcon_core.package_identification:_identify(src/packt_rclpy_demo) by extension 'ignore'
[0.537s] Level 1:colcon.colcon_core.package_identification:_identify(src/packt_rclpy_demo) by extension 'ignore_ament_install'
[0.538s] Level 1:colcon.colcon_core.package_identification:_identify(src/packt_rclpy_demo) by extensions ['colcon_pkg']
[0.538s] Level 1:colcon.colcon_core.package_identification:_identify(src/packt_rclpy_demo) by extension 'colcon_pkg'
[0.539s] Level 1:colcon.colcon_core.package_identification:_identify(src/packt_rclpy_demo) by extensions ['colcon_meta']
[0.539s] Level 1:colcon.colcon_core.package_identification:_identify(src/packt_rclpy_demo) by extension 'colcon_meta'
[0.540s] Level 1:colcon.colcon_core.package_identification:_identify(src/packt_rclpy_demo) by extensions ['ros']
[0.540s] Level 1:colcon.colcon_core.package_identification:_identify(src/packt_rclpy_demo) by extension 'ros'
[0.550s] DEBUG:colcon.colcon_core.package_identification:Package 'src/packt_rclpy_demo' with type 'ros.ament_python' and name 'packt_rclpy_demo'
[0.550s] Level 1:colcon.colcon_core.package_discovery:discover_packages(recursive) using defaults
[0.550s] Level 1:colcon.colcon_core.package_discovery:discover_packages(ignore) discover
[0.551s] Level 1:colcon.colcon_core.package_discovery:discover_packages(ignore) using defaults
[0.551s] Level 1:colcon.colcon_core.package_discovery:discover_packages(path) discover
[0.551s] Level 1:colcon.colcon_core.package_discovery:discover_packages(path) using defaults
[0.566s] Level 5:colcon.colcon_core.verb:set package 'composition' build argument 'cmake_args' from command line to 'None'
[0.567s] Level 5:colcon.colcon_core.verb:set package 'composition' build argument 'cmake_target' from command line to 'None'
[0.567s] Level 5:colcon.colcon_core.verb:set package 'composition' build argument 'cmake_target_skip_unavailable' from command line to 'False'
[0.567s] Level 5:colcon.colcon_core.verb:set package 'composition' build argument 'cmake_clean_cache' from command line to 'False'
[0.567s] Level 5:colcon.colcon_core.verb:set package 'composition' build argument 'cmake_clean_first' from command line to 'False'
[0.567s] Level 5:colcon.colcon_core.verb:set package 'composition' build argument 'cmake_force_configure' from command line to 'False'
[0.567s] Level 5:colcon.colcon_core.verb:set package 'composition' build argument 'ament_cmake_args' from command line to 'None'
[0.568s] Level 5:colcon.colcon_core.verb:set package 'composition' build argument 'catkin_cmake_args' from command line to 'None'
[0.568s] Level 5:colcon.colcon_core.verb:set package 'composition' build argument 'catkin_skip_building_tests' from command line to 'False'
[0.568s] DEBUG:colcon.colcon_core.verb:Building package 'composition' with the following arguments: {'ament_cmake_args': None, 'build_base': '/colcon_ws/build/composition', 'catkin_cmake_args': None, 'catkin_skip_building_tests': False, 'cmake_args': None, 'cmake_clean_cache': False, 'cmake_clean_first': False, 'cmake_force_configure': False, 'cmake_target': None, 'cmake_target_skip_unavailable': False, 'install_base': '/colcon_ws/install/composition', 'merge_install': False, 'path': '/colcon_ws/src/composition', 'symlink_install': False, 'test_result_base': None}
[0.573s] Level 5:colcon.colcon_core.verb:set package 'packt_rclcpp_demo' build argument 'cmake_args' from command line to 'None'
[0.574s] Level 5:colcon.colcon_core.verb:set package 'packt_rclcpp_demo' build argument 'cmake_target' from command line to 'None'
[0.574s] Level 5:colcon.colcon_core.verb:set package 'packt_rclcpp_demo' build argument 'cmake_target_skip_unavailable' from command line to 'False'
[0.574s] Level 5:colcon.colcon_core.verb:set package 'packt_rclcpp_demo' build argument 'cmake_clean_cache' from command line to 'False'
[0.574s] Level 5:colcon.colcon_core.verb:set package 'packt_rclcpp_demo' build argument 'cmake_clean_first' from command line to 'False'
[0.574s] Level 5:colcon.colcon_core.verb:set package 'packt_rclcpp_demo' build argument 'cmake_force_configure' from command line to 'False'
[0.575s] Level 5:colcon.colcon_core.verb:set package 'packt_rclcpp_demo' build argument 'ament_cmake_args' from command line to 'None'
[0.575s] Level 5:colcon.colcon_core.verb:set package 'packt_rclcpp_demo' build argument 'catkin_cmake_args' from command line to 'None'
[0.575s] Level 5:colcon.colcon_core.verb:set package 'packt_rclcpp_demo' build argument 'catkin_skip_building_tests' from command line to 'False'
[0.575s] DEBUG:colcon.colcon_core.verb:Building package 'packt_rclcpp_demo' with the following arguments: {'ament_cmake_args': None, 'build_base': '/colcon_ws/build/packt_rclcpp_demo', 'catkin_cmake_args': None, 'catkin_skip_building_tests': False, 'cmake_args': None, 'cmake_clean_cache': False, 'cmake_clean_first': False, 'cmake_force_configure': False, 'cmake_target': None, 'cmake_target_skip_unavailable': False, 'install_base': '/colcon_ws/install/packt_rclcpp_demo', 'merge_install': False, 'path': '/colcon_ws/src/packt_rclcpp_demo', 'symlink_install': False, 'test_result_base': None}
[0.580s] Level 5:colcon.colcon_core.verb:set package 'packt_rclpy_demo' build argument 'cmake_args' from command line to 'None'
[0.581s] Level 5:colcon.colcon_core.verb:set package 'packt_rclpy_demo' build argument 'cmake_target' from command line to 'None'
[0.581s] Level 5:colcon.colcon_core.verb:set package 'packt_rclpy_demo' build argument 'cmake_target_skip_unavailable' from command line to 'False'
[0.581s] Level 5:colcon.colcon_core.verb:set package 'packt_rclpy_demo' build argument 'cmake_clean_cache' from command line to 'False'
[0.581s] Level 5:colcon.colcon_core.verb:set package 'packt_rclpy_demo' build argument 'cmake_clean_first' from command line to 'False'
[0.581s] Level 5:colcon.colcon_core.verb:set package 'packt_rclpy_demo' build argument 'cmake_force_configure' from command line to 'False'
[0.582s] Level 5:colcon.colcon_core.verb:set package 'packt_rclpy_demo' build argument 'ament_cmake_args' from command line to 'None'
[0.582s] Level 5:colcon.colcon_core.verb:set package 'packt_rclpy_demo' build argument 'catkin_cmake_args' from command line to 'None'
[0.582s] Level 5:colcon.colcon_core.verb:set package 'packt_rclpy_demo' build argument 'catkin_skip_building_tests' from command line to 'False'
[0.582s] DEBUG:colcon.colcon_core.verb:Building package 'packt_rclpy_demo' with the following arguments: {'ament_cmake_args': None, 'build_base': '/colcon_ws/build/packt_rclpy_demo', 'catkin_cmake_args': None, 'catkin_skip_building_tests': False, 'cmake_args': None, 'cmake_clean_cache': False, 'cmake_clean_first': False, 'cmake_force_configure': False, 'cmake_target': None, 'cmake_target_skip_unavailable': False, 'install_base': '/colcon_ws/install/packt_rclpy_demo', 'merge_install': False, 'path': '/colcon_ws/src/packt_rclpy_demo', 'symlink_install': False, 'test_result_base': None}
[0.587s] Level 5:colcon.colcon_core.verb:set package 'custom_executor' build argument 'cmake_args' from command line to 'None'
[0.588s] Level 5:colcon.colcon_core.verb:set package 'custom_executor' build argument 'cmake_target' from command line to 'None'
[0.588s] Level 5:colcon.colcon_core.verb:set package 'custom_executor' build argument 'cmake_target_skip_unavailable' from command line to 'False'
[0.588s] Level 5:colcon.colcon_core.verb:set package 'custom_executor' build argument 'cmake_clean_cache' from command line to 'False'
[0.588s] Level 5:colcon.colcon_core.verb:set package 'custom_executor' build argument 'cmake_clean_first' from command line to 'False'
[0.588s] Level 5:colcon.colcon_core.verb:set package 'custom_executor' build argument 'cmake_force_configure' from command line to 'False'
[0.589s] Level 5:colcon.colcon_core.verb:set package 'custom_executor' build argument 'ament_cmake_args' from command line to 'None'
[0.589s] Level 5:colcon.colcon_core.verb:set package 'custom_executor' build argument 'catkin_cmake_args' from command line to 'None'
[0.589s] Level 5:colcon.colcon_core.verb:set package 'custom_executor' build argument 'catkin_skip_building_tests' from command line to 'False'
[0.589s] DEBUG:colcon.colcon_core.verb:Building package 'custom_executor' with the following arguments: {'ament_cmake_args': None, 'build_base': '/colcon_ws/build/custom_executor', 'catkin_cmake_args': None, 'catkin_skip_building_tests': False, 'cmake_args': None, 'cmake_clean_cache': False, 'cmake_clean_first': False, 'cmake_force_configure': False, 'cmake_target': None, 'cmake_target_skip_unavailable': False, 'install_base': '/colcon_ws/install/custom_executor', 'merge_install': False, 'path': '/colcon_ws/src/custom_executor', 'symlink_install': False, 'test_result_base': None}
[0.590s] INFO:colcon.colcon_core.executor:Executing jobs using 'parallel' executor
[0.594s] DEBUG:colcon.colcon_parallel_executor.executor.parallel:run_until_complete
[0.594s] INFO:colcon.colcon_ros.task.ament_python.build:Building ROS package in '/colcon_ws/src/packt_rclpy_demo' with build type 'ament_python'
[0.594s] Level 1:colcon.colcon_core.shell:create_environment_hook('packt_rclpy_demo', 'ament_prefix_path')
[0.602s] INFO:colcon.colcon_core.plugin_system:Skipping extension 'colcon_core.shell.bat': Not used on non-Windows systems
[0.602s] INFO:colcon.colcon_core.shell:Creating environment hook '/colcon_ws/install/packt_rclpy_demo/share/packt_rclpy_demo/hook/ament_prefix_path.ps1'
[0.616s] INFO:colcon.colcon_core.shell:Creating environment descriptor '/colcon_ws/install/packt_rclpy_demo/share/packt_rclpy_demo/hook/ament_prefix_path.dsv'
[0.625s] INFO:colcon.colcon_core.shell:Creating environment hook '/colcon_ws/install/packt_rclpy_demo/share/packt_rclpy_demo/hook/ament_prefix_path.sh'
[0.634s] INFO:colcon.colcon_core.shell:Skip shell extension 'powershell' for command environment: Not usable outside of PowerShell
[0.634s] DEBUG:colcon.colcon_core.shell:Skip shell extension 'dsv' for command environment
[0.643s] WARNING:colcon.colcon_ros.prefix_path.ament:The path '/colcon_ws/install/packt_rclcpp_demo' in the environment variable AMENT_PREFIX_PATH doesn't exist
[0.644s] WARNING:colcon.colcon_ros.prefix_path.ament:The path '/colcon_ws/install/custom_executor' in the environment variable AMENT_PREFIX_PATH doesn't exist
[0.646s] WARNING:colcon.colcon_ros.prefix_path.ament:The path '/colcon_ws/install/composition' in the environment variable AMENT_PREFIX_PATH doesn't exist
[0.648s] WARNING:colcon.colcon_ros.prefix_path.catkin:The path '/colcon_ws/install/packt_rclcpp_demo' in the environment variable CMAKE_PREFIX_PATH doesn't exist
[0.650s] WARNING:colcon.colcon_ros.prefix_path.catkin:The path '/colcon_ws/install/composition' in the environment variable CMAKE_PREFIX_PATH doesn't exist
[0.657s] DEBUG:colcon.colcon_core.shell:Ignoring prefix path '/opt/ros/foxy'
[1.102s] WARNING:colcon.colcon_ros.task.ament_python.build:Package 'packt_rclpy_demo' doesn't explicitly install a marker in the package index (colcon-ros currently does it implicitly but that fallback will be removed in the future)
[1.433s] WARNING:colcon.colcon_ros.task.ament_python.build:Package 'packt_rclpy_demo' doesn't explicitly install the 'package.xml' file (colcon-ros currently does it implicitly but that fallback will be removed in the future)
[1.457s] INFO:colcon.colcon_core.task.python.build:Building Python package in '/colcon_ws/src/packt_rclpy_demo'
[1.458s] INFO:colcon.colcon_core.shell:Skip shell extension 'powershell' for command environment: Not usable outside of PowerShell
[1.458s] DEBUG:colcon.colcon_core.shell:Skip shell extension 'dsv' for command environment
[1.475s] DEBUG:colcon.colcon_core.shell:Ignoring prefix path '/opt/ros/foxy'
[1.537s] DEBUG:colcon.colcon_core.event_handler.log_command:Invoking command in '/colcon_ws/src/packt_rclpy_demo': PYTHONPATH=/colcon_ws/install/packt_rclpy_demo/lib/python3.8/site-packages:${PYTHONPATH} /usr/bin/python3 setup.py egg_info --egg-base /colcon_ws/build/packt_rclpy_demo build --build-base /colcon_ws/build/packt_rclpy_demo/build install --prefix /colcon_ws/install/packt_rclpy_demo --record /colcon_ws/build/packt_rclpy_demo/install.log --single-version-externally-managed
[4.280s] DEBUG:colcon.colcon_core.event_handler.log_command:Invoked command in '/colcon_ws/src/packt_rclpy_demo' returned '0': PYTHONPATH=/colcon_ws/install/packt_rclpy_demo/lib/python3.8/site-packages:${PYTHONPATH} /usr/bin/python3 setup.py egg_info --egg-base /colcon_ws/build/packt_rclpy_demo build --build-base /colcon_ws/build/packt_rclpy_demo/build install --prefix /colcon_ws/install/packt_rclpy_demo --record /colcon_ws/build/packt_rclpy_demo/install.log --single-version-externally-managed
[4.288s] Level 1:colcon.colcon_core.environment:checking '/colcon_ws/install/packt_rclpy_demo' for CMake module files
[4.313s] Level 1:colcon.colcon_core.environment:checking '/colcon_ws/install/packt_rclpy_demo' for CMake config files
[4.364s] Level 1:colcon.colcon_core.environment:checking '/colcon_ws/install/packt_rclpy_demo/lib'
[4.367s] Level 1:colcon.colcon_core.environment:checking '/colcon_ws/install/packt_rclpy_demo/bin'
[4.368s] Level 1:colcon.colcon_core.environment:checking '/colcon_ws/install/packt_rclpy_demo/lib/pkgconfig/packt_rclpy_demo.pc'
[4.369s] Level 1:colcon.colcon_core.environment:checking '/colcon_ws/install/packt_rclpy_demo/lib/python3.8/site-packages'
[4.371s] Level 1:colcon.colcon_core.shell:create_environment_hook('packt_rclpy_demo', 'pythonpath')
[4.373s] INFO:colcon.colcon_core.shell:Creating environment hook '/colcon_ws/install/packt_rclpy_demo/share/packt_rclpy_demo/hook/pythonpath.ps1'
[4.382s] INFO:colcon.colcon_core.shell:Creating environment descriptor '/colcon_ws/install/packt_rclpy_demo/share/packt_rclpy_demo/hook/pythonpath.dsv'
[4.391s] INFO:colcon.colcon_core.shell:Creating environment hook '/colcon_ws/install/packt_rclpy_demo/share/packt_rclpy_demo/hook/pythonpath.sh'
[4.399s] Level 1:colcon.colcon_core.environment:create_environment_scripts_only(packt_rclpy_demo)
[4.401s] INFO:colcon.colcon_core.shell:Creating package script '/colcon_ws/install/packt_rclpy_demo/share/packt_rclpy_demo/package.ps1'
[4.411s] INFO:colcon.colcon_core.shell:Creating package descriptor '/colcon_ws/install/packt_rclpy_demo/share/packt_rclpy_demo/package.dsv'
[4.419s] INFO:colcon.colcon_core.shell:Creating package script '/colcon_ws/install/packt_rclpy_demo/share/packt_rclpy_demo/package.sh'
[4.428s] INFO:colcon.colcon_core.shell:Creating package script '/colcon_ws/install/packt_rclpy_demo/share/packt_rclpy_demo/package.bash'
[4.439s] INFO:colcon.colcon_core.shell:Creating package script '/colcon_ws/install/packt_rclpy_demo/share/packt_rclpy_demo/package.zsh'
[4.448s] Level 1:colcon.colcon_core.environment:create_file_with_runtime_dependencies(/colcon_ws/install/packt_rclpy_demo/share/colcon-core/packages/packt_rclpy_demo)
[4.458s] INFO:colcon.colcon_ros.task.ament_cmake.build:Building ROS package in '/colcon_ws/src/composition' with build type 'ament_cmake'
[4.459s] INFO:colcon.colcon_cmake.task.cmake.build:Building CMake package in '/colcon_ws/src/composition'
[4.461s] INFO:colcon.colcon_core.shell:Skip shell extension 'powershell' for command environment: Not usable outside of PowerShell
[4.463s] DEBUG:colcon.colcon_core.shell:Skip shell extension 'dsv' for command environment
[4.491s] DEBUG:colcon.colcon_core.shell:Ignoring prefix path '/opt/ros/foxy'
[4.549s] DEBUG:colcon.colcon_core.event_handler.log_command:Invoking command in '/colcon_ws/build/composition': CMAKE_PREFIX_PATH=${CMAKE_PREFIX_PATH}:/colcon_ws/install/packt_rclpy_demo:/colcon_ws/install/custom_executor:/opt/ros/foxy /usr/bin/cmake /colcon_ws/src/composition -DCMAKE_INSTALL_PREFIX=/colcon_ws/install/composition
[17.224s] DEBUG:colcon.colcon_core.event_handler.log_command:Invoked command in '/colcon_ws/build/composition' returned '0': CMAKE_PREFIX_PATH=${CMAKE_PREFIX_PATH}:/colcon_ws/install/packt_rclpy_demo:/colcon_ws/install/custom_executor:/opt/ros/foxy /usr/bin/cmake /colcon_ws/src/composition -DCMAKE_INSTALL_PREFIX=/colcon_ws/install/composition
[17.235s] DEBUG:colcon.colcon_core.event_handler.log_command:Invoking command in '/colcon_ws/build/composition': CMAKE_PREFIX_PATH=${CMAKE_PREFIX_PATH}:/colcon_ws/install/packt_rclpy_demo:/colcon_ws/install/custom_executor:/opt/ros/foxy /usr/bin/cmake --build /colcon_ws/build/composition -- -j1 -l1
[43.557s] DEBUG:colcon.colcon_core.event_handler.log_command:Invoked command in '/colcon_ws/build/composition' returned '0': CMAKE_PREFIX_PATH=${CMAKE_PREFIX_PATH}:/colcon_ws/install/packt_rclpy_demo:/colcon_ws/install/custom_executor:/opt/ros/foxy /usr/bin/cmake --build /colcon_ws/build/composition -- -j1 -l1
[43.786s] DEBUG:colcon.colcon_core.event_handler.log_command:Invoking command in '/colcon_ws/build/composition': CMAKE_PREFIX_PATH=${CMAKE_PREFIX_PATH}:/colcon_ws/install/packt_rclpy_demo:/colcon_ws/install/custom_executor:/opt/ros/foxy /usr/bin/cmake --install /colcon_ws/build/composition
[44.723s] Level 1:colcon.colcon_core.environment:create_environment_scripts_only(composition)
[44.726s] Level 1:colcon.colcon_core.environment:checking '/colcon_ws/install/composition' for CMake module files
[44.726s] DEBUG:colcon.colcon_core.event_handler.log_command:Invoked command in '/colcon_ws/build/composition' returned '0': CMAKE_PREFIX_PATH=${CMAKE_PREFIX_PATH}:/colcon_ws/install/packt_rclpy_demo:/colcon_ws/install/custom_executor:/opt/ros/foxy /usr/bin/cmake --install /colcon_ws/build/composition
[44.757s] Level 1:colcon.colcon_core.environment:checking '/colcon_ws/install/composition' for CMake config files
[44.787s] Level 1:colcon.colcon_core.shell:create_environment_hook('composition', 'cmake_prefix_path')
[44.788s] INFO:colcon.colcon_core.shell:Creating environment hook '/colcon_ws/install/composition/share/composition/hook/cmake_prefix_path.ps1'
[44.794s] INFO:colcon.colcon_core.shell:Creating environment descriptor '/colcon_ws/install/composition/share/composition/hook/cmake_prefix_path.dsv'
[44.800s] INFO:colcon.colcon_core.shell:Creating environment hook '/colcon_ws/install/composition/share/composition/hook/cmake_prefix_path.sh'
[44.809s] Level 1:colcon.colcon_core.environment:checking '/colcon_ws/install/composition/lib'
[44.811s] Level 1:colcon.colcon_core.shell:create_environment_hook('composition', 'ld_library_path_lib')
[44.812s] INFO:colcon.colcon_core.shell:Creating environment hook '/colcon_ws/install/composition/share/composition/hook/ld_library_path_lib.ps1'
[44.819s] INFO:colcon.colcon_core.shell:Creating environment descriptor '/colcon_ws/install/composition/share/composition/hook/ld_library_path_lib.dsv'
[44.825s] INFO:colcon.colcon_core.shell:Creating environment hook '/colcon_ws/install/composition/share/composition/hook/ld_library_path_lib.sh'
[44.832s] Level 1:colcon.colcon_core.environment:checking '/colcon_ws/install/composition/bin'
[44.832s] Level 1:colcon.colcon_core.environment:checking '/colcon_ws/install/composition/lib/pkgconfig/composition.pc'
[44.833s] Level 1:colcon.colcon_core.environment:checking '/colcon_ws/install/composition/lib/python3.8/site-packages'
[44.835s] INFO:colcon.colcon_core.shell:Creating package script '/colcon_ws/install/composition/share/composition/package.ps1'
[44.841s] INFO:colcon.colcon_core.shell:Creating package descriptor '/colcon_ws/install/composition/share/composition/package.dsv'
[44.848s] INFO:colcon.colcon_core.shell:Creating package script '/colcon_ws/install/composition/share/composition/package.sh'
[44.856s] INFO:colcon.colcon_core.shell:Creating package script '/colcon_ws/install/composition/share/composition/package.bash'
[44.862s] INFO:colcon.colcon_core.shell:Creating package script '/colcon_ws/install/composition/share/composition/package.zsh'
[44.868s] Level 1:colcon.colcon_core.environment:create_file_with_runtime_dependencies(/colcon_ws/install/composition/share/colcon-core/packages/composition)
[44.875s] INFO:colcon.colcon_ros.task.ament_cmake.build:Building ROS package in '/colcon_ws/src/packt_rclcpp_demo' with build type 'ament_cmake'
[44.876s] INFO:colcon.colcon_cmake.task.cmake.build:Building CMake package in '/colcon_ws/src/packt_rclcpp_demo'
[44.878s] INFO:colcon.colcon_core.shell:Skip shell extension 'powershell' for command environment: Not usable outside of PowerShell
[44.878s] DEBUG:colcon.colcon_core.shell:Skip shell extension 'dsv' for command environment
[44.902s] DEBUG:colcon.colcon_core.shell:Ignoring prefix path '/opt/ros/foxy'
[44.960s] DEBUG:colcon.colcon_core.event_handler.log_command:Invoking command in '/colcon_ws/build/packt_rclcpp_demo': CMAKE_PREFIX_PATH=${CMAKE_PREFIX_PATH}:/colcon_ws/install/packt_rclpy_demo:/colcon_ws/install/custom_executor:/opt/ros/foxy /usr/bin/cmake /colcon_ws/src/packt_rclcpp_demo -DCMAKE_INSTALL_PREFIX=/colcon_ws/install/packt_rclcpp_demo
[61.247s] DEBUG:colcon.colcon_core.event_handler.log_command:Invoked command in '/colcon_ws/build/packt_rclcpp_demo' returned '0': CMAKE_PREFIX_PATH=${CMAKE_PREFIX_PATH}:/colcon_ws/install/packt_rclpy_demo:/colcon_ws/install/custom_executor:/opt/ros/foxy /usr/bin/cmake /colcon_ws/src/packt_rclcpp_demo -DCMAKE_INSTALL_PREFIX=/colcon_ws/install/packt_rclcpp_demo
[61.258s] DEBUG:colcon.colcon_core.event_handler.log_command:Invoking command in '/colcon_ws/build/packt_rclcpp_demo': CMAKE_PREFIX_PATH=${CMAKE_PREFIX_PATH}:/colcon_ws/install/packt_rclpy_demo:/colcon_ws/install/custom_executor:/opt/ros/foxy /usr/bin/cmake --build /colcon_ws/build/packt_rclcpp_demo -- -j1 -l1
[86.428s] DEBUG:colcon.colcon_core.event_handler.log_command:Invoked command in '/colcon_ws/build/packt_rclcpp_demo' returned '0': CMAKE_PREFIX_PATH=${CMAKE_PREFIX_PATH}:/colcon_ws/install/packt_rclpy_demo:/colcon_ws/install/custom_executor:/opt/ros/foxy /usr/bin/cmake --build /colcon_ws/build/packt_rclcpp_demo -- -j1 -l1
[86.782s] DEBUG:colcon.colcon_core.event_handler.log_command:Invoking command in '/colcon_ws/build/packt_rclcpp_demo': CMAKE_PREFIX_PATH=${CMAKE_PREFIX_PATH}:/colcon_ws/install/packt_rclpy_demo:/colcon_ws/install/custom_executor:/opt/ros/foxy /usr/bin/cmake --install /colcon_ws/build/packt_rclcpp_demo
[88.077s] Level 1:colcon.colcon_core.environment:create_environment_scripts_only(packt_rclcpp_demo)
[88.080s] Level 1:colcon.colcon_core.environment:checking '/colcon_ws/install/packt_rclcpp_demo' for CMake module files
[88.080s] DEBUG:colcon.colcon_core.event_handler.log_command:Invoked command in '/colcon_ws/build/packt_rclcpp_demo' returned '0': CMAKE_PREFIX_PATH=${CMAKE_PREFIX_PATH}:/colcon_ws/install/packt_rclpy_demo:/colcon_ws/install/custom_executor:/opt/ros/foxy /usr/bin/cmake --install /colcon_ws/build/packt_rclcpp_demo
[88.127s] Level 1:colcon.colcon_core.environment:checking '/colcon_ws/install/packt_rclcpp_demo' for CMake config files
[88.164s] Level 1:colcon.colcon_core.shell:create_environment_hook('packt_rclcpp_demo', 'cmake_prefix_path')
[88.165s] INFO:colcon.colcon_core.shell:Creating environment hook '/colcon_ws/install/packt_rclcpp_demo/share/packt_rclcpp_demo/hook/cmake_prefix_path.ps1'
[88.174s] INFO:colcon.colcon_core.shell:Creating environment descriptor '/colcon_ws/install/packt_rclcpp_demo/share/packt_rclcpp_demo/hook/cmake_prefix_path.dsv'
[88.183s] INFO:colcon.colcon_core.shell:Creating environment hook '/colcon_ws/install/packt_rclcpp_demo/share/packt_rclcpp_demo/hook/cmake_prefix_path.sh'
[88.195s] Level 1:colcon.colcon_core.environment:checking '/colcon_ws/install/packt_rclcpp_demo/lib'
[88.198s] Level 1:colcon.colcon_core.environment:checking '/colcon_ws/install/packt_rclcpp_demo/bin'
[88.200s] Level 1:colcon.colcon_core.environment:checking '/colcon_ws/install/packt_rclcpp_demo/lib/pkgconfig/packt_rclcpp_demo.pc'
[88.201s] Level 1:colcon.colcon_core.environment:checking '/colcon_ws/install/packt_rclcpp_demo/lib/python3.8/site-packages'
[88.203s] INFO:colcon.colcon_core.shell:Creating package script '/colcon_ws/install/packt_rclcpp_demo/share/packt_rclcpp_demo/package.ps1'
[88.211s] INFO:colcon.colcon_core.shell:Creating package descriptor '/colcon_ws/install/packt_rclcpp_demo/share/packt_rclcpp_demo/package.dsv'
[88.221s] INFO:colcon.colcon_core.shell:Creating package script '/colcon_ws/install/packt_rclcpp_demo/share/packt_rclcpp_demo/package.sh'
[88.229s] INFO:colcon.colcon_core.shell:Creating package script '/colcon_ws/install/packt_rclcpp_demo/share/packt_rclcpp_demo/package.bash'
[88.237s] INFO:colcon.colcon_core.shell:Creating package script '/colcon_ws/install/packt_rclcpp_demo/share/packt_rclcpp_demo/package.zsh'
[88.244s] Level 1:colcon.colcon_core.environment:create_file_with_runtime_dependencies(/colcon_ws/install/packt_rclcpp_demo/share/colcon-core/packages/packt_rclcpp_demo)
[88.252s] INFO:colcon.colcon_ros.task.ament_python.build:Building ROS package in '/colcon_ws/src/custom_executor' with build type 'ament_python'
[88.253s] Level 1:colcon.colcon_core.shell:create_environment_hook('custom_executor', 'ament_prefix_path')
[88.254s] INFO:colcon.colcon_core.shell:Creating environment hook '/colcon_ws/install/custom_executor/share/custom_executor/hook/ament_prefix_path.ps1'
[88.273s] INFO:colcon.colcon_core.shell:Creating environment descriptor '/colcon_ws/install/custom_executor/share/custom_executor/hook/ament_prefix_path.dsv'
[88.283s] INFO:colcon.colcon_core.shell:Creating environment hook '/colcon_ws/install/custom_executor/share/custom_executor/hook/ament_prefix_path.sh'
[88.304s] INFO:colcon.colcon_core.shell:Skip shell extension 'powershell' for command environment: Not usable outside of PowerShell
[88.304s] DEBUG:colcon.colcon_core.shell:Skip shell extension 'dsv' for command environment
[88.346s] DEBUG:colcon.colcon_core.shell:Ignoring prefix path '/opt/ros/foxy'
[89.059s] WARNING:colcon.colcon_ros.task.ament_python.build:Package 'custom_executor' doesn't explicitly install a marker in the package index (colcon-ros currently does it implicitly but that fallback will be removed in the future)
[89.073s] WARNING:colcon.colcon_ros.task.ament_python.build:Package 'custom_executor' doesn't explicitly install the 'package.xml' file (colcon-ros currently does it implicitly but that fallback will be removed in the future)
[89.088s] INFO:colcon.colcon_core.task.python.build:Building Python package in '/colcon_ws/src/custom_executor'
[89.089s] INFO:colcon.colcon_core.shell:Skip shell extension 'powershell' for command environment: Not usable outside of PowerShell
[89.090s] DEBUG:colcon.colcon_core.shell:Skip shell extension 'dsv' for command environment
[89.120s] DEBUG:colcon.colcon_core.shell:Ignoring prefix path '/opt/ros/foxy'
[89.199s] DEBUG:colcon.colcon_core.event_handler.log_command:Invoking command in '/colcon_ws/src/custom_executor': PYTHONPATH=/colcon_ws/install/custom_executor/lib/python3.8/site-packages:${PYTHONPATH} /usr/bin/python3 setup.py egg_info --egg-base /colcon_ws/build/custom_executor build --build-base /colcon_ws/build/custom_executor/build install --prefix /colcon_ws/install/custom_executor --record /colcon_ws/build/custom_executor/install.log --single-version-externally-managed
[91.011s] Level 1:colcon.colcon_core.environment:checking '/colcon_ws/install/custom_executor' for CMake module files
[91.027s] DEBUG:colcon.colcon_core.event_handler.log_command:Invoked command in '/colcon_ws/src/custom_executor' returned '0': PYTHONPATH=/colcon_ws/install/custom_executor/lib/python3.8/site-packages:${PYTHONPATH} /usr/bin/python3 setup.py egg_info --egg-base /colcon_ws/build/custom_executor build --build-base /colcon_ws/build/custom_executor/build install --prefix /colcon_ws/install/custom_executor --record /colcon_ws/build/custom_executor/install.log --single-version-externally-managed
[91.052s] Level 1:colcon.colcon_core.environment:checking '/colcon_ws/install/custom_executor' for CMake config files
[91.100s] Level 1:colcon.colcon_core.environment:checking '/colcon_ws/install/custom_executor/lib'
[91.102s] Level 1:colcon.colcon_core.environment:checking '/colcon_ws/install/custom_executor/bin'
[91.103s] Level 1:colcon.colcon_core.environment:checking '/colcon_ws/install/custom_executor/lib/pkgconfig/custom_executor.pc'
[91.105s] Level 1:colcon.colcon_core.environment:checking '/colcon_ws/install/custom_executor/lib/python3.8/site-packages'
[91.106s] Level 1:colcon.colcon_core.shell:create_environment_hook('custom_executor', 'pythonpath')
[91.108s] INFO:colcon.colcon_core.shell:Creating environment hook '/colcon_ws/install/custom_executor/share/custom_executor/hook/pythonpath.ps1'
[91.117s] INFO:colcon.colcon_core.shell:Creating environment descriptor '/colcon_ws/install/custom_executor/share/custom_executor/hook/pythonpath.dsv'
[91.127s] INFO:colcon.colcon_core.shell:Creating environment hook '/colcon_ws/install/custom_executor/share/custom_executor/hook/pythonpath.sh'
[91.137s] Level 1:colcon.colcon_core.environment:create_environment_scripts_only(custom_executor)
[91.139s] INFO:colcon.colcon_core.shell:Creating package script '/colcon_ws/install/custom_executor/share/custom_executor/package.ps1'
[91.147s] INFO:colcon.colcon_core.shell:Creating package descriptor '/colcon_ws/install/custom_executor/share/custom_executor/package.dsv'
[91.155s] INFO:colcon.colcon_core.shell:Creating package script '/colcon_ws/install/custom_executor/share/custom_executor/package.sh'
[91.163s] INFO:colcon.colcon_core.shell:Creating package script '/colcon_ws/install/custom_executor/share/custom_executor/package.bash'
[91.173s] INFO:colcon.colcon_core.shell:Creating package script '/colcon_ws/install/custom_executor/share/custom_executor/package.zsh'
[91.180s] Level 1:colcon.colcon_core.environment:create_file_with_runtime_dependencies(/colcon_ws/install/custom_executor/share/colcon-core/packages/custom_executor)
[91.190s] DEBUG:colcon.colcon_parallel_executor.executor.parallel:closing loop
[91.191s] DEBUG:colcon.colcon_parallel_executor.executor.parallel:loop closed
[91.191s] DEBUG:colcon.colcon_parallel_executor.executor.parallel:run_until_complete finished with '0'
[91.192s] DEBUG:colcon.colcon_core.event_reactor:joining thread
[91.218s] INFO:colcon.colcon_core.plugin_system:Skipping extension 'colcon_notification.desktop_notification.notify_send': Could not find 'notify-send'
[91.219s] INFO:colcon.colcon_core.plugin_system:Skipping extension 'colcon_notification.desktop_notification.terminal_notifier': Not used on non-Darwin systems
[91.219s] INFO:colcon.colcon_core.plugin_system:Skipping extension 'colcon_notification.desktop_notification.win32': Not used on non-Windows systems
[91.220s] INFO:colcon.colcon_notification.desktop_notification:Sending desktop notification using 'notify2'
[91.220s] DEBUG:colcon.colcon_notification.desktop_notification.notify2:Failed to initialize notify2: org.freedesktop.DBus.Error.NotSupported: Unable to autolaunch a dbus-daemon without a $DISPLAY for X11
[91.221s] DEBUG:colcon.colcon_core.event_reactor:joined thread
[91.223s] INFO:colcon.colcon_core.shell:Creating prefix script '/colcon_ws/install/local_setup.ps1'
[91.231s] INFO:colcon.colcon_core.shell:Creating prefix util module '/colcon_ws/install/_local_setup_util_ps1.py'
[91.242s] INFO:colcon.colcon_core.shell:Creating prefix chain script '/colcon_ws/install/setup.ps1'
[91.276s] INFO:colcon.colcon_core.shell:Creating prefix script '/colcon_ws/install/local_setup.sh'
[91.282s] INFO:colcon.colcon_core.shell:Creating prefix util module '/colcon_ws/install/_local_setup_util_sh.py'
[91.288s] INFO:colcon.colcon_core.shell:Creating prefix chain script '/colcon_ws/install/setup.sh'
[91.318s] INFO:colcon.colcon_core.shell:Creating prefix script '/colcon_ws/install/local_setup.bash'
[91.323s] INFO:colcon.colcon_core.shell:Creating prefix chain script '/colcon_ws/install/setup.bash'
[91.354s] INFO:colcon.colcon_core.shell:Creating prefix script '/colcon_ws/install/local_setup.zsh'
[91.360s] INFO:colcon.colcon_core.shell:Creating prefix chain script '/colcon_ws/install/setup.zsh'
