-- The C compiler identification is GNU 9.3.0
-- The CXX compiler identification is GNU 9.3.0
-- Check for working C compiler: /usr/bin/cc
-- Check for working C compiler: /usr/bin/cc -- works
-- Detecting C compiler ABI info
-- Detecting C compiler ABI info - done
-- Detecting C compile features
-- Detecting C compile features - done
-- Check for working CXX compiler: /usr/bin/c++
-- Check for working CXX compiler: /usr/bin/c++ -- works
-- Detecting CXX compiler ABI info
-- Detecting CXX compiler ABI info - done
-- Detecting CXX compile features
-- Detecting CXX compile features - done
-- Found ament_cmake: 0.9.6 (/opt/ros/foxy/share/ament_cmake/cmake)
-- Found PythonInterp: /usr/bin/python3 (found suitable version "3.8.2", minimum required is "3") 
-- Using PYTHON_EXECUTABLE: /usr/bin/python3
-- Found rclcpp: 2.1.0 (/opt/ros/foxy/share/rclcpp/cmake)
-- Using all available rosidl_typesupport_c: rosidl_typesupport_fastrtps_c;rosidl_typesupport_introspection_c
-- Found rosidl_adapter: 1.0.1 (/opt/ros/foxy/share/rosidl_adapter/cmake)
-- Found OpenSSL: /usr/lib/x86_64-linux-gnu/libcrypto.so (found version "1.1.1f")  
-- Found FastRTPS: /opt/ros/foxy/include  
-- Using all available rosidl_typesupport_cpp: rosidl_typesupport_fastrtps_cpp;rosidl_typesupport_introspection_cpp
-- Found rmw_implementation_cmake: 1.0.1 (/opt/ros/foxy/share/rmw_implementation_cmake/cmake)
-- Using RMW implementation 'rmw_fastrtps_cpp' as default
-- Looking for pthread.h
-- Looking for pthread.h - found
-- Performing Test CMAKE_HAVE_LIBC_PTHREAD
-- Performing Test CMAKE_HAVE_LIBC_PTHREAD - Failed
-- Looking for pthread_create in pthreads
-- Looking for pthread_create in pthreads - not found
-- Looking for pthread_create in pthread
-- Looking for pthread_create in pthread - found
-- Found Threads: TRUE  
-- Found rclcpp_components: 2.1.0 (/opt/ros/foxy/share/rclcpp_components/cmake)
-- Configuring done
-- Generating done
-- Build files have been written to: /colcon_ws/build/composition
Scanning dependencies of target talker_component
[ 16%] Building CXX object CMakeFiles/talker_component.dir/src/talker_component.cpp.o
[ 33%] Linking CXX shared library libtalker_component.so
[ 33%] Built target talker_component
Scanning dependencies of target listener_component
[ 50%] Building CXX object CMakeFiles/listener_component.dir/src/listener_component.cpp.o
[ 66%] Linking CXX shared library liblistener_component.so
[ 66%] Built target listener_component
Scanning dependencies of target manual_composition
[ 83%] Building CXX object CMakeFiles/manual_composition.dir/src/manual_composition.cpp.o
[100%] Linking CXX executable manual_composition
[100%] Built target manual_composition
-- Install configuration: ""
-- Installing: /colcon_ws/install/composition/lib/libtalker_component.so
-- Set runtime path of "/colcon_ws/install/composition/lib/libtalker_component.so" to ""
-- Installing: /colcon_ws/install/composition/lib/liblistener_component.so
-- Set runtime path of "/colcon_ws/install/composition/lib/liblistener_component.so" to ""
-- Installing: /colcon_ws/install/composition/lib/composition/manual_composition
-- Set runtime path of "/colcon_ws/install/composition/lib/composition/manual_composition" to ""
-- Installing: /colcon_ws/install/composition/share/composition/launch
-- Installing: /colcon_ws/install/composition/share/composition/launch/demo.launch.py
-- Installing: /colcon_ws/install/composition/share/ament_index/resource_index/package_run_dependencies/composition
-- Installing: /colcon_ws/install/composition/share/ament_index/resource_index/parent_prefix_path/composition
-- Installing: /colcon_ws/install/composition/share/composition/environment/ament_prefix_path.sh
-- Installing: /colcon_ws/install/composition/share/composition/environment/ament_prefix_path.dsv
-- Installing: /colcon_ws/install/composition/share/composition/environment/path.sh
-- Installing: /colcon_ws/install/composition/share/composition/environment/path.dsv
-- Installing: /colcon_ws/install/composition/share/composition/local_setup.bash
-- Installing: /colcon_ws/install/composition/share/composition/local_setup.sh
-- Installing: /colcon_ws/install/composition/share/composition/local_setup.zsh
-- Installing: /colcon_ws/install/composition/share/composition/local_setup.dsv
-- Installing: /colcon_ws/install/composition/share/composition/package.dsv
-- Installing: /colcon_ws/install/composition/share/ament_index/resource_index/packages/composition
-- Installing: /colcon_ws/install/composition/share/ament_index/resource_index/rclcpp_components/composition
-- Installing: /colcon_ws/install/composition/share/composition/cmake/compositionConfig.cmake
-- Installing: /colcon_ws/install/composition/share/composition/cmake/compositionConfig-version.cmake
-- Installing: /colcon_ws/install/composition/share/composition/package.xml
