running egg_info
creating /colcon_ws/build/packt_rclpy_demo/packt_rclpy_demo.egg-info
writing /colcon_ws/build/packt_rclpy_demo/packt_rclpy_demo.egg-info/PKG-INFO
writing dependency_links to /colcon_ws/build/packt_rclpy_demo/packt_rclpy_demo.egg-info/dependency_links.txt
writing entry points to /colcon_ws/build/packt_rclpy_demo/packt_rclpy_demo.egg-info/entry_points.txt
writing requirements to /colcon_ws/build/packt_rclpy_demo/packt_rclpy_demo.egg-info/requires.txt
writing top-level names to /colcon_ws/build/packt_rclpy_demo/packt_rclpy_demo.egg-info/top_level.txt
writing manifest file '/colcon_ws/build/packt_rclpy_demo/packt_rclpy_demo.egg-info/SOURCES.txt'
reading manifest file '/colcon_ws/build/packt_rclpy_demo/packt_rclpy_demo.egg-info/SOURCES.txt'
writing manifest file '/colcon_ws/build/packt_rclpy_demo/packt_rclpy_demo.egg-info/SOURCES.txt'
running build
running build_py
creating /colcon_ws/build/packt_rclpy_demo/build
creating /colcon_ws/build/packt_rclpy_demo/build/lib
creating /colcon_ws/build/packt_rclpy_demo/build/lib/packt_rclpy_demo
copying packt_rclpy_demo/__init__.py -> /colcon_ws/build/packt_rclpy_demo/build/lib/packt_rclpy_demo
copying packt_rclpy_demo/publisher.py -> /colcon_ws/build/packt_rclpy_demo/build/lib/packt_rclpy_demo
copying packt_rclpy_demo/subscriber.py -> /colcon_ws/build/packt_rclpy_demo/build/lib/packt_rclpy_demo
running install
running install_lib
creating /colcon_ws/install/packt_rclpy_demo/lib/python3.8/site-packages/packt_rclpy_demo
copying /colcon_ws/build/packt_rclpy_demo/build/lib/packt_rclpy_demo/publisher.py -> /colcon_ws/install/packt_rclpy_demo/lib/python3.8/site-packages/packt_rclpy_demo
copying /colcon_ws/build/packt_rclpy_demo/build/lib/packt_rclpy_demo/subscriber.py -> /colcon_ws/install/packt_rclpy_demo/lib/python3.8/site-packages/packt_rclpy_demo
copying /colcon_ws/build/packt_rclpy_demo/build/lib/packt_rclpy_demo/__init__.py -> /colcon_ws/install/packt_rclpy_demo/lib/python3.8/site-packages/packt_rclpy_demo
byte-compiling /colcon_ws/install/packt_rclpy_demo/lib/python3.8/site-packages/packt_rclpy_demo/publisher.py to publisher.cpython-38.pyc
byte-compiling /colcon_ws/install/packt_rclpy_demo/lib/python3.8/site-packages/packt_rclpy_demo/subscriber.py to subscriber.cpython-38.pyc
byte-compiling /colcon_ws/install/packt_rclpy_demo/lib/python3.8/site-packages/packt_rclpy_demo/__init__.py to __init__.cpython-38.pyc
running install_egg_info
Copying /colcon_ws/build/packt_rclpy_demo/packt_rclpy_demo.egg-info to /colcon_ws/install/packt_rclpy_demo/lib/python3.8/site-packages/packt_rclpy_demo-0.0.0-py3.8.egg-info
running install_scripts
Installing listener script to /colcon_ws/install/packt_rclpy_demo/lib/packt_rclpy_demo
Installing talker script to /colcon_ws/install/packt_rclpy_demo/lib/packt_rclpy_demo
writing list of installed files to '/colcon_ws/build/packt_rclpy_demo/install.log'
