[0.540s] Invoking command in '/colcon_ws/src/packt_rclpy_demo': PYTHONPATH=/colcon_ws/install/packt_rclpy_demo/lib/python3.8/site-packages:${PYTHONPATH} /usr/bin/python3 setup.py egg_info --egg-base /colcon_ws/build/packt_rclpy_demo build --build-base /colcon_ws/build/packt_rclpy_demo/build install --prefix /colcon_ws/install/packt_rclpy_demo --record /colcon_ws/build/packt_rclpy_demo/install.log --single-version-externally-managed
[1.004s] running egg_info
[1.009s] creating /colcon_ws/build/packt_rclpy_demo/packt_rclpy_demo.egg-info
[1.028s] writing /colcon_ws/build/packt_rclpy_demo/packt_rclpy_demo.egg-info/PKG-INFO
[1.038s] writing dependency_links to /colcon_ws/build/packt_rclpy_demo/packt_rclpy_demo.egg-info/dependency_links.txt
[1.047s] writing entry points to /colcon_ws/build/packt_rclpy_demo/packt_rclpy_demo.egg-info/entry_points.txt
[1.053s] writing requirements to /colcon_ws/build/packt_rclpy_demo/packt_rclpy_demo.egg-info/requires.txt
[1.058s] writing top-level names to /colcon_ws/build/packt_rclpy_demo/packt_rclpy_demo.egg-info/top_level.txt
[1.070s] writing manifest file '/colcon_ws/build/packt_rclpy_demo/packt_rclpy_demo.egg-info/SOURCES.txt'
[1.165s] reading manifest file '/colcon_ws/build/packt_rclpy_demo/packt_rclpy_demo.egg-info/SOURCES.txt'
[1.190s] writing manifest file '/colcon_ws/build/packt_rclpy_demo/packt_rclpy_demo.egg-info/SOURCES.txt'
[1.195s] running build
[1.196s] running build_py
[1.202s] creating /colcon_ws/build/packt_rclpy_demo/build
[1.205s] creating /colcon_ws/build/packt_rclpy_demo/build/lib
[1.209s] creating /colcon_ws/build/packt_rclpy_demo/build/lib/packt_rclpy_demo
[1.216s] copying packt_rclpy_demo/__init__.py -> /colcon_ws/build/packt_rclpy_demo/build/lib/packt_rclpy_demo
[1.230s] copying packt_rclpy_demo/publisher.py -> /colcon_ws/build/packt_rclpy_demo/build/lib/packt_rclpy_demo
[1.242s] copying packt_rclpy_demo/subscriber.py -> /colcon_ws/build/packt_rclpy_demo/build/lib/packt_rclpy_demo
[1.271s] running install
[1.277s] running install_lib
[1.287s] creating /colcon_ws/install/packt_rclpy_demo/lib/python3.8/site-packages/packt_rclpy_demo
[1.297s] copying /colcon_ws/build/packt_rclpy_demo/build/lib/packt_rclpy_demo/publisher.py -> /colcon_ws/install/packt_rclpy_demo/lib/python3.8/site-packages/packt_rclpy_demo
[1.315s] copying /colcon_ws/build/packt_rclpy_demo/build/lib/packt_rclpy_demo/subscriber.py -> /colcon_ws/install/packt_rclpy_demo/lib/python3.8/site-packages/packt_rclpy_demo
[1.332s] copying /colcon_ws/build/packt_rclpy_demo/build/lib/packt_rclpy_demo/__init__.py -> /colcon_ws/install/packt_rclpy_demo/lib/python3.8/site-packages/packt_rclpy_demo
[1.350s] byte-compiling /colcon_ws/install/packt_rclpy_demo/lib/python3.8/site-packages/packt_rclpy_demo/publisher.py to publisher.cpython-38.pyc
[1.375s] byte-compiling /colcon_ws/install/packt_rclpy_demo/lib/python3.8/site-packages/packt_rclpy_demo/subscriber.py to subscriber.cpython-38.pyc
[1.395s] byte-compiling /colcon_ws/install/packt_rclpy_demo/lib/python3.8/site-packages/packt_rclpy_demo/__init__.py to __init__.cpython-38.pyc
[1.414s] running install_egg_info
[1.423s] Copying /colcon_ws/build/packt_rclpy_demo/packt_rclpy_demo.egg-info to /colcon_ws/install/packt_rclpy_demo/lib/python3.8/site-packages/packt_rclpy_demo-0.0.0-py3.8.egg-info
[1.547s] running install_scripts
[1.593s] Installing listener script to /colcon_ws/install/packt_rclpy_demo/lib/packt_rclpy_demo
[1.600s] Installing talker script to /colcon_ws/install/packt_rclpy_demo/lib/packt_rclpy_demo
[1.612s] writing list of installed files to '/colcon_ws/build/packt_rclpy_demo/install.log'
[1.652s] Invoked command in '/colcon_ws/src/packt_rclpy_demo' returned '0': PYTHONPATH=/colcon_ws/install/packt_rclpy_demo/lib/python3.8/site-packages:${PYTHONPATH} /usr/bin/python3 setup.py egg_info --egg-base /colcon_ws/build/packt_rclpy_demo build --build-base /colcon_ws/build/packt_rclpy_demo/build install --prefix /colcon_ws/install/packt_rclpy_demo --record /colcon_ws/build/packt_rclpy_demo/install.log --single-version-externally-managed
