[0.051s] Invoking command in '/colcon_ws/build/packt_rclcpp_demo': CMAKE_PREFIX_PATH=/opt/ros/foxy /usr/bin/cmake /colcon_ws/src/packt_rclcpp_demo -DCMAKE_INSTALL_PREFIX=/colcon_ws/install/packt_rclcpp_demo
[0.246s] -- The C compiler identification is GNU 9.3.0
[0.449s] -- The CXX compiler identification is GNU 9.3.0
[0.497s] -- Check for working C compiler: /usr/bin/cc
[0.954s] -- Check for working C compiler: /usr/bin/cc -- works
[0.962s] -- Detecting C compiler ABI info
[1.484s] -- Detecting C compiler ABI info - done
[1.551s] -- Detecting C compile features
[1.553s] -- Detecting C compile features - done
[1.617s] -- Check for working CXX compiler: /usr/bin/c++
[2.120s] -- Check for working CXX compiler: /usr/bin/c++ -- works
[2.129s] -- Detecting CXX compiler ABI info
[3.154s] -- Detecting CXX compiler ABI info - done
[3.219s] -- Detecting CXX compile features
[3.223s] -- Detecting CXX compile features - done
[3.281s] -- Found ament_cmake: 0.9.6 (/opt/ros/foxy/share/ament_cmake/cmake)
[3.334s] -- Found PythonInterp: /usr/bin/python3 (found suitable version "3.8.2", minimum required is "3") 
[3.338s] -- Using PYTHON_EXECUTABLE: /usr/bin/python3
[3.824s] -- Found rclcpp: 2.1.0 (/opt/ros/foxy/share/rclcpp/cmake)
[4.071s] -- Using all available rosidl_typesupport_c: rosidl_typesupport_fastrtps_c;rosidl_typesupport_introspection_c
[4.109s] -- Found rosidl_adapter: 1.0.1 (/opt/ros/foxy/share/rosidl_adapter/cmake)
[4.370s] -- Found OpenSSL: /usr/lib/x86_64-linux-gnu/libcrypto.so (found version "1.1.1f")  
[4.446s] -- Found FastRTPS: /opt/ros/foxy/include  
[4.690s] -- Using all available rosidl_typesupport_cpp: rosidl_typesupport_fastrtps_cpp;rosidl_typesupport_introspection_cpp
[4.893s] -- Found rmw_implementation_cmake: 1.0.1 (/opt/ros/foxy/share/rmw_implementation_cmake/cmake)
[4.909s] -- Using RMW implementation 'rmw_fastrtps_cpp' as default
[4.959s] -- Looking for pthread.h
[5.760s] -- Looking for pthread.h - found
[5.774s] -- Performing Test CMAKE_HAVE_LIBC_PTHREAD
[6.510s] -- Performing Test CMAKE_HAVE_LIBC_PTHREAD - Failed
[6.523s] -- Looking for pthread_create in pthreads
[7.261s] -- Looking for pthread_create in pthreads - not found
[7.270s] -- Looking for pthread_create in pthread
[8.111s] -- Looking for pthread_create in pthread - found
[8.128s] -- Found Threads: TRUE  
[8.636s] -- Found ament_lint_auto: 0.9.5 (/opt/ros/foxy/share/ament_lint_auto/cmake)
[9.054s] -- Added test 'copyright' to check source files copyright and LICENSE
[9.165s] -- Added test 'cppcheck' to perform static code analysis on C / C++ code
[9.168s] -- Configured cppcheck include dirs: 
[9.170s] -- Configured cppcheck exclude dirs and/or files: 
[9.270s] -- Added test 'cpplint' to check C / C++ code against the Google style
[9.272s] -- Configured cpplint exclude dirs and/or files: 
[9.316s] -- Added test 'lint_cmake' to check CMake code style
[9.452s] -- Added test 'uncrustify' to check C / C++ code style
[9.454s] -- Configured uncrustify additional arguments: 
[9.476s] -- Added test 'xmllint' to check XML markup files
[9.655s] -- Configuring done
[10.216s] -- Generating done
[10.311s] -- Build files have been written to: /colcon_ws/build/packt_rclcpp_demo
[10.321s] Invoked command in '/colcon_ws/build/packt_rclcpp_demo' returned '0': CMAKE_PREFIX_PATH=/opt/ros/foxy /usr/bin/cmake /colcon_ws/src/packt_rclcpp_demo -DCMAKE_INSTALL_PREFIX=/colcon_ws/install/packt_rclcpp_demo
[10.331s] Invoking command in '/colcon_ws/build/packt_rclcpp_demo': CMAKE_PREFIX_PATH=/opt/ros/foxy /usr/bin/cmake --build /colcon_ws/build/packt_rclcpp_demo -- -j1 -l1
[11.075s] Scanning dependencies of target listener
[11.135s] [ 25%] Building CXX object CMakeFiles/listener.dir/src/subscriber.cpp.o
[23.050s] [ 50%] Linking CXX executable listener
[26.607s] [ 50%] Built target listener
[27.128s] Scanning dependencies of target talker
[27.177s] [ 75%] Building CXX object CMakeFiles/talker.dir/src/publisher.cpp.o
[32.521s] [100%] Linking CXX executable talker
[34.004s] [100%] Built target talker
[34.517s] Invoked command in '/colcon_ws/build/packt_rclcpp_demo' returned '0': CMAKE_PREFIX_PATH=/opt/ros/foxy /usr/bin/cmake --build /colcon_ws/build/packt_rclcpp_demo -- -j1 -l1
[34.610s] Invoking command in '/colcon_ws/build/packt_rclcpp_demo': CMAKE_PREFIX_PATH=/opt/ros/foxy /usr/bin/cmake --install /colcon_ws/build/packt_rclcpp_demo
[34.642s] -- Install configuration: ""
[34.660s] -- Installing: /colcon_ws/install/packt_rclcpp_demo/lib/packt_rclcpp_demo/talker
[34.748s] -- Set runtime path of "/colcon_ws/install/packt_rclcpp_demo/lib/packt_rclcpp_demo/talker" to ""
[34.764s] -- Installing: /colcon_ws/install/packt_rclcpp_demo/lib/packt_rclcpp_demo/listener
[34.881s] -- Set runtime path of "/colcon_ws/install/packt_rclcpp_demo/lib/packt_rclcpp_demo/listener" to ""
[34.902s] -- Installing: /colcon_ws/install/packt_rclcpp_demo/share/ament_index/resource_index/package_run_dependencies/packt_rclcpp_demo
[34.966s] -- Installing: /colcon_ws/install/packt_rclcpp_demo/share/ament_index/resource_index/parent_prefix_path/packt_rclcpp_demo
[35.055s] -- Installing: /colcon_ws/install/packt_rclcpp_demo/share/packt_rclcpp_demo/environment/ament_prefix_path.sh
[35.097s] -- Installing: /colcon_ws/install/packt_rclcpp_demo/share/packt_rclcpp_demo/environment/ament_prefix_path.dsv
[35.136s] -- Installing: /colcon_ws/install/packt_rclcpp_demo/share/packt_rclcpp_demo/environment/path.sh
[35.177s] -- Installing: /colcon_ws/install/packt_rclcpp_demo/share/packt_rclcpp_demo/environment/path.dsv
[35.230s] -- Installing: /colcon_ws/install/packt_rclcpp_demo/share/packt_rclcpp_demo/local_setup.bash
[35.277s] -- Installing: /colcon_ws/install/packt_rclcpp_demo/share/packt_rclcpp_demo/local_setup.sh
[35.327s] -- Installing: /colcon_ws/install/packt_rclcpp_demo/share/packt_rclcpp_demo/local_setup.zsh
[35.384s] -- Installing: /colcon_ws/install/packt_rclcpp_demo/share/packt_rclcpp_demo/local_setup.dsv
[35.442s] -- Installing: /colcon_ws/install/packt_rclcpp_demo/share/packt_rclcpp_demo/package.dsv
[35.518s] -- Installing: /colcon_ws/install/packt_rclcpp_demo/share/ament_index/resource_index/packages/packt_rclcpp_demo
[35.609s] -- Installing: /colcon_ws/install/packt_rclcpp_demo/share/packt_rclcpp_demo/cmake/packt_rclcpp_demoConfig.cmake
[35.700s] -- Installing: /colcon_ws/install/packt_rclcpp_demo/share/packt_rclcpp_demo/cmake/packt_rclcpp_demoConfig-version.cmake
[35.823s] -- Installing: /colcon_ws/install/packt_rclcpp_demo/share/packt_rclcpp_demo/package.xml
[35.956s] Invoked command in '/colcon_ws/build/packt_rclcpp_demo' returned '0': CMAKE_PREFIX_PATH=/opt/ros/foxy /usr/bin/cmake --install /colcon_ws/build/packt_rclcpp_demo
