[0.074s] Invoking command in '/colcon_ws/build/packt_rclcpp_demo': CMAKE_PREFIX_PATH=${CMAKE_PREFIX_PATH}:/colcon_ws/install/packt_rclpy_demo:/colcon_ws/install/custom_executor:/opt/ros/foxy /usr/bin/cmake /colcon_ws/src/packt_rclcpp_demo -DCMAKE_INSTALL_PREFIX=/colcon_ws/install/packt_rclcpp_demo
[0.458s] -- The C compiler identification is GNU 9.3.0
[0.785s] -- The CXX compiler identification is GNU 9.3.0
[0.847s] -- Check for working C compiler: /usr/bin/cc
[1.584s] -- Check for working C compiler: /usr/bin/cc -- works
[1.591s] -- Detecting C compiler ABI info
[2.317s] -- Detecting C compiler ABI info - done
[2.365s] -- Detecting C compile features
[2.367s] -- Detecting C compile features - done
[2.409s] -- Check for working CXX compiler: /usr/bin/c++
[3.182s] -- Check for working CXX compiler: /usr/bin/c++ -- works
[3.190s] -- Detecting CXX compiler ABI info
[3.950s] -- Detecting CXX compiler ABI info - done
[3.999s] -- Detecting CXX compile features
[4.002s] -- Detecting CXX compile features - done
[4.111s] -- Found ament_cmake: 0.9.6 (/opt/ros/foxy/share/ament_cmake/cmake)
[4.289s] -- Found PythonInterp: /usr/bin/python3 (found suitable version "3.8.2", minimum required is "3") 
[4.291s] -- Using PYTHON_EXECUTABLE: /usr/bin/python3
[5.298s] -- Found rclcpp: 2.1.0 (/opt/ros/foxy/share/rclcpp/cmake)
[5.742s] -- Using all available rosidl_typesupport_c: rosidl_typesupport_fastrtps_c;rosidl_typesupport_introspection_c
[5.862s] -- Found rosidl_adapter: 1.0.1 (/opt/ros/foxy/share/rosidl_adapter/cmake)
[6.547s] -- Found OpenSSL: /usr/lib/x86_64-linux-gnu/libcrypto.so (found version "1.1.1f")  
[6.653s] -- Found FastRTPS: /opt/ros/foxy/include  
[7.238s] -- Using all available rosidl_typesupport_cpp: rosidl_typesupport_fastrtps_cpp;rosidl_typesupport_introspection_cpp
[7.751s] -- Found rmw_implementation_cmake: 1.0.1 (/opt/ros/foxy/share/rmw_implementation_cmake/cmake)
[7.761s] -- Using RMW implementation 'rmw_fastrtps_cpp' as default
[7.804s] -- Looking for pthread.h
[8.680s] -- Looking for pthread.h - found
[8.690s] -- Performing Test CMAKE_HAVE_LIBC_PTHREAD
[9.412s] -- Performing Test CMAKE_HAVE_LIBC_PTHREAD - Failed
[9.418s] -- Looking for pthread_create in pthreads
[10.100s] -- Looking for pthread_create in pthreads - not found
[10.107s] -- Looking for pthread_create in pthread
[10.823s] -- Looking for pthread_create in pthread - found
[10.831s] -- Found Threads: TRUE  
[11.479s] -- Found ament_lint_auto: 0.9.5 (/opt/ros/foxy/share/ament_lint_auto/cmake)
[12.164s] -- Added test 'copyright' to check source files copyright and LICENSE
[12.252s] -- Added test 'cppcheck' to perform static code analysis on C / C++ code
[12.253s] -- Configured cppcheck include dirs: 
[12.255s] -- Configured cppcheck exclude dirs and/or files: 
[12.344s] -- Added test 'cpplint' to check C / C++ code against the Google style
[12.346s] -- Configured cpplint exclude dirs and/or files: 
[12.383s] -- Added test 'lint_cmake' to check CMake code style
[12.474s] -- Added test 'uncrustify' to check C / C++ code style
[12.476s] -- Configured uncrustify additional arguments: 
[12.496s] -- Added test 'xmllint' to check XML markup files
[12.622s] -- Configuring done
[12.979s] -- Generating done
[13.052s] -- Build files have been written to: /colcon_ws/build/packt_rclcpp_demo
[13.060s] Invoked command in '/colcon_ws/build/packt_rclcpp_demo' returned '0': CMAKE_PREFIX_PATH=${CMAKE_PREFIX_PATH}:/colcon_ws/install/packt_rclpy_demo:/colcon_ws/install/custom_executor:/opt/ros/foxy /usr/bin/cmake /colcon_ws/src/packt_rclcpp_demo -DCMAKE_INSTALL_PREFIX=/colcon_ws/install/packt_rclcpp_demo
[13.068s] Invoking command in '/colcon_ws/build/packt_rclcpp_demo': CMAKE_PREFIX_PATH=${CMAKE_PREFIX_PATH}:/colcon_ws/install/packt_rclpy_demo:/colcon_ws/install/custom_executor:/opt/ros/foxy /usr/bin/cmake --build /colcon_ws/build/packt_rclcpp_demo -- -j1 -l1
[13.811s] Scanning dependencies of target listener
[13.936s] [ 25%] Building CXX object CMakeFiles/listener.dir/src/subscriber.cpp.o
[23.154s] [ 50%] Linking CXX executable listener
[26.974s] [ 50%] Built target listener
[27.461s] Scanning dependencies of target talker
[27.570s] [ 75%] Building CXX object CMakeFiles/talker.dir/src/publisher.cpp.o
[33.362s] [100%] Linking CXX executable talker
[35.026s] [100%] Built target talker
[35.113s] Invoked command in '/colcon_ws/build/packt_rclcpp_demo' returned '0': CMAKE_PREFIX_PATH=${CMAKE_PREFIX_PATH}:/colcon_ws/install/packt_rclpy_demo:/colcon_ws/install/custom_executor:/opt/ros/foxy /usr/bin/cmake --build /colcon_ws/build/packt_rclcpp_demo -- -j1 -l1
[35.429s] Invoking command in '/colcon_ws/build/packt_rclcpp_demo': CMAKE_PREFIX_PATH=${CMAKE_PREFIX_PATH}:/colcon_ws/install/packt_rclpy_demo:/colcon_ws/install/custom_executor:/opt/ros/foxy /usr/bin/cmake --install /colcon_ws/build/packt_rclcpp_demo
[35.497s] -- Install configuration: ""
[35.512s] -- Installing: /colcon_ws/install/packt_rclcpp_demo/lib/packt_rclcpp_demo/talker
[35.576s] -- Set runtime path of "/colcon_ws/install/packt_rclcpp_demo/lib/packt_rclcpp_demo/talker" to ""
[35.586s] -- Installing: /colcon_ws/install/packt_rclcpp_demo/lib/packt_rclcpp_demo/listener
[35.678s] -- Set runtime path of "/colcon_ws/install/packt_rclcpp_demo/lib/packt_rclcpp_demo/listener" to ""
[35.701s] -- Installing: /colcon_ws/install/packt_rclcpp_demo/share/ament_index/resource_index/package_run_dependencies/packt_rclcpp_demo
[35.758s] -- Installing: /colcon_ws/install/packt_rclcpp_demo/share/ament_index/resource_index/parent_prefix_path/packt_rclcpp_demo
[35.801s] -- Installing: /colcon_ws/install/packt_rclcpp_demo/share/packt_rclcpp_demo/environment/ament_prefix_path.sh
[35.832s] -- Installing: /colcon_ws/install/packt_rclcpp_demo/share/packt_rclcpp_demo/environment/ament_prefix_path.dsv
[35.865s] -- Installing: /colcon_ws/install/packt_rclcpp_demo/share/packt_rclcpp_demo/environment/path.sh
[35.896s] -- Installing: /colcon_ws/install/packt_rclcpp_demo/share/packt_rclcpp_demo/environment/path.dsv
[35.934s] -- Installing: /colcon_ws/install/packt_rclcpp_demo/share/packt_rclcpp_demo/local_setup.bash
[35.967s] -- Installing: /colcon_ws/install/packt_rclcpp_demo/share/packt_rclcpp_demo/local_setup.sh
[36.000s] -- Installing: /colcon_ws/install/packt_rclcpp_demo/share/packt_rclcpp_demo/local_setup.zsh
[36.034s] -- Installing: /colcon_ws/install/packt_rclcpp_demo/share/packt_rclcpp_demo/local_setup.dsv
[36.070s] -- Installing: /colcon_ws/install/packt_rclcpp_demo/share/packt_rclcpp_demo/package.dsv
[36.112s] -- Installing: /colcon_ws/install/packt_rclcpp_demo/share/ament_index/resource_index/packages/packt_rclcpp_demo
[36.158s] -- Installing: /colcon_ws/install/packt_rclcpp_demo/share/packt_rclcpp_demo/cmake/packt_rclcpp_demoConfig.cmake
[36.199s] -- Installing: /colcon_ws/install/packt_rclcpp_demo/share/packt_rclcpp_demo/cmake/packt_rclcpp_demoConfig-version.cmake
[36.233s] -- Installing: /colcon_ws/install/packt_rclcpp_demo/share/packt_rclcpp_demo/package.xml
[36.264s] Invoked command in '/colcon_ws/build/packt_rclcpp_demo' returned '0': CMAKE_PREFIX_PATH=${CMAKE_PREFIX_PATH}:/colcon_ws/install/packt_rclpy_demo:/colcon_ws/install/custom_executor:/opt/ros/foxy /usr/bin/cmake --install /colcon_ws/build/packt_rclcpp_demo
